

================================================================
== Synthesis Summary Report of 'sha256_acc'
================================================================
+ General Information: 
    * Date:           Tue Jan 27 00:56:57 2026
    * Version:        2022.2 (Build 3670227 on Oct 13 2022)
    * Project:        Blockchain_hardware_accelratoin
    * Solution:       solution1 (Vivado IP Flow Target)
    * Product family: zynq
    * Target device:  xc7z020-clg400-1
    

+ Performance & Resource Estimates: 
    
    PS: '+' for module; 'o' for loop; '*' for dataflow
    +----------------------------------------+------+-------+---------+-----------+----------+---------+------+----------+---------+----+-----------+-----------+-----+
    |                 Modules                | Issue|       | Latency |  Latency  | Iteration|         | Trip |          |         |    |           |           |     |
    |                 & Loops                | Type | Slack | (cycles)|    (ns)   |  Latency | Interval| Count| Pipelined|  BRAM   | DSP|     FF    |    LUT    | URAM|
    +----------------------------------------+------+-------+---------+-----------+----------+---------+------+----------+---------+----+-----------+-----------+-----+
    |+ sha256_acc                            |     -|   0.89|      222|  3.330e+03|         -|      223|     -|        no|  1 (~0%)|   -|  2587 (2%)|  3116 (5%)|    -|
    | + sha256_acc_Pipeline_VITIS_LOOP_15_1  |     -|   7.58|       18|    270.000|         -|       18|     -|        no|        -|   -|  519 (~0%)|   63 (~0%)|    -|
    |  o VITIS_LOOP_15_1                     |     -|  10.95|       16|    240.000|         1|        1|    16|       yes|        -|   -|          -|          -|    -|
    | + sha256_acc_Pipeline_VITIS_LOOP_21_2  |     -|   0.89|       50|    750.000|         -|       50|     -|        no|        -|   -|  1545 (1%)|  1375 (2%)|    -|
    |  o VITIS_LOOP_21_2                     |     -|  10.95|       48|    720.000|         1|        1|    48|       yes|        -|   -|          -|          -|    -|
    | + sha256_acc_Pipeline_VITIS_LOOP_30_3  |     -|   1.22|      131|  1.965e+03|         -|      131|     -|        no|  1 (~0%)|   -|  397 (~0%)|  1046 (1%)|    -|
    |  o VITIS_LOOP_30_3                     |     -|  10.95|      129|  1.935e+03|         3|        2|    64|       yes|        -|   -|          -|          -|    -|
    | + sha256_acc_Pipeline_VITIS_LOOP_40_4  |     -|   7.63|       10|    150.000|         -|       10|     -|        no|        -|   -|    8 (~0%)|   80 (~0%)|    -|
    |  o VITIS_LOOP_40_4                     |     -|  10.95|        8|    120.000|         2|        1|     8|       yes|        -|   -|          -|          -|    -|
    +----------------------------------------+------+-------+---------+-----------+----------+---------+------+----------+---------+----+-----------+-----------+-----+


================================================================
== HW Interfaces
================================================================
* S_AXILITE Interfaces
+-------------------+------------+---------------+
| Interface         | Data Width | Address Width |
+-------------------+------------+---------------+
| s_axi_CONTROL_BUS | 32         | 4             |
+-------------------+------------+---------------+

* S_AXILITE Registers
+-------------------+----------+--------+-------+--------+----------------------------------+----------------------------------------------------------------------+
| Interface         | Register | Offset | Width | Access | Description                      | Bit Fields                                                           |
+-------------------+----------+--------+-------+--------+----------------------------------+----------------------------------------------------------------------+
| s_axi_CONTROL_BUS | CTRL     | 0x00   | 32    | RW     | Control signals                  | 0=AP_START 1=AP_DONE 2=AP_IDLE 3=AP_READY 7=AUTO_RESTART 9=INTERRUPT |
| s_axi_CONTROL_BUS | GIER     | 0x04   | 32    | RW     | Global Interrupt Enable Register | 0=Enable                                                             |
| s_axi_CONTROL_BUS | IP_IER   | 0x08   | 32    | RW     | IP Interrupt Enable Register     | 0=CHAN0_INT_EN 1=CHAN1_INT_EN                                        |
| s_axi_CONTROL_BUS | IP_ISR   | 0x0c   | 32    | RW     | IP Interrupt Status Register     | 0=CHAN0_INT_ST 1=CHAN1_INT_ST                                        |
+-------------------+----------+--------+-------+--------+----------------------------------+----------------------------------------------------------------------+

* AXIS
+------------+---------------+-------+-------+-------+--------+-------+--------+
| Interface  | Register Mode | TDATA | TKEEP | TLAST | TREADY | TSTRB | TVALID |
+------------+---------------+-------+-------+-------+--------+-------+--------+
| in_stream  | both          | 32    |       |       | 1      |       | 1      |
| out_stream | both          | 32    | 4     | 1     | 1      | 4     | 1      |
+------------+---------------+-------+-------+-------+--------+-------+--------+

* TOP LEVEL CONTROL
+-----------+------------+-----------+
| Interface | Type       | Ports     |
+-----------+------------+-----------+
| ap_clk    | clock      | ap_clk    |
| ap_rst_n  | reset      | ap_rst_n  |
| interrupt | interrupt  | interrupt |
| ap_ctrl   | ap_ctrl_hs |           |
+-----------+------------+-----------+


================================================================
== SW I/O Information
================================================================
* Top Function Arguments
+------------+-----------+---------------------------------------------+
| Argument   | Direction | Datatype                                    |
+------------+-----------+---------------------------------------------+
| in_stream  | in        | stream<ap_uint<32>, 0>&                     |
| out_stream | out       | stream<hls::axis<ap_uint<32>, 0, 0, 0>, 0>& |
+------------+-----------+---------------------------------------------+

* SW-to-HW Mapping
+------------+--------------+-----------+
| Argument   | HW Interface | HW Type   |
+------------+--------------+-----------+
| in_stream  | in_stream    | interface |
| out_stream | out_stream   | interface |
+------------+--------------+-----------+


================================================================
== Bind Op Report
================================================================
+----------------------------------------+-----+--------+-------------+-----+--------+---------+
| Name                                   | DSP | Pragma | Variable    | Op  | Impl   | Latency |
+----------------------------------------+-----+--------+-------------+-----+--------+---------+
| + sha256_acc                           | 0   |        |             |     |        |         |
|   add_ln186_3_fu_892_p2                | -   |        | add_ln186_3 | add | fabric | 0       |
|   add_ln186_4_fu_899_p2                | -   |        | add_ln186_4 | add | fabric | 0       |
|   add_ln186_5_fu_912_p2                | -   |        | add_ln186_5 | add | fabric | 0       |
|   add_ln186_6_fu_919_p2                | -   |        | add_ln186_6 | add | fabric | 0       |
|   add_ln186_7_fu_932_p2                | -   |        | add_ln186_7 | add | fabric | 0       |
|   add_ln186_fu_939_p2                  | -   |        | add_ln186   | add | fabric | 0       |
|   add_ln186_8_fu_952_p2                | -   |        | add_ln186_8 | add | fabric | 0       |
|   add_ln186_9_fu_959_p2                | -   |        | add_ln186_9 | add | fabric | 0       |
|  + sha256_acc_Pipeline_VITIS_LOOP_15_1 | 0   |        |             |     |        |         |
|    add_ln15_fu_298_p2                  | -   |        | add_ln15    | add | fabric | 0       |
|  + sha256_acc_Pipeline_VITIS_LOOP_21_2 | 0   |        |             |     |        |         |
|    add_ln186_fu_1754_p2                | -   |        | add_ln186   | add | fabric | 0       |
|    add_ln21_fu_2006_p2                 | -   |        | add_ln21    | add | fabric | 0       |
|  + sha256_acc_Pipeline_VITIS_LOOP_30_3 | 0   |        |             |     |        |         |
|    add_ln30_fu_775_p2                  | -   |        | add_ln30    | add | fabric | 0       |
|    e_V_fu_1190_p2                      | -   |        | e_V         | add | fabric | 0       |
|  + sha256_acc_Pipeline_VITIS_LOOP_40_4 | 0   |        |             |     |        |         |
|    add_ln40_fu_106_p2                  | -   |        | add_ln40    | add | fabric | 0       |
+----------------------------------------+-----+--------+-------------+-----+--------+---------+


================================================================
== Bind Storage Report
================================================================
+----------------------------------------+------+------+--------+----------+---------+------+---------+
| Name                                   | BRAM | URAM | Pragma | Variable | Storage | Impl | Latency |
+----------------------------------------+------+------+--------+----------+---------+------+---------+
| + sha256_acc                           | 1    | 0    |        |          |         |      |         |
|   res_V_U                              | -    | -    |        | res_V    | ram_t2p | auto | 1       |
|  + sha256_acc_Pipeline_VITIS_LOOP_30_3 | 1    | 0    |        |          |         |      |         |
|    k_V_U                               | 1    | -    |        | k_V      | rom_1p  | auto | 1       |
+----------------------------------------+------+------+--------+----------+---------+------+---------+


================================================================
== Pragma Report
================================================================
* Valid Pragma Syntax
+-----------------+------------------------------------------+----------------------------------------+
| Type            | Options                                  | Location                               |
+-----------------+------------------------------------------+----------------------------------------+
| interface       | axis port=in_stream                      | sha256.cpp:4 in sha256_acc, in_stream  |
| interface       | axis port=out_stream                     | sha256.cpp:5 in sha256_acc, out_stream |
| interface       | s_axilite port=return bundle=CONTROL_BUS | sha256.cpp:6 in sha256_acc, return     |
| array_partition | variable=w complete                      | sha256.cpp:9 in sha256_acc, w          |
| pipeline        | II=1                                     | sha256.cpp:16 in sha256_acc            |
| pipeline        | II=2                                     | sha256.cpp:22 in sha256_acc            |
| pipeline        | II=2                                     | sha256.cpp:31 in sha256_acc            |
| pipeline        | II=1                                     | sha256.cpp:41 in sha256_acc            |
+-----------------+------------------------------------------+----------------------------------------+


