

================================================================
== Vitis HLS Report for 'sha256_acc_Pipeline_VITIS_LOOP_21_2'
================================================================
* Date:           Tue Jan 27 00:56:55 2026

* Version:        2022.2 (Build 3670227 on Oct 13 2022)
* Project:        Blockchain_hardware_accelratoin
* Solution:       solution1 (Vivado IP Flow Target)
* Product family: zynq
* Target device:  xc7z020-clg400-1


================================================================
== Performance Estimates
================================================================
+ Timing: 
    * Summary: 
    +--------+----------+-----------+------------+
    |  Clock |  Target  | Estimated | Uncertainty|
    +--------+----------+-----------+------------+
    |ap_clk  |  15.00 ns|  10.059 ns|     4.05 ns|
    +--------+----------+-----------+------------+

+ Latency: 
    * Summary: 
    +---------+---------+----------+----------+-----+-----+---------+
    |  Latency (cycles) |  Latency (absolute) |  Interval | Pipeline|
    |   min   |   max   |    min   |    max   | min | max |   Type  |
    +---------+---------+----------+----------+-----+-----+---------+
    |       50|       50|  0.750 us|  0.750 us|   50|   50|       no|
    +---------+---------+----------+----------+-----+-----+---------+

    + Detail: 
        * Instance: 
        N/A

        * Loop: 
        +-------------------+---------+---------+----------+-----------+-----------+------+----------+
        |                   |  Latency (cycles) | Iteration|  Initiation Interval  | Trip |          |
        |     Loop Name     |   min   |   max   |  Latency |  achieved |   target  | Count| Pipelined|
        +-------------------+---------+---------+----------+-----------+-----------+------+----------+
        |- VITIS_LOOP_21_2  |       48|       48|         1|          1|          2|    48|       yes|
        +-------------------+---------+---------+----------+-----------+-----------+------+----------+



================================================================
== Utilization Estimates
================================================================
* Summary: 
+-----------------+---------+-----+--------+-------+-----+
|       Name      | BRAM_18K| DSP |   FF   |  LUT  | URAM|
+-----------------+---------+-----+--------+-------+-----+
|DSP              |        -|    -|       -|      -|    -|
|Expression       |        -|    -|       0|    256|    -|
|FIFO             |        -|    -|       -|      -|    -|
|Instance         |        -|    -|       0|   1092|    -|
|Memory           |        -|    -|       -|      -|    -|
|Multiplexer      |        -|    -|       -|     27|    -|
|Register         |        -|    -|    1545|      -|    -|
+-----------------+---------+-----+--------+-------+-----+
|Total            |        0|    0|    1545|   1375|    0|
+-----------------+---------+-----+--------+-------+-----+
|Available        |      280|  220|  106400|  53200|    0|
+-----------------+---------+-----+--------+-------+-----+
|Utilization (%)  |        0|    0|       1|      2|    0|
+-----------------+---------+-----+--------+-------+-----+

+ Detail: 
    * Instance: 
    +--------------------+----------------+---------+----+---+-----+-----+
    |      Instance      |     Module     | BRAM_18K| DSP| FF| LUT | URAM|
    +--------------------+----------------+---------+----+---+-----+-----+
    |mux_646_32_1_1_U18  |mux_646_32_1_1  |        0|   0|  0|  273|    0|
    |mux_646_32_1_1_U19  |mux_646_32_1_1  |        0|   0|  0|  273|    0|
    |mux_646_32_1_1_U20  |mux_646_32_1_1  |        0|   0|  0|  273|    0|
    |mux_646_32_1_1_U21  |mux_646_32_1_1  |        0|   0|  0|  273|    0|
    +--------------------+----------------+---------+----+---+-----+-----+
    |Total               |                |        0|   0|  0| 1092|    0|
    +--------------------+----------------+---------+----+---+-----+-----+

    * DSP: 
    N/A

    * Memory: 
    N/A

    * FIFO: 
    N/A

    * Expression: 
    +-------------------------+----------+----+---+----+------------+------------+
    |      Variable Name      | Operation| DSP| FF| LUT| Bitwidth P0| Bitwidth P1|
    +-------------------------+----------+----+---+----+------------+------------+
    |add_ln186_1_fu_1748_p2   |         +|   0|  0|  32|          32|          32|
    |add_ln186_fu_1754_p2     |         +|   0|  0|  39|          32|          32|
    |add_ln21_fu_2006_p2      |         +|   0|  0|  14|           7|           1|
    |w_V_48_fu_1760_p2        |         +|   0|  0|  32|          32|          32|
    |icmp_ln21_fu_924_p2      |      icmp|   0|  0|  11|           7|           8|
    |ret_V_28_fu_1608_p2      |       xor|   0|  0|  32|          32|          32|
    |ret_V_fu_1270_p2         |       xor|   0|  0|  32|          32|          32|
    |xor_ln1499_2_fu_1602_p2  |       xor|   0|  0|  32|          32|          32|
    |xor_ln1499_fu_1264_p2    |       xor|   0|  0|  32|          32|          32|
    +-------------------------+----------+----+---+----+------------+------------+
    |Total                    |          |   0|  0| 256|         238|         233|
    +-------------------------+----------+----+---+----+------------+------------+

    * Multiplexer: 
    +--------------------+----+-----------+-----+-----------+
    |        Name        | LUT| Input Size| Bits| Total Bits|
    +--------------------+----+-----------+-----+-----------+
    |ap_done_int         |   9|          2|    1|          2|
    |ap_sig_allocacmp_i  |   9|          2|    7|         14|
    |i_1_fu_288          |   9|          2|    7|         14|
    +--------------------+----+-----------+-----+-----------+
    |Total               |  27|          6|   15|         30|
    +--------------------+----+-----------+-----+-----------+

    * Register: 
    +---------------+----+----+-----+-----------+
    |      Name     | FF | LUT| Bits| Const Bits|
    +---------------+----+----+-----+-----------+
    |ap_CS_fsm      |   1|   0|    1|          0|
    |ap_done_reg    |   1|   0|    1|          0|
    |i_1_fu_288     |   7|   0|    7|          0|
    |w_V_10_fu_332  |  32|   0|   32|          0|
    |w_V_11_fu_336  |  32|   0|   32|          0|
    |w_V_12_fu_340  |  32|   0|   32|          0|
    |w_V_13_fu_344  |  32|   0|   32|          0|
    |w_V_14_fu_348  |  32|   0|   32|          0|
    |w_V_15_fu_352  |  32|   0|   32|          0|
    |w_V_16_fu_356  |  32|   0|   32|          0|
    |w_V_17_fu_360  |  32|   0|   32|          0|
    |w_V_18_fu_364  |  32|   0|   32|          0|
    |w_V_19_fu_368  |  32|   0|   32|          0|
    |w_V_1_fu_296   |  32|   0|   32|          0|
    |w_V_20_fu_372  |  32|   0|   32|          0|
    |w_V_21_fu_376  |  32|   0|   32|          0|
    |w_V_22_fu_380  |  32|   0|   32|          0|
    |w_V_23_fu_384  |  32|   0|   32|          0|
    |w_V_24_fu_388  |  32|   0|   32|          0|
    |w_V_25_fu_392  |  32|   0|   32|          0|
    |w_V_26_fu_396  |  32|   0|   32|          0|
    |w_V_27_fu_400  |  32|   0|   32|          0|
    |w_V_28_fu_404  |  32|   0|   32|          0|
    |w_V_29_fu_408  |  32|   0|   32|          0|
    |w_V_2_fu_300   |  32|   0|   32|          0|
    |w_V_30_fu_412  |  32|   0|   32|          0|
    |w_V_31_fu_416  |  32|   0|   32|          0|
    |w_V_32_fu_420  |  32|   0|   32|          0|
    |w_V_33_fu_424  |  32|   0|   32|          0|
    |w_V_34_fu_428  |  32|   0|   32|          0|
    |w_V_35_fu_432  |  32|   0|   32|          0|
    |w_V_36_fu_436  |  32|   0|   32|          0|
    |w_V_37_fu_440  |  32|   0|   32|          0|
    |w_V_38_fu_444  |  32|   0|   32|          0|
    |w_V_39_fu_448  |  32|   0|   32|          0|
    |w_V_3_fu_304   |  32|   0|   32|          0|
    |w_V_40_fu_452  |  32|   0|   32|          0|
    |w_V_41_fu_456  |  32|   0|   32|          0|
    |w_V_42_fu_460  |  32|   0|   32|          0|
    |w_V_43_fu_464  |  32|   0|   32|          0|
    |w_V_44_fu_468  |  32|   0|   32|          0|
    |w_V_45_fu_472  |  32|   0|   32|          0|
    |w_V_46_fu_476  |  32|   0|   32|          0|
    |w_V_47_fu_480  |  32|   0|   32|          0|
    |w_V_4_fu_308   |  32|   0|   32|          0|
    |w_V_5_fu_312   |  32|   0|   32|          0|
    |w_V_6_fu_316   |  32|   0|   32|          0|
    |w_V_7_fu_320   |  32|   0|   32|          0|
    |w_V_8_fu_324   |  32|   0|   32|          0|
    |w_V_9_fu_328   |  32|   0|   32|          0|
    |w_V_fu_292     |  32|   0|   32|          0|
    +---------------+----+----+-----+-----------+
    |Total          |1545|   0| 1545|          0|
    +---------------+----+----+-----+-----------+



================================================================
== Interface
================================================================
* Summary: 
+-------------------+-----+-----+------------+-------------------------------------+--------------+
|     RTL Ports     | Dir | Bits|  Protocol  |            Source Object            |    C Type    |
+-------------------+-----+-----+------------+-------------------------------------+--------------+
|ap_clk             |   in|    1|  ap_ctrl_hs|  sha256_acc_Pipeline_VITIS_LOOP_21_2|  return value|
|ap_rst             |   in|    1|  ap_ctrl_hs|  sha256_acc_Pipeline_VITIS_LOOP_21_2|  return value|
|ap_start           |   in|    1|  ap_ctrl_hs|  sha256_acc_Pipeline_VITIS_LOOP_21_2|  return value|
|ap_done            |  out|    1|  ap_ctrl_hs|  sha256_acc_Pipeline_VITIS_LOOP_21_2|  return value|
|ap_idle            |  out|    1|  ap_ctrl_hs|  sha256_acc_Pipeline_VITIS_LOOP_21_2|  return value|
|ap_ready           |  out|    1|  ap_ctrl_hs|  sha256_acc_Pipeline_VITIS_LOOP_21_2|  return value|
|w_V_14_reload      |   in|   32|     ap_none|                        w_V_14_reload|        scalar|
|w_V_15_reload      |   in|   32|     ap_none|                        w_V_15_reload|        scalar|
|w_V_9_reload       |   in|   32|     ap_none|                         w_V_9_reload|        scalar|
|w_V_10_reload      |   in|   32|     ap_none|                        w_V_10_reload|        scalar|
|w_V_11_reload      |   in|   32|     ap_none|                        w_V_11_reload|        scalar|
|w_V_12_reload      |   in|   32|     ap_none|                        w_V_12_reload|        scalar|
|w_V_13_reload      |   in|   32|     ap_none|                        w_V_13_reload|        scalar|
|w_V_1_reload       |   in|   32|     ap_none|                         w_V_1_reload|        scalar|
|w_V_2_reload       |   in|   32|     ap_none|                         w_V_2_reload|        scalar|
|w_V_3_reload       |   in|   32|     ap_none|                         w_V_3_reload|        scalar|
|w_V_4_reload       |   in|   32|     ap_none|                         w_V_4_reload|        scalar|
|w_V_5_reload       |   in|   32|     ap_none|                         w_V_5_reload|        scalar|
|w_V_6_reload       |   in|   32|     ap_none|                         w_V_6_reload|        scalar|
|w_V_7_reload       |   in|   32|     ap_none|                         w_V_7_reload|        scalar|
|w_V_8_reload       |   in|   32|     ap_none|                         w_V_8_reload|        scalar|
|w_V_reload         |   in|   32|     ap_none|                           w_V_reload|        scalar|
|w_V_80_out         |  out|   32|      ap_vld|                           w_V_80_out|       pointer|
|w_V_80_out_ap_vld  |  out|    1|      ap_vld|                           w_V_80_out|       pointer|
|w_V_79_out         |  out|   32|      ap_vld|                           w_V_79_out|       pointer|
|w_V_79_out_ap_vld  |  out|    1|      ap_vld|                           w_V_79_out|       pointer|
|w_V_78_out         |  out|   32|      ap_vld|                           w_V_78_out|       pointer|
|w_V_78_out_ap_vld  |  out|    1|      ap_vld|                           w_V_78_out|       pointer|
|w_V_77_out         |  out|   32|      ap_vld|                           w_V_77_out|       pointer|
|w_V_77_out_ap_vld  |  out|    1|      ap_vld|                           w_V_77_out|       pointer|
|w_V_76_out         |  out|   32|      ap_vld|                           w_V_76_out|       pointer|
|w_V_76_out_ap_vld  |  out|    1|      ap_vld|                           w_V_76_out|       pointer|
|w_V_75_out         |  out|   32|      ap_vld|                           w_V_75_out|       pointer|
|w_V_75_out_ap_vld  |  out|    1|      ap_vld|                           w_V_75_out|       pointer|
|w_V_74_out         |  out|   32|      ap_vld|                           w_V_74_out|       pointer|
|w_V_74_out_ap_vld  |  out|    1|      ap_vld|                           w_V_74_out|       pointer|
|w_V_73_out         |  out|   32|      ap_vld|                           w_V_73_out|       pointer|
|w_V_73_out_ap_vld  |  out|    1|      ap_vld|                           w_V_73_out|       pointer|
|w_V_72_out         |  out|   32|      ap_vld|                           w_V_72_out|       pointer|
|w_V_72_out_ap_vld  |  out|    1|      ap_vld|                           w_V_72_out|       pointer|
|w_V_71_out         |  out|   32|      ap_vld|                           w_V_71_out|       pointer|
|w_V_71_out_ap_vld  |  out|    1|      ap_vld|                           w_V_71_out|       pointer|
|w_V_70_out         |  out|   32|      ap_vld|                           w_V_70_out|       pointer|
|w_V_70_out_ap_vld  |  out|    1|      ap_vld|                           w_V_70_out|       pointer|
|w_V_69_out         |  out|   32|      ap_vld|                           w_V_69_out|       pointer|
|w_V_69_out_ap_vld  |  out|    1|      ap_vld|                           w_V_69_out|       pointer|
|w_V_68_out         |  out|   32|      ap_vld|                           w_V_68_out|       pointer|
|w_V_68_out_ap_vld  |  out|    1|      ap_vld|                           w_V_68_out|       pointer|
|w_V_67_out         |  out|   32|      ap_vld|                           w_V_67_out|       pointer|
|w_V_67_out_ap_vld  |  out|    1|      ap_vld|                           w_V_67_out|       pointer|
|w_V_66_out         |  out|   32|      ap_vld|                           w_V_66_out|       pointer|
|w_V_66_out_ap_vld  |  out|    1|      ap_vld|                           w_V_66_out|       pointer|
|w_V_65_out         |  out|   32|      ap_vld|                           w_V_65_out|       pointer|
|w_V_65_out_ap_vld  |  out|    1|      ap_vld|                           w_V_65_out|       pointer|
|w_V_64_out         |  out|   32|      ap_vld|                           w_V_64_out|       pointer|
|w_V_64_out_ap_vld  |  out|    1|      ap_vld|                           w_V_64_out|       pointer|
|w_V_63_out         |  out|   32|      ap_vld|                           w_V_63_out|       pointer|
|w_V_63_out_ap_vld  |  out|    1|      ap_vld|                           w_V_63_out|       pointer|
|w_V_62_out         |  out|   32|      ap_vld|                           w_V_62_out|       pointer|
|w_V_62_out_ap_vld  |  out|    1|      ap_vld|                           w_V_62_out|       pointer|
|w_V_61_out         |  out|   32|      ap_vld|                           w_V_61_out|       pointer|
|w_V_61_out_ap_vld  |  out|    1|      ap_vld|                           w_V_61_out|       pointer|
|w_V_60_out         |  out|   32|      ap_vld|                           w_V_60_out|       pointer|
|w_V_60_out_ap_vld  |  out|    1|      ap_vld|                           w_V_60_out|       pointer|
|w_V_59_out         |  out|   32|      ap_vld|                           w_V_59_out|       pointer|
|w_V_59_out_ap_vld  |  out|    1|      ap_vld|                           w_V_59_out|       pointer|
|w_V_58_out         |  out|   32|      ap_vld|                           w_V_58_out|       pointer|
|w_V_58_out_ap_vld  |  out|    1|      ap_vld|                           w_V_58_out|       pointer|
|w_V_57_out         |  out|   32|      ap_vld|                           w_V_57_out|       pointer|
|w_V_57_out_ap_vld  |  out|    1|      ap_vld|                           w_V_57_out|       pointer|
|w_V_56_out         |  out|   32|      ap_vld|                           w_V_56_out|       pointer|
|w_V_56_out_ap_vld  |  out|    1|      ap_vld|                           w_V_56_out|       pointer|
|w_V_55_out         |  out|   32|      ap_vld|                           w_V_55_out|       pointer|
|w_V_55_out_ap_vld  |  out|    1|      ap_vld|                           w_V_55_out|       pointer|
|w_V_54_out         |  out|   32|      ap_vld|                           w_V_54_out|       pointer|
|w_V_54_out_ap_vld  |  out|    1|      ap_vld|                           w_V_54_out|       pointer|
|w_V_53_out         |  out|   32|      ap_vld|                           w_V_53_out|       pointer|
|w_V_53_out_ap_vld  |  out|    1|      ap_vld|                           w_V_53_out|       pointer|
|w_V_52_out         |  out|   32|      ap_vld|                           w_V_52_out|       pointer|
|w_V_52_out_ap_vld  |  out|    1|      ap_vld|                           w_V_52_out|       pointer|
|w_V_51_out         |  out|   32|      ap_vld|                           w_V_51_out|       pointer|
|w_V_51_out_ap_vld  |  out|    1|      ap_vld|                           w_V_51_out|       pointer|
|w_V_50_out         |  out|   32|      ap_vld|                           w_V_50_out|       pointer|
|w_V_50_out_ap_vld  |  out|    1|      ap_vld|                           w_V_50_out|       pointer|
|w_V_49_out         |  out|   32|      ap_vld|                           w_V_49_out|       pointer|
|w_V_49_out_ap_vld  |  out|    1|      ap_vld|                           w_V_49_out|       pointer|
|w_V_48_out         |  out|   32|      ap_vld|                           w_V_48_out|       pointer|
|w_V_48_out_ap_vld  |  out|    1|      ap_vld|                           w_V_48_out|       pointer|
|w_V_47_out         |  out|   32|      ap_vld|                           w_V_47_out|       pointer|
|w_V_47_out_ap_vld  |  out|    1|      ap_vld|                           w_V_47_out|       pointer|
|w_V_46_out         |  out|   32|      ap_vld|                           w_V_46_out|       pointer|
|w_V_46_out_ap_vld  |  out|    1|      ap_vld|                           w_V_46_out|       pointer|
|w_V_45_out         |  out|   32|      ap_vld|                           w_V_45_out|       pointer|
|w_V_45_out_ap_vld  |  out|    1|      ap_vld|                           w_V_45_out|       pointer|
|w_V_44_out         |  out|   32|      ap_vld|                           w_V_44_out|       pointer|
|w_V_44_out_ap_vld  |  out|    1|      ap_vld|                           w_V_44_out|       pointer|
|w_V_43_out         |  out|   32|      ap_vld|                           w_V_43_out|       pointer|
|w_V_43_out_ap_vld  |  out|    1|      ap_vld|                           w_V_43_out|       pointer|
|w_V_42_out         |  out|   32|      ap_vld|                           w_V_42_out|       pointer|
|w_V_42_out_ap_vld  |  out|    1|      ap_vld|                           w_V_42_out|       pointer|
|w_V_41_out         |  out|   32|      ap_vld|                           w_V_41_out|       pointer|
|w_V_41_out_ap_vld  |  out|    1|      ap_vld|                           w_V_41_out|       pointer|
|w_V_40_out         |  out|   32|      ap_vld|                           w_V_40_out|       pointer|
|w_V_40_out_ap_vld  |  out|    1|      ap_vld|                           w_V_40_out|       pointer|
|w_V_39_out         |  out|   32|      ap_vld|                           w_V_39_out|       pointer|
|w_V_39_out_ap_vld  |  out|    1|      ap_vld|                           w_V_39_out|       pointer|
|w_V_38_out         |  out|   32|      ap_vld|                           w_V_38_out|       pointer|
|w_V_38_out_ap_vld  |  out|    1|      ap_vld|                           w_V_38_out|       pointer|
|w_V_37_out         |  out|   32|      ap_vld|                           w_V_37_out|       pointer|
|w_V_37_out_ap_vld  |  out|    1|      ap_vld|                           w_V_37_out|       pointer|
|w_V_36_out         |  out|   32|      ap_vld|                           w_V_36_out|       pointer|
|w_V_36_out_ap_vld  |  out|    1|      ap_vld|                           w_V_36_out|       pointer|
|w_V_35_out         |  out|   32|      ap_vld|                           w_V_35_out|       pointer|
|w_V_35_out_ap_vld  |  out|    1|      ap_vld|                           w_V_35_out|       pointer|
|w_V_34_out         |  out|   32|      ap_vld|                           w_V_34_out|       pointer|
|w_V_34_out_ap_vld  |  out|    1|      ap_vld|                           w_V_34_out|       pointer|
|w_V_33_out         |  out|   32|      ap_vld|                           w_V_33_out|       pointer|
|w_V_33_out_ap_vld  |  out|    1|      ap_vld|                           w_V_33_out|       pointer|
+-------------------+-----+-----+------------+-------------------------------------+--------------+

