

================================================================
== Vitis HLS Report for 'sha256_acc_Pipeline_VITIS_LOOP_40_4'
================================================================
* Date:           Tue Jan 27 00:56:56 2026

* Version:        2022.2 (Build 3670227 on Oct 13 2022)
* Project:        Blockchain_hardware_accelratoin
* Solution:       solution1 (Vivado IP Flow Target)
* Product family: zynq
* Target device:  xc7z020-clg400-1


================================================================
== Performance Estimates
================================================================
+ Timing: 
    * Summary: 
    +--------+----------+----------+------------+
    |  Clock |  Target  | Estimated| Uncertainty|
    +--------+----------+----------+------------+
    |ap_clk  |  15.00 ns|  3.323 ns|     4.05 ns|
    +--------+----------+----------+------------+

+ Latency: 
    * Summary: 
    +---------+---------+----------+----------+-----+-----+---------+
    |  Latency (cycles) |  Latency (absolute) |  Interval | Pipeline|
    |   min   |   max   |    min   |    max   | min | max |   Type  |
    +---------+---------+----------+----------+-----+-----+---------+
    |       10|       10|  0.150 us|  0.150 us|   10|   10|       no|
    +---------+---------+----------+----------+-----+-----+---------+

    + Detail: 
        * Instance: 
        N/A

        * Loop: 
        +-------------------+---------+---------+----------+-----------+-----------+------+----------+
        |                   |  Latency (cycles) | Iteration|  Initiation Interval  | Trip |          |
        |     Loop Name     |   min   |   max   |  Latency |  achieved |   target  | Count| Pipelined|
        +-------------------+---------+---------+----------+-----------+-----------+------+----------+
        |- VITIS_LOOP_40_4  |        8|        8|         2|          1|          1|     8|       yes|
        +-------------------+---------+---------+----------+-----------+-----------+------+----------+



================================================================
== Utilization Estimates
================================================================
* Summary: 
+-----------------+---------+-----+--------+-------+-----+
|       Name      | BRAM_18K| DSP |   FF   |  LUT  | URAM|
+-----------------+---------+-----+--------+-------+-----+
|DSP              |        -|    -|       -|      -|    -|
|Expression       |        -|    -|       0|     35|    -|
|FIFO             |        -|    -|       -|      -|    -|
|Instance         |        -|    -|       -|      -|    -|
|Memory           |        -|    -|       -|      -|    -|
|Multiplexer      |        -|    -|       -|     45|    -|
|Register         |        -|    -|       8|      -|    -|
+-----------------+---------+-----+--------+-------+-----+
|Total            |        0|    0|       8|     80|    0|
+-----------------+---------+-----+--------+-------+-----+
|Available        |      280|  220|  106400|  53200|    0|
+-----------------+---------+-----+--------+-------+-----+
|Utilization (%)  |        0|    0|      ~0|     ~0|    0|
+-----------------+---------+-----+--------+-------+-----+

+ Detail: 
    * Instance: 
    N/A

    * DSP: 
    N/A

    * Memory: 
    N/A

    * FIFO: 
    N/A

    * Expression: 
    +---------------------------+----------+----+---+----+------------+------------+
    |       Variable Name       | Operation| DSP| FF| LUT| Bitwidth P0| Bitwidth P1|
    +---------------------------+----------+----+---+----+------------+------------+
    |add_ln40_fu_106_p2         |         +|   0|  0|  13|           4|           1|
    |ap_block_pp0_stage0_01001  |       and|   0|  0|   2|           1|           1|
    |icmp_ln40_fu_100_p2        |      icmp|   0|  0|   9|           4|           5|
    |p_last_V_fu_117_p2         |      icmp|   0|  0|   9|           4|           3|
    |ap_enable_pp0              |       xor|   0|  0|   2|           1|           2|
    +---------------------------+----------+----+---+----+------------+------------+
    |Total                      |          |   0|  0|  35|          14|          12|
    +---------------------------+----------+----+---+----+------------+------------+

    * Multiplexer: 
    +-------------------------+----+-----------+-----+-----------+
    |           Name          | LUT| Input Size| Bits| Total Bits|
    +-------------------------+----+-----------+-----+-----------+
    |ap_done_int              |   9|          2|    1|          2|
    |ap_enable_reg_pp0_iter1  |   9|          2|    1|          2|
    |ap_sig_allocacmp_j_1     |   9|          2|    4|          8|
    |j_fu_56                  |   9|          2|    4|          8|
    |out_stream_TDATA_blk_n   |   9|          2|    1|          2|
    +-------------------------+----+-----------+-----+-----------+
    |Total                    |  45|         10|   11|         22|
    +-------------------------+----+-----------+-----+-----------+

    * Register: 
    +-------------------------+---+----+-----+-----------+
    |           Name          | FF| LUT| Bits| Const Bits|
    +-------------------------+---+----+-----+-----------+
    |ap_CS_fsm                |  1|   0|    1|          0|
    |ap_done_reg              |  1|   0|    1|          0|
    |ap_enable_reg_pp0_iter1  |  1|   0|    1|          0|
    |j_fu_56                  |  4|   0|    4|          0|
    |p_last_V_reg_143         |  1|   0|    1|          0|
    +-------------------------+---+----+-----+-----------+
    |Total                    |  8|   0|    8|          0|
    +-------------------------+---+----+-----+-----------+



================================================================
== Interface
================================================================
* Summary: 
+-------------------+-----+-----+------------+-------------------------------------+--------------+
|     RTL Ports     | Dir | Bits|  Protocol  |            Source Object            |    C Type    |
+-------------------+-----+-----+------------+-------------------------------------+--------------+
|ap_clk             |   in|    1|  ap_ctrl_hs|  sha256_acc_Pipeline_VITIS_LOOP_40_4|  return value|
|ap_rst             |   in|    1|  ap_ctrl_hs|  sha256_acc_Pipeline_VITIS_LOOP_40_4|  return value|
|ap_start           |   in|    1|  ap_ctrl_hs|  sha256_acc_Pipeline_VITIS_LOOP_40_4|  return value|
|ap_done            |  out|    1|  ap_ctrl_hs|  sha256_acc_Pipeline_VITIS_LOOP_40_4|  return value|
|ap_idle            |  out|    1|  ap_ctrl_hs|  sha256_acc_Pipeline_VITIS_LOOP_40_4|  return value|
|ap_ready           |  out|    1|  ap_ctrl_hs|  sha256_acc_Pipeline_VITIS_LOOP_40_4|  return value|
|out_stream_TREADY  |   in|    1|        axis|                  out_stream_V_data_V|       pointer|
|out_stream_TDATA   |  out|   32|        axis|                  out_stream_V_data_V|       pointer|
|res_V_address0     |  out|    3|   ap_memory|                                res_V|         array|
|res_V_ce0          |  out|    1|   ap_memory|                                res_V|         array|
|res_V_q0           |   in|   32|   ap_memory|                                res_V|         array|
|out_stream_TVALID  |  out|    1|        axis|                  out_stream_V_last_V|       pointer|
|out_stream_TLAST   |  out|    1|        axis|                  out_stream_V_last_V|       pointer|
|out_stream_TKEEP   |  out|    4|        axis|                  out_stream_V_keep_V|       pointer|
|out_stream_TSTRB   |  out|    4|        axis|                  out_stream_V_strb_V|       pointer|
+-------------------+-----+-----+------------+-------------------------------------+--------------+

