

================================================================
== Vitis HLS Report for 'sha256_acc_Pipeline_VITIS_LOOP_30_3'
================================================================
* Date:           Tue Jan 27 00:56:56 2026

* Version:        2022.2 (Build 3670227 on Oct 13 2022)
* Project:        Blockchain_hardware_accelratoin
* Solution:       solution1 (Vivado IP Flow Target)
* Product family: zynq
* Target device:  xc7z020-clg400-1


================================================================
== Performance Estimates
================================================================
+ Timing: 
    * Summary: 
    +--------+----------+----------+------------+
    |  Clock |  Target  | Estimated| Uncertainty|
    +--------+----------+----------+------------+
    |ap_clk  |  15.00 ns|  9.735 ns|     4.05 ns|
    +--------+----------+----------+------------+

+ Latency: 
    * Summary: 
    +---------+---------+----------+----------+-----+-----+---------+
    |  Latency (cycles) |  Latency (absolute) |  Interval | Pipeline|
    |   min   |   max   |    min   |    max   | min | max |   Type  |
    +---------+---------+----------+----------+-----+-----+---------+
    |      131|      131|  1.965 us|  1.965 us|  131|  131|       no|
    +---------+---------+----------+----------+-----+-----+---------+

    + Detail: 
        * Instance: 
        N/A

        * Loop: 
        +-------------------+---------+---------+----------+-----------+-----------+------+----------+
        |                   |  Latency (cycles) | Iteration|  Initiation Interval  | Trip |          |
        |     Loop Name     |   min   |   max   |  Latency |  achieved |   target  | Count| Pipelined|
        +-------------------+---------+---------+----------+-----------+-----------+------+----------+
        |- VITIS_LOOP_30_3  |      129|      129|         3|          2|          2|    64|       yes|
        +-------------------+---------+---------+----------+-----------+-----------+------+----------+



================================================================
== Utilization Estimates
================================================================
* Summary: 
+-----------------+---------+-----+--------+-------+-----+
|       Name      | BRAM_18K| DSP |   FF   |  LUT  | URAM|
+-----------------+---------+-----+--------+-------+-----+
|DSP              |        -|    -|       -|      -|    -|
|Expression       |        -|    -|       0|    642|    -|
|FIFO             |        -|    -|       -|      -|    -|
|Instance         |        -|    -|       0|    273|    -|
|Memory           |        1|    -|       0|      0|    -|
|Multiplexer      |        -|    -|       -|    131|    -|
|Register         |        -|    -|     397|      -|    -|
+-----------------+---------+-----+--------+-------+-----+
|Total            |        1|    0|     397|   1046|    0|
+-----------------+---------+-----+--------+-------+-----+
|Available        |      280|  220|  106400|  53200|    0|
+-----------------+---------+-----+--------+-------+-----+
|Utilization (%)  |       ~0|    0|      ~0|      1|    0|
+-----------------+---------+-----+--------+-------+-----+

+ Detail: 
    * Instance: 
    +--------------------+----------------+---------+----+---+-----+-----+
    |      Instance      |     Module     | BRAM_18K| DSP| FF| LUT | URAM|
    +--------------------+----------------+---------+----+---+-----+-----+
    |mux_646_32_1_1_U87  |mux_646_32_1_1  |        0|   0|  0|  273|    0|
    +--------------------+----------------+---------+----+---+-----+-----+
    |Total               |                |        0|   0|  0|  273|    0|
    +--------------------+----------------+---------+----+---+-----+-----+

    * DSP: 
    N/A

    * Memory: 
    +-------+-----------------------------------------------------+---------+---+----+-----+------+-----+------+-------------+
    | Memory|                        Module                       | BRAM_18K| FF| LUT| URAM| Words| Bits| Banks| W*Bits*Banks|
    +-------+-----------------------------------------------------+---------+---+----+-----+------+-----+------+-------------+
    |k_V_U  |sha256_acc_Pipeline_VITIS_LOOP_30_3_k_V_ROM_AUTO_1R  |        1|  0|   0|    0|    64|   32|     1|         2048|
    +-------+-----------------------------------------------------+---------+---+----+-----+------+-----+------+-------------+
    |Total  |                                                     |        1|  0|   0|    0|    64|   32|     1|         2048|
    +-------+-----------------------------------------------------+---------+---+----+-----+------+-----+------+-------------+

    * FIFO: 
    N/A

    * Expression: 
    +-------------------------+----------+----+---+----+------------+------------+
    |      Variable Name      | Operation| DSP| FF| LUT| Bitwidth P0| Bitwidth P1|
    +-------------------------+----------+----+---+----+------------+------------+
    |a_V_fu_1200_p2           |         +|   0|  0|  32|          32|          32|
    |add_ln186_1_fu_1059_p2   |         +|   0|  0|  32|          32|          32|
    |add_ln186_2_fu_1064_p2   |         +|   0|  0|  32|          32|          32|
    |add_ln186_5_fu_1195_p2   |         +|   0|  0|  32|          32|          32|
    |add_ln186_fu_1053_p2     |         +|   0|  0|  32|          32|          32|
    |add_ln30_fu_775_p2       |         +|   0|  0|  14|           7|           1|
    |e_V_fu_1190_p2           |         +|   0|  0|  39|          32|          32|
    |t1_V_fu_1070_p2          |         +|   0|  0|  32|          32|          32|
    |ret_V_15_fu_1029_p2      |       and|   0|  0|  32|          32|          32|
    |ret_V_16_fu_1041_p2      |       and|   0|  0|  32|          32|          32|
    |ret_V_20_fu_1174_p2      |       and|   0|  0|  32|          32|          32|
    |ret_V_21_fu_1179_p2      |       and|   0|  0|  32|          32|          32|
    |icmp_ln30_fu_769_p2      |      icmp|   0|  0|  11|           7|           8|
    |ap_enable_pp0            |       xor|   0|  0|   2|           1|           2|
    |r_V_fu_1035_p2           |       xor|   0|  0|  32|          32|           2|
    |ret_V_11_fu_1184_p2      |       xor|   0|  0|  32|          32|          32|
    |ret_V_4_fu_1047_p2       |       xor|   0|  0|  32|          32|          32|
    |ret_V_8_fu_1163_p2       |       xor|   0|  0|  32|          32|          32|
    |ret_V_fu_1023_p2         |       xor|   0|  0|  32|          32|          32|
    |xor_ln1499_3_fu_1157_p2  |       xor|   0|  0|  32|          32|          32|
    |xor_ln1499_5_fu_1169_p2  |       xor|   0|  0|  32|          32|          32|
    |xor_ln1499_fu_1017_p2    |       xor|   0|  0|  32|          32|          32|
    +-------------------------+----------+----+---+----+------------+------------+
    |Total                    |          |   0|  0| 642|         623|         589|
    +-------------------------+----------+----+---+----+------------+------------+

    * Multiplexer: 
    +-------------------------+----+-----------+-----+-----------+
    |           Name          | LUT| Input Size| Bits| Total Bits|
    +-------------------------+----+-----------+-----+-----------+
    |ap_NS_fsm                |  14|          3|    1|          3|
    |ap_done_int              |   9|          2|    1|          2|
    |ap_enable_reg_pp0_iter0  |   9|          2|    1|          2|
    |ap_enable_reg_pp0_iter1  |   9|          2|    1|          2|
    |ap_sig_allocacmp_i_1     |   9|          2|    7|         14|
    |b_V_fu_244               |   9|          2|   32|         64|
    |c_V_1_fu_232             |   9|          2|   32|         64|
    |d_V_1_fu_256             |   9|          2|   32|         64|
    |d_V_fu_236               |   9|          2|   32|         64|
    |f_V_fu_260               |   9|          2|   32|         64|
    |g_V_1_fu_240             |   9|          2|   32|         64|
    |h_val_V_1_fu_264         |   9|          2|   32|         64|
    |h_val_V_fu_248           |   9|          2|   32|         64|
    |i_fu_252                 |   9|          2|    7|         14|
    +-------------------------+----+-----------+-----+-----------+
    |Total                    | 131|         29|  274|        549|
    +-------------------------+----+-----------+-----+-----------+

    * Register: 
    +-----------------------------+----+----+-----+-----------+
    |             Name            | FF | LUT| Bits| Const Bits|
    +-----------------------------+----+----+-----+-----------+
    |a_V_2_reg_1326               |  32|   0|   32|          0|
    |ap_CS_fsm                    |   2|   0|    2|          0|
    |ap_done_reg                  |   1|   0|    1|          0|
    |ap_enable_reg_pp0_iter0_reg  |   1|   0|    1|          0|
    |ap_enable_reg_pp0_iter1      |   1|   0|    1|          0|
    |b_V_fu_244                   |  32|   0|   32|          0|
    |c_V_1_fu_232                 |  32|   0|   32|          0|
    |c_V_reg_1338                 |  32|   0|   32|          0|
    |d_V_1_fu_256                 |  32|   0|   32|          0|
    |d_V_fu_236                   |  32|   0|   32|          0|
    |f_V_fu_260                   |  32|   0|   32|          0|
    |g_V_1_fu_240                 |  32|   0|   32|          0|
    |h_val_V_1_fu_264             |  32|   0|   32|          0|
    |h_val_V_fu_248               |  32|   0|   32|          0|
    |i_fu_252                     |   7|   0|    7|          0|
    |icmp_ln30_reg_1312           |   1|   0|    1|          0|
    |t1_V_reg_1345                |  32|   0|   32|          0|
    |tmp_4_reg_1321               |  32|   0|   32|          0|
    +-----------------------------+----+----+-----+-----------+
    |Total                        | 397|   0|  397|          0|
    +-----------------------------+----+----+-----+-----------+



================================================================
== Interface
================================================================
* Summary: 
+--------------------+-----+-----+------------+-------------------------------------+--------------+
|      RTL Ports     | Dir | Bits|  Protocol  |            Source Object            |    C Type    |
+--------------------+-----+-----+------------+-------------------------------------+--------------+
|ap_clk              |   in|    1|  ap_ctrl_hs|  sha256_acc_Pipeline_VITIS_LOOP_30_3|  return value|
|ap_rst              |   in|    1|  ap_ctrl_hs|  sha256_acc_Pipeline_VITIS_LOOP_30_3|  return value|
|ap_start            |   in|    1|  ap_ctrl_hs|  sha256_acc_Pipeline_VITIS_LOOP_30_3|  return value|
|ap_done             |  out|    1|  ap_ctrl_hs|  sha256_acc_Pipeline_VITIS_LOOP_30_3|  return value|
|ap_idle             |  out|    1|  ap_ctrl_hs|  sha256_acc_Pipeline_VITIS_LOOP_30_3|  return value|
|ap_ready            |  out|    1|  ap_ctrl_hs|  sha256_acc_Pipeline_VITIS_LOOP_30_3|  return value|
|w_V_reload          |   in|   32|     ap_none|                           w_V_reload|        scalar|
|w_V_1_reload        |   in|   32|     ap_none|                         w_V_1_reload|        scalar|
|w_V_2_reload        |   in|   32|     ap_none|                         w_V_2_reload|        scalar|
|w_V_3_reload        |   in|   32|     ap_none|                         w_V_3_reload|        scalar|
|w_V_4_reload        |   in|   32|     ap_none|                         w_V_4_reload|        scalar|
|w_V_5_reload        |   in|   32|     ap_none|                         w_V_5_reload|        scalar|
|w_V_6_reload        |   in|   32|     ap_none|                         w_V_6_reload|        scalar|
|w_V_7_reload        |   in|   32|     ap_none|                         w_V_7_reload|        scalar|
|w_V_8_reload        |   in|   32|     ap_none|                         w_V_8_reload|        scalar|
|w_V_9_reload        |   in|   32|     ap_none|                         w_V_9_reload|        scalar|
|w_V_10_reload       |   in|   32|     ap_none|                        w_V_10_reload|        scalar|
|w_V_11_reload       |   in|   32|     ap_none|                        w_V_11_reload|        scalar|
|w_V_12_reload       |   in|   32|     ap_none|                        w_V_12_reload|        scalar|
|w_V_13_reload       |   in|   32|     ap_none|                        w_V_13_reload|        scalar|
|w_V_14_reload       |   in|   32|     ap_none|                        w_V_14_reload|        scalar|
|w_V_15_reload       |   in|   32|     ap_none|                        w_V_15_reload|        scalar|
|w_V_33_reload       |   in|   32|     ap_none|                        w_V_33_reload|        scalar|
|w_V_34_reload       |   in|   32|     ap_none|                        w_V_34_reload|        scalar|
|w_V_35_reload       |   in|   32|     ap_none|                        w_V_35_reload|        scalar|
|w_V_36_reload       |   in|   32|     ap_none|                        w_V_36_reload|        scalar|
|w_V_37_reload       |   in|   32|     ap_none|                        w_V_37_reload|        scalar|
|w_V_38_reload       |   in|   32|     ap_none|                        w_V_38_reload|        scalar|
|w_V_39_reload       |   in|   32|     ap_none|                        w_V_39_reload|        scalar|
|w_V_40_reload       |   in|   32|     ap_none|                        w_V_40_reload|        scalar|
|w_V_41_reload       |   in|   32|     ap_none|                        w_V_41_reload|        scalar|
|w_V_42_reload       |   in|   32|     ap_none|                        w_V_42_reload|        scalar|
|w_V_43_reload       |   in|   32|     ap_none|                        w_V_43_reload|        scalar|
|w_V_44_reload       |   in|   32|     ap_none|                        w_V_44_reload|        scalar|
|w_V_45_reload       |   in|   32|     ap_none|                        w_V_45_reload|        scalar|
|w_V_46_reload       |   in|   32|     ap_none|                        w_V_46_reload|        scalar|
|w_V_47_reload       |   in|   32|     ap_none|                        w_V_47_reload|        scalar|
|w_V_48_reload       |   in|   32|     ap_none|                        w_V_48_reload|        scalar|
|w_V_49_reload       |   in|   32|     ap_none|                        w_V_49_reload|        scalar|
|w_V_50_reload       |   in|   32|     ap_none|                        w_V_50_reload|        scalar|
|w_V_51_reload       |   in|   32|     ap_none|                        w_V_51_reload|        scalar|
|w_V_52_reload       |   in|   32|     ap_none|                        w_V_52_reload|        scalar|
|w_V_53_reload       |   in|   32|     ap_none|                        w_V_53_reload|        scalar|
|w_V_54_reload       |   in|   32|     ap_none|                        w_V_54_reload|        scalar|
|w_V_55_reload       |   in|   32|     ap_none|                        w_V_55_reload|        scalar|
|w_V_56_reload       |   in|   32|     ap_none|                        w_V_56_reload|        scalar|
|w_V_57_reload       |   in|   32|     ap_none|                        w_V_57_reload|        scalar|
|w_V_58_reload       |   in|   32|     ap_none|                        w_V_58_reload|        scalar|
|w_V_59_reload       |   in|   32|     ap_none|                        w_V_59_reload|        scalar|
|w_V_60_reload       |   in|   32|     ap_none|                        w_V_60_reload|        scalar|
|w_V_61_reload       |   in|   32|     ap_none|                        w_V_61_reload|        scalar|
|w_V_62_reload       |   in|   32|     ap_none|                        w_V_62_reload|        scalar|
|w_V_63_reload       |   in|   32|     ap_none|                        w_V_63_reload|        scalar|
|w_V_64_reload       |   in|   32|     ap_none|                        w_V_64_reload|        scalar|
|w_V_65_reload       |   in|   32|     ap_none|                        w_V_65_reload|        scalar|
|w_V_66_reload       |   in|   32|     ap_none|                        w_V_66_reload|        scalar|
|w_V_67_reload       |   in|   32|     ap_none|                        w_V_67_reload|        scalar|
|w_V_68_reload       |   in|   32|     ap_none|                        w_V_68_reload|        scalar|
|w_V_69_reload       |   in|   32|     ap_none|                        w_V_69_reload|        scalar|
|w_V_70_reload       |   in|   32|     ap_none|                        w_V_70_reload|        scalar|
|w_V_71_reload       |   in|   32|     ap_none|                        w_V_71_reload|        scalar|
|w_V_72_reload       |   in|   32|     ap_none|                        w_V_72_reload|        scalar|
|w_V_73_reload       |   in|   32|     ap_none|                        w_V_73_reload|        scalar|
|w_V_74_reload       |   in|   32|     ap_none|                        w_V_74_reload|        scalar|
|w_V_75_reload       |   in|   32|     ap_none|                        w_V_75_reload|        scalar|
|w_V_76_reload       |   in|   32|     ap_none|                        w_V_76_reload|        scalar|
|w_V_77_reload       |   in|   32|     ap_none|                        w_V_77_reload|        scalar|
|w_V_78_reload       |   in|   32|     ap_none|                        w_V_78_reload|        scalar|
|w_V_79_reload       |   in|   32|     ap_none|                        w_V_79_reload|        scalar|
|w_V_80_reload       |   in|   32|     ap_none|                        w_V_80_reload|        scalar|
|h_val_V_out         |  out|   32|      ap_vld|                          h_val_V_out|       pointer|
|h_val_V_out_ap_vld  |  out|    1|      ap_vld|                          h_val_V_out|       pointer|
|g_V_out             |  out|   32|      ap_vld|                              g_V_out|       pointer|
|g_V_out_ap_vld      |  out|    1|      ap_vld|                              g_V_out|       pointer|
|f_V_out             |  out|   32|      ap_vld|                              f_V_out|       pointer|
|f_V_out_ap_vld      |  out|    1|      ap_vld|                              f_V_out|       pointer|
|e_V_2_out           |  out|   32|      ap_vld|                            e_V_2_out|       pointer|
|e_V_2_out_ap_vld    |  out|    1|      ap_vld|                            e_V_2_out|       pointer|
|d_V_out             |  out|   32|      ap_vld|                              d_V_out|       pointer|
|d_V_out_ap_vld      |  out|    1|      ap_vld|                              d_V_out|       pointer|
|c_V_out             |  out|   32|      ap_vld|                              c_V_out|       pointer|
|c_V_out_ap_vld      |  out|    1|      ap_vld|                              c_V_out|       pointer|
|b_V_out             |  out|   32|      ap_vld|                              b_V_out|       pointer|
|b_V_out_ap_vld      |  out|    1|      ap_vld|                              b_V_out|       pointer|
|a_V_2_out           |  out|   32|      ap_vld|                            a_V_2_out|       pointer|
|a_V_2_out_ap_vld    |  out|    1|      ap_vld|                            a_V_2_out|       pointer|
+--------------------+-----+-----+------------+-------------------------------------+--------------+

