

================================================================
== Vitis HLS Report for 'sha256_acc'
================================================================
* Date:           Tue Jan 27 00:56:57 2026

* Version:        2022.2 (Build 3670227 on Oct 13 2022)
* Project:        Blockchain_hardware_accelratoin
* Solution:       solution1 (Vivado IP Flow Target)
* Product family: zynq
* Target device:  xc7z020-clg400-1


================================================================
== Performance Estimates
================================================================
+ Timing: 
    * Summary: 
    +--------+----------+-----------+------------+
    |  Clock |  Target  | Estimated | Uncertainty|
    +--------+----------+-----------+------------+
    |ap_clk  |  15.00 ns|  10.059 ns|     4.05 ns|
    +--------+----------+-----------+------------+

+ Latency: 
    * Summary: 
    +---------+---------+----------+----------+-----+-----+---------+
    |  Latency (cycles) |  Latency (absolute) |  Interval | Pipeline|
    |   min   |   max   |    min   |    max   | min | max |   Type  |
    +---------+---------+----------+----------+-----+-----+---------+
    |      222|      222|  3.330 us|  3.330 us|  223|  223|       no|
    +---------+---------+----------+----------+-----+-----+---------+

    + Detail: 
        * Instance: 
        +------------------------------------------------+-------------------------------------+---------+---------+----------+----------+-----+-----+---------+
        |                                                |                                     |  Latency (cycles) |  Latency (absolute) |  Interval | Pipeline|
        |                    Instance                    |                Module               |   min   |   max   |    min   |    max   | min | max |   Type  |
        +------------------------------------------------+-------------------------------------+---------+---------+----------+----------+-----+-----+---------+
        |grp_sha256_acc_Pipeline_VITIS_LOOP_15_1_fu_449  |sha256_acc_Pipeline_VITIS_LOOP_15_1  |       18|       18|  0.270 us|  0.270 us|   18|   18|       no|
        |grp_sha256_acc_Pipeline_VITIS_LOOP_21_2_fu_471  |sha256_acc_Pipeline_VITIS_LOOP_21_2  |       50|       50|  0.750 us|  0.750 us|   50|   50|       no|
        |grp_sha256_acc_Pipeline_VITIS_LOOP_30_3_fu_539  |sha256_acc_Pipeline_VITIS_LOOP_30_3  |      131|      131|  1.965 us|  1.965 us|  131|  131|       no|
        |grp_sha256_acc_Pipeline_VITIS_LOOP_40_4_fu_617  |sha256_acc_Pipeline_VITIS_LOOP_40_4  |       10|       10|  0.150 us|  0.150 us|   10|   10|       no|
        +------------------------------------------------+-------------------------------------+---------+---------+----------+----------+-----+-----+---------+

        * Loop: 
        N/A



================================================================
== Utilization Estimates
================================================================
* Summary: 
+-----------------+---------+-----+--------+-------+-----+
|       Name      | BRAM_18K| DSP |   FF   |  LUT  | URAM|
+-----------------+---------+-----+--------+-------+-----+
|DSP              |        -|    -|       -|      -|    -|
|Expression       |        -|    -|       0|    314|    -|
|FIFO             |        -|    -|       -|      -|    -|
|Instance         |        1|    -|    2505|   2604|    -|
|Memory           |        0|    -|      64|      4|    0|
|Multiplexer      |        -|    -|       -|    194|    -|
|Register         |        -|    -|      18|      -|    -|
+-----------------+---------+-----+--------+-------+-----+
|Total            |        1|    0|    2587|   3116|    0|
+-----------------+---------+-----+--------+-------+-----+
|Available        |      280|  220|  106400|  53200|    0|
+-----------------+---------+-----+--------+-------+-----+
|Utilization (%)  |       ~0|    0|       2|      5|    0|
+-----------------+---------+-----+--------+-------+-----+

+ Detail: 
    * Instance: 
    +------------------------------------------------+-------------------------------------+---------+----+------+------+-----+
    |                    Instance                    |                Module               | BRAM_18K| DSP|  FF  |  LUT | URAM|
    +------------------------------------------------+-------------------------------------+---------+----+------+------+-----+
    |CONTROL_BUS_s_axi_U                             |CONTROL_BUS_s_axi                    |        0|   0|    36|    40|    0|
    |grp_sha256_acc_Pipeline_VITIS_LOOP_15_1_fu_449  |sha256_acc_Pipeline_VITIS_LOOP_15_1  |        0|   0|   519|    63|    0|
    |grp_sha256_acc_Pipeline_VITIS_LOOP_21_2_fu_471  |sha256_acc_Pipeline_VITIS_LOOP_21_2  |        0|   0|  1545|  1375|    0|
    |grp_sha256_acc_Pipeline_VITIS_LOOP_30_3_fu_539  |sha256_acc_Pipeline_VITIS_LOOP_30_3  |        1|   0|   397|  1046|    0|
    |grp_sha256_acc_Pipeline_VITIS_LOOP_40_4_fu_617  |sha256_acc_Pipeline_VITIS_LOOP_40_4  |        0|   0|     8|    80|    0|
    +------------------------------------------------+-------------------------------------+---------+----+------+------+-----+
    |Total                                           |                                     |        1|   0|  2505|  2604|    0|
    +------------------------------------------------+-------------------------------------+---------+----+------+------+-----+

    * DSP: 
    N/A

    * Memory: 
    +---------+---------------------+---------+----+----+-----+------+-----+------+-------------+
    |  Memory |        Module       | BRAM_18K| FF | LUT| URAM| Words| Bits| Banks| W*Bits*Banks|
    +---------+---------------------+---------+----+----+-----+------+-----+------+-------------+
    |res_V_U  |res_V_RAM_AUTO_1R1W  |        0|  64|   4|    0|     8|   32|     1|          256|
    +---------+---------------------+---------+----+----+-----+------+-----+------+-------------+
    |Total    |                     |        0|  64|   4|    0|     8|   32|     1|          256|
    +---------+---------------------+---------+----+----+-----+------+-----+------+-------------+

    * FIFO: 
    N/A

    * Expression: 
    +------------------------------------------------------------------+----------+----+---+----+------------+------------+
    |                           Variable Name                          | Operation| DSP| FF| LUT| Bitwidth P0| Bitwidth P1|
    +------------------------------------------------------------------+----------+----+---+----+------------+------------+
    |add_ln186_3_fu_892_p2                                             |         +|   0|  0|  39|          32|          31|
    |add_ln186_4_fu_899_p2                                             |         +|   0|  0|  39|          32|          32|
    |add_ln186_5_fu_912_p2                                             |         +|   0|  0|  39|          32|          30|
    |add_ln186_6_fu_919_p2                                             |         +|   0|  0|  39|          32|          32|
    |add_ln186_7_fu_932_p2                                             |         +|   0|  0|  39|          32|          31|
    |add_ln186_8_fu_952_p2                                             |         +|   0|  0|  39|          32|          29|
    |add_ln186_9_fu_959_p2                                             |         +|   0|  0|  39|          32|          31|
    |add_ln186_fu_939_p2                                               |         +|   0|  0|  39|          32|          32|
    |grp_sha256_acc_Pipeline_VITIS_LOOP_40_4_fu_617_out_stream_TREADY  |       and|   0|  0|   2|           1|           1|
    +------------------------------------------------------------------+----------+----+---+----+------------+------------+
    |Total                                                             |          |   0|  0| 314|         257|         249|
    +------------------------------------------------------------------+----------+----+---+----+------------+------------+

    * Multiplexer: 
    +-------------------------------+----+-----------+-----+-----------+
    |              Name             | LUT| Input Size| Bits| Total Bits|
    +-------------------------------+----+-----------+-----+-----------+
    |ap_NS_fsm                      |  65|         15|    1|         15|
    |in_stream_TREADY_int_regslice  |   9|          2|    1|          2|
    |res_V_address0                 |  31|          6|    3|         18|
    |res_V_address1                 |  25|          5|    3|         15|
    |res_V_ce0                      |  14|          3|    1|          3|
    |res_V_d0                       |  25|          5|   32|        160|
    |res_V_d1                       |  25|          5|   32|        160|
    +-------------------------------+----+-----------+-----+-----------+
    |Total                          | 194|         41|   73|        373|
    +-------------------------------+----+-----------+-----+-----------+

    * Register: 
    +-------------------------------------------------------------+----+----+-----+-----------+
    |                             Name                            | FF | LUT| Bits| Const Bits|
    +-------------------------------------------------------------+----+----+-----+-----------+
    |ap_CS_fsm                                                    |  14|   0|   14|          0|
    |grp_sha256_acc_Pipeline_VITIS_LOOP_15_1_fu_449_ap_start_reg  |   1|   0|    1|          0|
    |grp_sha256_acc_Pipeline_VITIS_LOOP_21_2_fu_471_ap_start_reg  |   1|   0|    1|          0|
    |grp_sha256_acc_Pipeline_VITIS_LOOP_30_3_fu_539_ap_start_reg  |   1|   0|    1|          0|
    |grp_sha256_acc_Pipeline_VITIS_LOOP_40_4_fu_617_ap_start_reg  |   1|   0|    1|          0|
    +-------------------------------------------------------------+----+----+-----+-----------+
    |Total                                                        |  18|   0|   18|          0|
    +-------------------------------------------------------------+----+----+-----+-----------+



================================================================
== Interface
================================================================
* Summary: 
+---------------------------+-----+-----+------------+---------------------+--------------+
|         RTL Ports         | Dir | Bits|  Protocol  |    Source Object    |    C Type    |
+---------------------------+-----+-----+------------+---------------------+--------------+
|s_axi_CONTROL_BUS_AWVALID  |   in|    1|       s_axi|          CONTROL_BUS|   return void|
|s_axi_CONTROL_BUS_AWREADY  |  out|    1|       s_axi|          CONTROL_BUS|   return void|
|s_axi_CONTROL_BUS_AWADDR   |   in|    4|       s_axi|          CONTROL_BUS|   return void|
|s_axi_CONTROL_BUS_WVALID   |   in|    1|       s_axi|          CONTROL_BUS|   return void|
|s_axi_CONTROL_BUS_WREADY   |  out|    1|       s_axi|          CONTROL_BUS|   return void|
|s_axi_CONTROL_BUS_WDATA    |   in|   32|       s_axi|          CONTROL_BUS|   return void|
|s_axi_CONTROL_BUS_WSTRB    |   in|    4|       s_axi|          CONTROL_BUS|   return void|
|s_axi_CONTROL_BUS_ARVALID  |   in|    1|       s_axi|          CONTROL_BUS|   return void|
|s_axi_CONTROL_BUS_ARREADY  |  out|    1|       s_axi|          CONTROL_BUS|   return void|
|s_axi_CONTROL_BUS_ARADDR   |   in|    4|       s_axi|          CONTROL_BUS|   return void|
|s_axi_CONTROL_BUS_RVALID   |  out|    1|       s_axi|          CONTROL_BUS|   return void|
|s_axi_CONTROL_BUS_RREADY   |   in|    1|       s_axi|          CONTROL_BUS|   return void|
|s_axi_CONTROL_BUS_RDATA    |  out|   32|       s_axi|          CONTROL_BUS|   return void|
|s_axi_CONTROL_BUS_RRESP    |  out|    2|       s_axi|          CONTROL_BUS|   return void|
|s_axi_CONTROL_BUS_BVALID   |  out|    1|       s_axi|          CONTROL_BUS|   return void|
|s_axi_CONTROL_BUS_BREADY   |   in|    1|       s_axi|          CONTROL_BUS|   return void|
|s_axi_CONTROL_BUS_BRESP    |  out|    2|       s_axi|          CONTROL_BUS|   return void|
|ap_clk                     |   in|    1|  ap_ctrl_hs|           sha256_acc|  return value|
|ap_rst_n                   |   in|    1|  ap_ctrl_hs|           sha256_acc|  return value|
|interrupt                  |  out|    1|  ap_ctrl_hs|           sha256_acc|  return value|
|in_stream_TDATA            |   in|   32|        axis|            in_stream|       pointer|
|in_stream_TVALID           |   in|    1|        axis|            in_stream|       pointer|
|in_stream_TREADY           |  out|    1|        axis|            in_stream|       pointer|
|out_stream_TDATA           |  out|   32|        axis|  out_stream_V_data_V|       pointer|
|out_stream_TVALID          |  out|    1|        axis|  out_stream_V_last_V|       pointer|
|out_stream_TREADY          |   in|    1|        axis|  out_stream_V_last_V|       pointer|
|out_stream_TLAST           |  out|    1|        axis|  out_stream_V_last_V|       pointer|
|out_stream_TKEEP           |  out|    4|        axis|  out_stream_V_keep_V|       pointer|
|out_stream_TSTRB           |  out|    4|        axis|  out_stream_V_strb_V|       pointer|
+---------------------------+-----+-----+------------+---------------------+--------------+

