

================================================================
== Vitis HLS Report for 'sha256_acc_Pipeline_VITIS_LOOP_15_1'
================================================================
* Date:           Tue Jan 27 00:56:55 2026

* Version:        2022.2 (Build 3670227 on Oct 13 2022)
* Project:        Blockchain_hardware_accelratoin
* Solution:       solution1 (Vivado IP Flow Target)
* Product family: zynq
* Target device:  xc7z020-clg400-1


================================================================
== Performance Estimates
================================================================
+ Timing: 
    * Summary: 
    +--------+----------+----------+------------+
    |  Clock |  Target  | Estimated| Uncertainty|
    +--------+----------+----------+------------+
    |ap_clk  |  15.00 ns|  3.368 ns|     4.05 ns|
    +--------+----------+----------+------------+

+ Latency: 
    * Summary: 
    +---------+---------+----------+----------+-----+-----+---------+
    |  Latency (cycles) |  Latency (absolute) |  Interval | Pipeline|
    |   min   |   max   |    min   |    max   | min | max |   Type  |
    +---------+---------+----------+----------+-----+-----+---------+
    |       18|       18|  0.270 us|  0.270 us|   18|   18|       no|
    +---------+---------+----------+----------+-----+-----+---------+

    + Detail: 
        * Instance: 
        N/A

        * Loop: 
        +-------------------+---------+---------+----------+-----------+-----------+------+----------+
        |                   |  Latency (cycles) | Iteration|  Initiation Interval  | Trip |          |
        |     Loop Name     |   min   |   max   |  Latency |  achieved |   target  | Count| Pipelined|
        +-------------------+---------+---------+----------+-----------+-----------+------+----------+
        |- VITIS_LOOP_15_1  |       16|       16|         1|          1|          1|    16|       yes|
        +-------------------+---------+---------+----------+-----------+-----------+------+----------+



================================================================
== Utilization Estimates
================================================================
* Summary: 
+-----------------+---------+-----+--------+-------+-----+
|       Name      | BRAM_18K| DSP |   FF   |  LUT  | URAM|
+-----------------+---------+-----+--------+-------+-----+
|DSP              |        -|    -|       -|      -|    -|
|Expression       |        -|    -|       0|     27|    -|
|FIFO             |        -|    -|       -|      -|    -|
|Instance         |        -|    -|       -|      -|    -|
|Memory           |        -|    -|       -|      -|    -|
|Multiplexer      |        -|    -|       -|     36|    -|
|Register         |        -|    -|     519|      -|    -|
+-----------------+---------+-----+--------+-------+-----+
|Total            |        0|    0|     519|     63|    0|
+-----------------+---------+-----+--------+-------+-----+
|Available        |      280|  220|  106400|  53200|    0|
+-----------------+---------+-----+--------+-------+-----+
|Utilization (%)  |        0|    0|      ~0|     ~0|    0|
+-----------------+---------+-----+--------+-------+-----+

+ Detail: 
    * Instance: 
    N/A

    * DSP: 
    N/A

    * Memory: 
    N/A

    * FIFO: 
    N/A

    * Expression: 
    +----------------------------------+----------+----+---+----+------------+------------+
    |           Variable Name          | Operation| DSP| FF| LUT| Bitwidth P0| Bitwidth P1|
    +----------------------------------+----------+----+---+----+------------+------------+
    |add_ln15_fu_298_p2                |         +|   0|  0|  13|           5|           1|
    |ap_condition_249                  |       and|   0|  0|   2|           1|           1|
    |icmp_ln15_fu_292_p2               |      icmp|   0|  0|  10|           5|           6|
    |ap_block_state1_pp0_stage0_iter0  |        or|   0|  0|   2|           1|           1|
    +----------------------------------+----------+----+---+----+------------+------------+
    |Total                             |          |   0|  0|  27|          12|           9|
    +----------------------------------+----------+----+---+----+------------+------------+

    * Multiplexer: 
    +-----------------------+----+-----------+-----+-----------+
    |          Name         | LUT| Input Size| Bits| Total Bits|
    +-----------------------+----+-----------+-----+-----------+
    |ap_done_int            |   9|          2|    1|          2|
    |ap_sig_allocacmp_i_2   |   9|          2|    5|         10|
    |i_fu_98                |   9|          2|    5|         10|
    |in_stream_TDATA_blk_n  |   9|          2|    1|          2|
    +-----------------------+----+-----------+-----+-----------+
    |Total                  |  36|          8|   12|         24|
    +-----------------------+----+-----------+-----+-----------+

    * Register: 
    +---------------+----+----+-----+-----------+
    |      Name     | FF | LUT| Bits| Const Bits|
    +---------------+----+----+-----+-----------+
    |ap_CS_fsm      |   1|   0|    1|          0|
    |ap_done_reg    |   1|   0|    1|          0|
    |i_fu_98        |   5|   0|    5|          0|
    |w_V_10_fu_142  |  32|   0|   32|          0|
    |w_V_11_fu_146  |  32|   0|   32|          0|
    |w_V_12_fu_150  |  32|   0|   32|          0|
    |w_V_13_fu_154  |  32|   0|   32|          0|
    |w_V_14_fu_158  |  32|   0|   32|          0|
    |w_V_15_fu_162  |  32|   0|   32|          0|
    |w_V_1_fu_106   |  32|   0|   32|          0|
    |w_V_2_fu_110   |  32|   0|   32|          0|
    |w_V_3_fu_114   |  32|   0|   32|          0|
    |w_V_4_fu_118   |  32|   0|   32|          0|
    |w_V_5_fu_122   |  32|   0|   32|          0|
    |w_V_6_fu_126   |  32|   0|   32|          0|
    |w_V_7_fu_130   |  32|   0|   32|          0|
    |w_V_8_fu_134   |  32|   0|   32|          0|
    |w_V_9_fu_138   |  32|   0|   32|          0|
    |w_V_fu_102     |  32|   0|   32|          0|
    +---------------+----+----+-----+-----------+
    |Total          | 519|   0|  519|          0|
    +---------------+----+----+-----+-----------+



================================================================
== Interface
================================================================
* Summary: 
+-------------------+-----+-----+------------+-------------------------------------+--------------+
|     RTL Ports     | Dir | Bits|  Protocol  |            Source Object            |    C Type    |
+-------------------+-----+-----+------------+-------------------------------------+--------------+
|ap_clk             |   in|    1|  ap_ctrl_hs|  sha256_acc_Pipeline_VITIS_LOOP_15_1|  return value|
|ap_rst             |   in|    1|  ap_ctrl_hs|  sha256_acc_Pipeline_VITIS_LOOP_15_1|  return value|
|ap_start           |   in|    1|  ap_ctrl_hs|  sha256_acc_Pipeline_VITIS_LOOP_15_1|  return value|
|ap_done            |  out|    1|  ap_ctrl_hs|  sha256_acc_Pipeline_VITIS_LOOP_15_1|  return value|
|ap_idle            |  out|    1|  ap_ctrl_hs|  sha256_acc_Pipeline_VITIS_LOOP_15_1|  return value|
|ap_ready           |  out|    1|  ap_ctrl_hs|  sha256_acc_Pipeline_VITIS_LOOP_15_1|  return value|
|in_stream_TVALID   |   in|    1|        axis|                            in_stream|       pointer|
|in_stream_TDATA    |   in|   32|        axis|                            in_stream|       pointer|
|in_stream_TREADY   |  out|    1|        axis|                            in_stream|       pointer|
|w_V_15_out         |  out|   32|      ap_vld|                           w_V_15_out|       pointer|
|w_V_15_out_ap_vld  |  out|    1|      ap_vld|                           w_V_15_out|       pointer|
|w_V_14_out         |  out|   32|      ap_vld|                           w_V_14_out|       pointer|
|w_V_14_out_ap_vld  |  out|    1|      ap_vld|                           w_V_14_out|       pointer|
|w_V_13_out         |  out|   32|      ap_vld|                           w_V_13_out|       pointer|
|w_V_13_out_ap_vld  |  out|    1|      ap_vld|                           w_V_13_out|       pointer|
|w_V_12_out         |  out|   32|      ap_vld|                           w_V_12_out|       pointer|
|w_V_12_out_ap_vld  |  out|    1|      ap_vld|                           w_V_12_out|       pointer|
|w_V_11_out         |  out|   32|      ap_vld|                           w_V_11_out|       pointer|
|w_V_11_out_ap_vld  |  out|    1|      ap_vld|                           w_V_11_out|       pointer|
|w_V_10_out         |  out|   32|      ap_vld|                           w_V_10_out|       pointer|
|w_V_10_out_ap_vld  |  out|    1|      ap_vld|                           w_V_10_out|       pointer|
|w_V_9_out          |  out|   32|      ap_vld|                            w_V_9_out|       pointer|
|w_V_9_out_ap_vld   |  out|    1|      ap_vld|                            w_V_9_out|       pointer|
|w_V_8_out          |  out|   32|      ap_vld|                            w_V_8_out|       pointer|
|w_V_8_out_ap_vld   |  out|    1|      ap_vld|                            w_V_8_out|       pointer|
|w_V_7_out          |  out|   32|      ap_vld|                            w_V_7_out|       pointer|
|w_V_7_out_ap_vld   |  out|    1|      ap_vld|                            w_V_7_out|       pointer|
|w_V_6_out          |  out|   32|      ap_vld|                            w_V_6_out|       pointer|
|w_V_6_out_ap_vld   |  out|    1|      ap_vld|                            w_V_6_out|       pointer|
|w_V_5_out          |  out|   32|      ap_vld|                            w_V_5_out|       pointer|
|w_V_5_out_ap_vld   |  out|    1|      ap_vld|                            w_V_5_out|       pointer|
|w_V_4_out          |  out|   32|      ap_vld|                            w_V_4_out|       pointer|
|w_V_4_out_ap_vld   |  out|    1|      ap_vld|                            w_V_4_out|       pointer|
|w_V_3_out          |  out|   32|      ap_vld|                            w_V_3_out|       pointer|
|w_V_3_out_ap_vld   |  out|    1|      ap_vld|                            w_V_3_out|       pointer|
|w_V_2_out          |  out|   32|      ap_vld|                            w_V_2_out|       pointer|
|w_V_2_out_ap_vld   |  out|    1|      ap_vld|                            w_V_2_out|       pointer|
|w_V_1_out          |  out|   32|      ap_vld|                            w_V_1_out|       pointer|
|w_V_1_out_ap_vld   |  out|    1|      ap_vld|                            w_V_1_out|       pointer|
|w_V_out            |  out|   32|      ap_vld|                              w_V_out|       pointer|
|w_V_out_ap_vld     |  out|    1|      ap_vld|                              w_V_out|       pointer|
+-------------------+-----+-----+------------+-------------------------------------+--------------+

============================================================
+ Verbose Summary: Synthesis Manager
============================================================
InlineROM: 1
ExposeGlobal: 0
============================================================
+ Verbose Summary: CDFG Model
============================================================
IsTopModel: 0
ResetActiveHigh: 1
IsCombinational: 2
IsDatapathOnly: 2
HasWiredReturn: 1
HasMFsm: 2
HasVarLatency: 1
IsPipeline: 0
IsRtlPipelined: 0
IsInstanceOverlapped: 0
IsDontTouch: 0
HasImplIP: 0
IsGatedGlobalClock: 0

+ Individual pipeline summary: 
  * Pipeline-0: initiation interval (II) = 1, depth = 1


============================================================
+ Verbose Summary: Schedule
============================================================
* Number of FSM states : 1
* Pipeline : 1
  Pipeline-0 : II = 1, D = 1, States = { 1 }
* Dataflow Pipeline: 0

* FSM state transitions: 
1 --> 

* FSM state operations: 

State 1 <SV = 0> <Delay = 3.36>
ST_1 : Operation 4 [1/1] (0.00ns)   --->   "%i = alloca i32 1"   --->   Operation 4 'alloca' 'i' <Predicate = true> <Delay = 0.00>
ST_1 : Operation 5 [1/1] (0.00ns)   --->   "%w_V = alloca i32 1"   --->   Operation 5 'alloca' 'w_V' <Predicate = true> <Delay = 0.00>
ST_1 : Operation 6 [1/1] (0.00ns)   --->   "%w_V_1 = alloca i32 1"   --->   Operation 6 'alloca' 'w_V_1' <Predicate = true> <Delay = 0.00>
ST_1 : Operation 7 [1/1] (0.00ns)   --->   "%w_V_2 = alloca i32 1"   --->   Operation 7 'alloca' 'w_V_2' <Predicate = true> <Delay = 0.00>
ST_1 : Operation 8 [1/1] (0.00ns)   --->   "%w_V_3 = alloca i32 1"   --->   Operation 8 'alloca' 'w_V_3' <Predicate = true> <Delay = 0.00>
ST_1 : Operation 9 [1/1] (0.00ns)   --->   "%w_V_4 = alloca i32 1"   --->   Operation 9 'alloca' 'w_V_4' <Predicate = true> <Delay = 0.00>
ST_1 : Operation 10 [1/1] (0.00ns)   --->   "%w_V_5 = alloca i32 1"   --->   Operation 10 'alloca' 'w_V_5' <Predicate = true> <Delay = 0.00>
ST_1 : Operation 11 [1/1] (0.00ns)   --->   "%w_V_6 = alloca i32 1"   --->   Operation 11 'alloca' 'w_V_6' <Predicate = true> <Delay = 0.00>
ST_1 : Operation 12 [1/1] (0.00ns)   --->   "%w_V_7 = alloca i32 1"   --->   Operation 12 'alloca' 'w_V_7' <Predicate = true> <Delay = 0.00>
ST_1 : Operation 13 [1/1] (0.00ns)   --->   "%w_V_8 = alloca i32 1"   --->   Operation 13 'alloca' 'w_V_8' <Predicate = true> <Delay = 0.00>
ST_1 : Operation 14 [1/1] (0.00ns)   --->   "%w_V_9 = alloca i32 1"   --->   Operation 14 'alloca' 'w_V_9' <Predicate = true> <Delay = 0.00>
ST_1 : Operation 15 [1/1] (0.00ns)   --->   "%w_V_10 = alloca i32 1"   --->   Operation 15 'alloca' 'w_V_10' <Predicate = true> <Delay = 0.00>
ST_1 : Operation 16 [1/1] (0.00ns)   --->   "%w_V_11 = alloca i32 1"   --->   Operation 16 'alloca' 'w_V_11' <Predicate = true> <Delay = 0.00>
ST_1 : Operation 17 [1/1] (0.00ns)   --->   "%w_V_12 = alloca i32 1"   --->   Operation 17 'alloca' 'w_V_12' <Predicate = true> <Delay = 0.00>
ST_1 : Operation 18 [1/1] (0.00ns)   --->   "%w_V_13 = alloca i32 1"   --->   Operation 18 'alloca' 'w_V_13' <Predicate = true> <Delay = 0.00>
ST_1 : Operation 19 [1/1] (0.00ns)   --->   "%w_V_14 = alloca i32 1"   --->   Operation 19 'alloca' 'w_V_14' <Predicate = true> <Delay = 0.00>
ST_1 : Operation 20 [1/1] (0.00ns)   --->   "%w_V_15 = alloca i32 1"   --->   Operation 20 'alloca' 'w_V_15' <Predicate = true> <Delay = 0.00>
ST_1 : Operation 21 [1/1] (0.00ns)   --->   "%specinterface_ln0 = specinterface void @_ssdm_op_SpecInterface, i32 %in_stream, void @empty, i32 0, i32 0, void @empty_0, i32 0, i32 0, void @empty_1, void @empty_1, void @empty_1, i32 0, i32 0, i32 0, i32 0, void @empty_1, void @empty_1, i32 4294967295, i32 0"   --->   Operation 21 'specinterface' 'specinterface_ln0' <Predicate = true> <Delay = 0.00>
ST_1 : Operation 22 [1/1] (1.58ns)   --->   "%store_ln0 = store i5 0, i5 %i"   --->   Operation 22 'store' 'store_ln0' <Predicate = true> <Delay = 1.58>
ST_1 : Operation 23 [1/1] (0.00ns)   --->   "%br_ln0 = br void %for.inc"   --->   Operation 23 'br' 'br_ln0' <Predicate = true> <Delay = 0.00>
ST_1 : Operation 24 [1/1] (0.00ns)   --->   "%i_2 = load i5 %i" [sha256.cpp:17]   --->   Operation 24 'load' 'i_2' <Predicate = true> <Delay = 0.00>
ST_1 : Operation 25 [1/1] (1.36ns)   --->   "%icmp_ln15 = icmp_eq  i5 %i_2, i5 16" [sha256.cpp:15]   --->   Operation 25 'icmp' 'icmp_ln15' <Predicate = true> <Delay = 1.36> <CoreInst = "Cmp">   --->   Core 9 'Cmp' <Latency = 0> <II = 1> <Delay = 1.42> <FuncUnit> <Opcode : 'icmp'> <InPorts = 2> <OutPorts = 1>
ST_1 : Operation 26 [1/1] (0.00ns)   --->   "%empty = speclooptripcount i32 @_ssdm_op_SpecLoopTripCount, i64 16, i64 16, i64 16"   --->   Operation 26 'speclooptripcount' 'empty' <Predicate = true> <Delay = 0.00>
ST_1 : Operation 27 [1/1] (1.78ns)   --->   "%add_ln15 = add i5 %i_2, i5 1" [sha256.cpp:15]   --->   Operation 27 'add' 'add_ln15' <Predicate = true> <Delay = 1.78> <CoreInst = "Adder">   --->   Core 1 'Adder' <Latency = 0> <II = 1> <Delay = 1.78> <FuncUnit> <Opcode : 'add' 'sub'> <InPorts = 2> <OutPorts = 1>
ST_1 : Operation 28 [1/1] (0.00ns)   --->   "%br_ln15 = br i1 %icmp_ln15, void %for.inc.split, void %for.inc73.preheader.exitStub" [sha256.cpp:15]   --->   Operation 28 'br' 'br_ln15' <Predicate = true> <Delay = 0.00>
ST_1 : Operation 29 [1/1] (0.00ns)   --->   "%specpipeline_ln16 = specpipeline void @_ssdm_op_SpecPipeline, i32 1, i32 0, i32 0, i32 0, void @empty_1" [sha256.cpp:16]   --->   Operation 29 'specpipeline' 'specpipeline_ln16' <Predicate = (!icmp_ln15)> <Delay = 0.00>
ST_1 : Operation 30 [1/1] (0.00ns)   --->   "%specloopname_ln8 = specloopname void @_ssdm_op_SpecLoopName, void @empty_9" [sha256.cpp:8]   --->   Operation 30 'specloopname' 'specloopname_ln8' <Predicate = (!icmp_ln15)> <Delay = 0.00>
ST_1 : Operation 31 [1/1] (0.00ns)   --->   "%w_V_49 = read i32 @_ssdm_op_Read.axis.volatile.i32P128A, i32 %in_stream" [sha256.cpp:17]   --->   Operation 31 'read' 'w_V_49' <Predicate = (!icmp_ln15)> <Delay = 0.00> <CoreInst = "axis">   --->   Core 115 'axis' <Latency = 0> <II = 1> <Delay = 1.00> <Adapter> <Opcode : >
ST_1 : Operation 32 [1/1] (0.00ns)   --->   "%trunc_ln17 = trunc i5 %i_2" [sha256.cpp:17]   --->   Operation 32 'trunc' 'trunc_ln17' <Predicate = (!icmp_ln15)> <Delay = 0.00>
ST_1 : Operation 33 [1/1] (0.95ns)   --->   "%switch_ln17 = switch i4 %trunc_ln17, void %arrayidx.case.15, i4 0, void %for.inc.split.arrayidx.exit_crit_edge1, i4 1, void %arrayidx.case.1, i4 2, void %arrayidx.case.2, i4 3, void %arrayidx.case.3, i4 4, void %arrayidx.case.4, i4 5, void %arrayidx.case.5, i4 6, void %arrayidx.case.6, i4 7, void %arrayidx.case.7, i4 8, void %arrayidx.case.8, i4 9, void %arrayidx.case.9, i4 10, void %arrayidx.case.10, i4 11, void %arrayidx.case.11, i4 12, void %arrayidx.case.12, i4 13, void %arrayidx.case.13, i4 14, void %for.inc.split.arrayidx.exit_crit_edge" [sha256.cpp:17]   --->   Operation 33 'switch' 'switch_ln17' <Predicate = (!icmp_ln15)> <Delay = 0.95>
ST_1 : Operation 34 [1/1] (0.00ns)   --->   "%store_ln17 = store i32 %w_V_49, i32 %w_V_14" [sha256.cpp:17]   --->   Operation 34 'store' 'store_ln17' <Predicate = (!icmp_ln15 & trunc_ln17 == 14)> <Delay = 0.00>
ST_1 : Operation 35 [1/1] (0.00ns)   --->   "%br_ln17 = br void %arrayidx.exit" [sha256.cpp:17]   --->   Operation 35 'br' 'br_ln17' <Predicate = (!icmp_ln15 & trunc_ln17 == 14)> <Delay = 0.00>
ST_1 : Operation 36 [1/1] (0.00ns)   --->   "%store_ln17 = store i32 %w_V_49, i32 %w_V_13" [sha256.cpp:17]   --->   Operation 36 'store' 'store_ln17' <Predicate = (!icmp_ln15 & trunc_ln17 == 13)> <Delay = 0.00>
ST_1 : Operation 37 [1/1] (0.00ns)   --->   "%br_ln17 = br void %arrayidx.exit" [sha256.cpp:17]   --->   Operation 37 'br' 'br_ln17' <Predicate = (!icmp_ln15 & trunc_ln17 == 13)> <Delay = 0.00>
ST_1 : Operation 38 [1/1] (0.00ns)   --->   "%store_ln17 = store i32 %w_V_49, i32 %w_V_12" [sha256.cpp:17]   --->   Operation 38 'store' 'store_ln17' <Predicate = (!icmp_ln15 & trunc_ln17 == 12)> <Delay = 0.00>
ST_1 : Operation 39 [1/1] (0.00ns)   --->   "%br_ln17 = br void %arrayidx.exit" [sha256.cpp:17]   --->   Operation 39 'br' 'br_ln17' <Predicate = (!icmp_ln15 & trunc_ln17 == 12)> <Delay = 0.00>
ST_1 : Operation 40 [1/1] (0.00ns)   --->   "%store_ln17 = store i32 %w_V_49, i32 %w_V_11" [sha256.cpp:17]   --->   Operation 40 'store' 'store_ln17' <Predicate = (!icmp_ln15 & trunc_ln17 == 11)> <Delay = 0.00>
ST_1 : Operation 41 [1/1] (0.00ns)   --->   "%br_ln17 = br void %arrayidx.exit" [sha256.cpp:17]   --->   Operation 41 'br' 'br_ln17' <Predicate = (!icmp_ln15 & trunc_ln17 == 11)> <Delay = 0.00>
ST_1 : Operation 42 [1/1] (0.00ns)   --->   "%store_ln17 = store i32 %w_V_49, i32 %w_V_10" [sha256.cpp:17]   --->   Operation 42 'store' 'store_ln17' <Predicate = (!icmp_ln15 & trunc_ln17 == 10)> <Delay = 0.00>
ST_1 : Operation 43 [1/1] (0.00ns)   --->   "%br_ln17 = br void %arrayidx.exit" [sha256.cpp:17]   --->   Operation 43 'br' 'br_ln17' <Predicate = (!icmp_ln15 & trunc_ln17 == 10)> <Delay = 0.00>
ST_1 : Operation 44 [1/1] (0.00ns)   --->   "%store_ln17 = store i32 %w_V_49, i32 %w_V_9" [sha256.cpp:17]   --->   Operation 44 'store' 'store_ln17' <Predicate = (!icmp_ln15 & trunc_ln17 == 9)> <Delay = 0.00>
ST_1 : Operation 45 [1/1] (0.00ns)   --->   "%br_ln17 = br void %arrayidx.exit" [sha256.cpp:17]   --->   Operation 45 'br' 'br_ln17' <Predicate = (!icmp_ln15 & trunc_ln17 == 9)> <Delay = 0.00>
ST_1 : Operation 46 [1/1] (0.00ns)   --->   "%store_ln17 = store i32 %w_V_49, i32 %w_V_8" [sha256.cpp:17]   --->   Operation 46 'store' 'store_ln17' <Predicate = (!icmp_ln15 & trunc_ln17 == 8)> <Delay = 0.00>
ST_1 : Operation 47 [1/1] (0.00ns)   --->   "%br_ln17 = br void %arrayidx.exit" [sha256.cpp:17]   --->   Operation 47 'br' 'br_ln17' <Predicate = (!icmp_ln15 & trunc_ln17 == 8)> <Delay = 0.00>
ST_1 : Operation 48 [1/1] (0.00ns)   --->   "%store_ln17 = store i32 %w_V_49, i32 %w_V_7" [sha256.cpp:17]   --->   Operation 48 'store' 'store_ln17' <Predicate = (!icmp_ln15 & trunc_ln17 == 7)> <Delay = 0.00>
ST_1 : Operation 49 [1/1] (0.00ns)   --->   "%br_ln17 = br void %arrayidx.exit" [sha256.cpp:17]   --->   Operation 49 'br' 'br_ln17' <Predicate = (!icmp_ln15 & trunc_ln17 == 7)> <Delay = 0.00>
ST_1 : Operation 50 [1/1] (0.00ns)   --->   "%store_ln17 = store i32 %w_V_49, i32 %w_V_6" [sha256.cpp:17]   --->   Operation 50 'store' 'store_ln17' <Predicate = (!icmp_ln15 & trunc_ln17 == 6)> <Delay = 0.00>
ST_1 : Operation 51 [1/1] (0.00ns)   --->   "%br_ln17 = br void %arrayidx.exit" [sha256.cpp:17]   --->   Operation 51 'br' 'br_ln17' <Predicate = (!icmp_ln15 & trunc_ln17 == 6)> <Delay = 0.00>
ST_1 : Operation 52 [1/1] (0.00ns)   --->   "%store_ln17 = store i32 %w_V_49, i32 %w_V_5" [sha256.cpp:17]   --->   Operation 52 'store' 'store_ln17' <Predicate = (!icmp_ln15 & trunc_ln17 == 5)> <Delay = 0.00>
ST_1 : Operation 53 [1/1] (0.00ns)   --->   "%br_ln17 = br void %arrayidx.exit" [sha256.cpp:17]   --->   Operation 53 'br' 'br_ln17' <Predicate = (!icmp_ln15 & trunc_ln17 == 5)> <Delay = 0.00>
ST_1 : Operation 54 [1/1] (0.00ns)   --->   "%store_ln17 = store i32 %w_V_49, i32 %w_V_4" [sha256.cpp:17]   --->   Operation 54 'store' 'store_ln17' <Predicate = (!icmp_ln15 & trunc_ln17 == 4)> <Delay = 0.00>
ST_1 : Operation 55 [1/1] (0.00ns)   --->   "%br_ln17 = br void %arrayidx.exit" [sha256.cpp:17]   --->   Operation 55 'br' 'br_ln17' <Predicate = (!icmp_ln15 & trunc_ln17 == 4)> <Delay = 0.00>
ST_1 : Operation 56 [1/1] (0.00ns)   --->   "%store_ln17 = store i32 %w_V_49, i32 %w_V_3" [sha256.cpp:17]   --->   Operation 56 'store' 'store_ln17' <Predicate = (!icmp_ln15 & trunc_ln17 == 3)> <Delay = 0.00>
ST_1 : Operation 57 [1/1] (0.00ns)   --->   "%br_ln17 = br void %arrayidx.exit" [sha256.cpp:17]   --->   Operation 57 'br' 'br_ln17' <Predicate = (!icmp_ln15 & trunc_ln17 == 3)> <Delay = 0.00>
ST_1 : Operation 58 [1/1] (0.00ns)   --->   "%store_ln17 = store i32 %w_V_49, i32 %w_V_2" [sha256.cpp:17]   --->   Operation 58 'store' 'store_ln17' <Predicate = (!icmp_ln15 & trunc_ln17 == 2)> <Delay = 0.00>
ST_1 : Operation 59 [1/1] (0.00ns)   --->   "%br_ln17 = br void %arrayidx.exit" [sha256.cpp:17]   --->   Operation 59 'br' 'br_ln17' <Predicate = (!icmp_ln15 & trunc_ln17 == 2)> <Delay = 0.00>
ST_1 : Operation 60 [1/1] (0.00ns)   --->   "%store_ln17 = store i32 %w_V_49, i32 %w_V_1" [sha256.cpp:17]   --->   Operation 60 'store' 'store_ln17' <Predicate = (!icmp_ln15 & trunc_ln17 == 1)> <Delay = 0.00>
ST_1 : Operation 61 [1/1] (0.00ns)   --->   "%br_ln17 = br void %arrayidx.exit" [sha256.cpp:17]   --->   Operation 61 'br' 'br_ln17' <Predicate = (!icmp_ln15 & trunc_ln17 == 1)> <Delay = 0.00>
ST_1 : Operation 62 [1/1] (0.00ns)   --->   "%store_ln17 = store i32 %w_V_49, i32 %w_V" [sha256.cpp:17]   --->   Operation 62 'store' 'store_ln17' <Predicate = (!icmp_ln15 & trunc_ln17 == 0)> <Delay = 0.00>
ST_1 : Operation 63 [1/1] (0.00ns)   --->   "%br_ln17 = br void %arrayidx.exit" [sha256.cpp:17]   --->   Operation 63 'br' 'br_ln17' <Predicate = (!icmp_ln15 & trunc_ln17 == 0)> <Delay = 0.00>
ST_1 : Operation 64 [1/1] (0.00ns)   --->   "%store_ln17 = store i32 %w_V_49, i32 %w_V_15" [sha256.cpp:17]   --->   Operation 64 'store' 'store_ln17' <Predicate = (!icmp_ln15 & trunc_ln17 == 15)> <Delay = 0.00>
ST_1 : Operation 65 [1/1] (0.00ns)   --->   "%br_ln17 = br void %arrayidx.exit" [sha256.cpp:17]   --->   Operation 65 'br' 'br_ln17' <Predicate = (!icmp_ln15 & trunc_ln17 == 15)> <Delay = 0.00>
ST_1 : Operation 66 [1/1] (1.58ns)   --->   "%store_ln15 = store i5 %add_ln15, i5 %i" [sha256.cpp:15]   --->   Operation 66 'store' 'store_ln15' <Predicate = (!icmp_ln15)> <Delay = 1.58>
ST_1 : Operation 67 [1/1] (0.00ns)   --->   "%br_ln15 = br void %for.inc" [sha256.cpp:15]   --->   Operation 67 'br' 'br_ln15' <Predicate = (!icmp_ln15)> <Delay = 0.00>
ST_1 : Operation 68 [1/1] (0.00ns)   --->   "%w_V_load = load i32 %w_V"   --->   Operation 68 'load' 'w_V_load' <Predicate = (icmp_ln15)> <Delay = 0.00>
ST_1 : Operation 69 [1/1] (0.00ns)   --->   "%w_V_1_load = load i32 %w_V_1"   --->   Operation 69 'load' 'w_V_1_load' <Predicate = (icmp_ln15)> <Delay = 0.00>
ST_1 : Operation 70 [1/1] (0.00ns)   --->   "%w_V_2_load = load i32 %w_V_2"   --->   Operation 70 'load' 'w_V_2_load' <Predicate = (icmp_ln15)> <Delay = 0.00>
ST_1 : Operation 71 [1/1] (0.00ns)   --->   "%w_V_3_load = load i32 %w_V_3"   --->   Operation 71 'load' 'w_V_3_load' <Predicate = (icmp_ln15)> <Delay = 0.00>
ST_1 : Operation 72 [1/1] (0.00ns)   --->   "%w_V_4_load = load i32 %w_V_4"   --->   Operation 72 'load' 'w_V_4_load' <Predicate = (icmp_ln15)> <Delay = 0.00>
ST_1 : Operation 73 [1/1] (0.00ns)   --->   "%w_V_5_load = load i32 %w_V_5"   --->   Operation 73 'load' 'w_V_5_load' <Predicate = (icmp_ln15)> <Delay = 0.00>
ST_1 : Operation 74 [1/1] (0.00ns)   --->   "%w_V_6_load = load i32 %w_V_6"   --->   Operation 74 'load' 'w_V_6_load' <Predicate = (icmp_ln15)> <Delay = 0.00>
ST_1 : Operation 75 [1/1] (0.00ns)   --->   "%w_V_7_load = load i32 %w_V_7"   --->   Operation 75 'load' 'w_V_7_load' <Predicate = (icmp_ln15)> <Delay = 0.00>
ST_1 : Operation 76 [1/1] (0.00ns)   --->   "%w_V_8_load = load i32 %w_V_8"   --->   Operation 76 'load' 'w_V_8_load' <Predicate = (icmp_ln15)> <Delay = 0.00>
ST_1 : Operation 77 [1/1] (0.00ns)   --->   "%w_V_9_load = load i32 %w_V_9"   --->   Operation 77 'load' 'w_V_9_load' <Predicate = (icmp_ln15)> <Delay = 0.00>
ST_1 : Operation 78 [1/1] (0.00ns)   --->   "%w_V_10_load = load i32 %w_V_10"   --->   Operation 78 'load' 'w_V_10_load' <Predicate = (icmp_ln15)> <Delay = 0.00>
ST_1 : Operation 79 [1/1] (0.00ns)   --->   "%w_V_11_load = load i32 %w_V_11"   --->   Operation 79 'load' 'w_V_11_load' <Predicate = (icmp_ln15)> <Delay = 0.00>
ST_1 : Operation 80 [1/1] (0.00ns)   --->   "%w_V_12_load = load i32 %w_V_12"   --->   Operation 80 'load' 'w_V_12_load' <Predicate = (icmp_ln15)> <Delay = 0.00>
ST_1 : Operation 81 [1/1] (0.00ns)   --->   "%w_V_13_load = load i32 %w_V_13"   --->   Operation 81 'load' 'w_V_13_load' <Predicate = (icmp_ln15)> <Delay = 0.00>
ST_1 : Operation 82 [1/1] (0.00ns)   --->   "%w_V_14_load = load i32 %w_V_14"   --->   Operation 82 'load' 'w_V_14_load' <Predicate = (icmp_ln15)> <Delay = 0.00>
ST_1 : Operation 83 [1/1] (0.00ns)   --->   "%w_V_15_load = load i32 %w_V_15"   --->   Operation 83 'load' 'w_V_15_load' <Predicate = (icmp_ln15)> <Delay = 0.00>
ST_1 : Operation 84 [1/1] (0.00ns)   --->   "%write_ln0 = write void @_ssdm_op_Write.ap_auto.i32P0A, i32 %w_V_15_out, i32 %w_V_15_load"   --->   Operation 84 'write' 'write_ln0' <Predicate = (icmp_ln15)> <Delay = 0.00>
ST_1 : Operation 85 [1/1] (0.00ns)   --->   "%write_ln0 = write void @_ssdm_op_Write.ap_auto.i32P0A, i32 %w_V_14_out, i32 %w_V_14_load"   --->   Operation 85 'write' 'write_ln0' <Predicate = (icmp_ln15)> <Delay = 0.00>
ST_1 : Operation 86 [1/1] (0.00ns)   --->   "%write_ln0 = write void @_ssdm_op_Write.ap_auto.i32P0A, i32 %w_V_13_out, i32 %w_V_13_load"   --->   Operation 86 'write' 'write_ln0' <Predicate = (icmp_ln15)> <Delay = 0.00>
ST_1 : Operation 87 [1/1] (0.00ns)   --->   "%write_ln0 = write void @_ssdm_op_Write.ap_auto.i32P0A, i32 %w_V_12_out, i32 %w_V_12_load"   --->   Operation 87 'write' 'write_ln0' <Predicate = (icmp_ln15)> <Delay = 0.00>
ST_1 : Operation 88 [1/1] (0.00ns)   --->   "%write_ln0 = write void @_ssdm_op_Write.ap_auto.i32P0A, i32 %w_V_11_out, i32 %w_V_11_load"   --->   Operation 88 'write' 'write_ln0' <Predicate = (icmp_ln15)> <Delay = 0.00>
ST_1 : Operation 89 [1/1] (0.00ns)   --->   "%write_ln0 = write void @_ssdm_op_Write.ap_auto.i32P0A, i32 %w_V_10_out, i32 %w_V_10_load"   --->   Operation 89 'write' 'write_ln0' <Predicate = (icmp_ln15)> <Delay = 0.00>
ST_1 : Operation 90 [1/1] (0.00ns)   --->   "%write_ln0 = write void @_ssdm_op_Write.ap_auto.i32P0A, i32 %w_V_9_out, i32 %w_V_9_load"   --->   Operation 90 'write' 'write_ln0' <Predicate = (icmp_ln15)> <Delay = 0.00>
ST_1 : Operation 91 [1/1] (0.00ns)   --->   "%write_ln0 = write void @_ssdm_op_Write.ap_auto.i32P0A, i32 %w_V_8_out, i32 %w_V_8_load"   --->   Operation 91 'write' 'write_ln0' <Predicate = (icmp_ln15)> <Delay = 0.00>
ST_1 : Operation 92 [1/1] (0.00ns)   --->   "%write_ln0 = write void @_ssdm_op_Write.ap_auto.i32P0A, i32 %w_V_7_out, i32 %w_V_7_load"   --->   Operation 92 'write' 'write_ln0' <Predicate = (icmp_ln15)> <Delay = 0.00>
ST_1 : Operation 93 [1/1] (0.00ns)   --->   "%write_ln0 = write void @_ssdm_op_Write.ap_auto.i32P0A, i32 %w_V_6_out, i32 %w_V_6_load"   --->   Operation 93 'write' 'write_ln0' <Predicate = (icmp_ln15)> <Delay = 0.00>
ST_1 : Operation 94 [1/1] (0.00ns)   --->   "%write_ln0 = write void @_ssdm_op_Write.ap_auto.i32P0A, i32 %w_V_5_out, i32 %w_V_5_load"   --->   Operation 94 'write' 'write_ln0' <Predicate = (icmp_ln15)> <Delay = 0.00>
ST_1 : Operation 95 [1/1] (0.00ns)   --->   "%write_ln0 = write void @_ssdm_op_Write.ap_auto.i32P0A, i32 %w_V_4_out, i32 %w_V_4_load"   --->   Operation 95 'write' 'write_ln0' <Predicate = (icmp_ln15)> <Delay = 0.00>
ST_1 : Operation 96 [1/1] (0.00ns)   --->   "%write_ln0 = write void @_ssdm_op_Write.ap_auto.i32P0A, i32 %w_V_3_out, i32 %w_V_3_load"   --->   Operation 96 'write' 'write_ln0' <Predicate = (icmp_ln15)> <Delay = 0.00>
ST_1 : Operation 97 [1/1] (0.00ns)   --->   "%write_ln0 = write void @_ssdm_op_Write.ap_auto.i32P0A, i32 %w_V_2_out, i32 %w_V_2_load"   --->   Operation 97 'write' 'write_ln0' <Predicate = (icmp_ln15)> <Delay = 0.00>
ST_1 : Operation 98 [1/1] (0.00ns)   --->   "%write_ln0 = write void @_ssdm_op_Write.ap_auto.i32P0A, i32 %w_V_1_out, i32 %w_V_1_load"   --->   Operation 98 'write' 'write_ln0' <Predicate = (icmp_ln15)> <Delay = 0.00>
ST_1 : Operation 99 [1/1] (0.00ns)   --->   "%write_ln0 = write void @_ssdm_op_Write.ap_auto.i32P0A, i32 %w_V_out, i32 %w_V_load"   --->   Operation 99 'write' 'write_ln0' <Predicate = (icmp_ln15)> <Delay = 0.00>
ST_1 : Operation 100 [1/1] (0.00ns)   --->   "%ret_ln0 = ret"   --->   Operation 100 'ret' 'ret_ln0' <Predicate = (icmp_ln15)> <Delay = 0.00>


============================================================
+ Verbose Summary: Binding
============================================================
STG Binding: 
---------------- STG Properties BEGIN ----------------
- Is combinational: 0
- Is one-state seq: 0
- Is datapath-only: 0
- Is pipelined: 0
- Is top level: 0
Port [ Return ] is wired: 1; IO mode=ap_ctrl_hs:ce=0
Port [ in_stream]:  wired=1; compound=1; hidden=0; nouse=0; global=0; static=0; extern=0; dir=0; type=0; pingpong=0; private_global=0; IO mode=axis:ce=0
Port [ w_V_15_out]:  wired=1; compound=0; hidden=0; nouse=0; global=0; static=0; extern=0; dir=1; type=0; pingpong=0; private_global=0; IO mode=ap_vld:ce=0
Port [ w_V_14_out]:  wired=1; compound=0; hidden=0; nouse=0; global=0; static=0; extern=0; dir=1; type=0; pingpong=0; private_global=0; IO mode=ap_vld:ce=0
Port [ w_V_13_out]:  wired=1; compound=0; hidden=0; nouse=0; global=0; static=0; extern=0; dir=1; type=0; pingpong=0; private_global=0; IO mode=ap_vld:ce=0
Port [ w_V_12_out]:  wired=1; compound=0; hidden=0; nouse=0; global=0; static=0; extern=0; dir=1; type=0; pingpong=0; private_global=0; IO mode=ap_vld:ce=0
Port [ w_V_11_out]:  wired=1; compound=0; hidden=0; nouse=0; global=0; static=0; extern=0; dir=1; type=0; pingpong=0; private_global=0; IO mode=ap_vld:ce=0
Port [ w_V_10_out]:  wired=1; compound=0; hidden=0; nouse=0; global=0; static=0; extern=0; dir=1; type=0; pingpong=0; private_global=0; IO mode=ap_vld:ce=0
Port [ w_V_9_out]:  wired=1; compound=0; hidden=0; nouse=0; global=0; static=0; extern=0; dir=1; type=0; pingpong=0; private_global=0; IO mode=ap_vld:ce=0
Port [ w_V_8_out]:  wired=1; compound=0; hidden=0; nouse=0; global=0; static=0; extern=0; dir=1; type=0; pingpong=0; private_global=0; IO mode=ap_vld:ce=0
Port [ w_V_7_out]:  wired=1; compound=0; hidden=0; nouse=0; global=0; static=0; extern=0; dir=1; type=0; pingpong=0; private_global=0; IO mode=ap_vld:ce=0
Port [ w_V_6_out]:  wired=1; compound=0; hidden=0; nouse=0; global=0; static=0; extern=0; dir=1; type=0; pingpong=0; private_global=0; IO mode=ap_vld:ce=0
Port [ w_V_5_out]:  wired=1; compound=0; hidden=0; nouse=0; global=0; static=0; extern=0; dir=1; type=0; pingpong=0; private_global=0; IO mode=ap_vld:ce=0
Port [ w_V_4_out]:  wired=1; compound=0; hidden=0; nouse=0; global=0; static=0; extern=0; dir=1; type=0; pingpong=0; private_global=0; IO mode=ap_vld:ce=0
Port [ w_V_3_out]:  wired=1; compound=0; hidden=0; nouse=0; global=0; static=0; extern=0; dir=1; type=0; pingpong=0; private_global=0; IO mode=ap_vld:ce=0
Port [ w_V_2_out]:  wired=1; compound=0; hidden=0; nouse=0; global=0; static=0; extern=0; dir=1; type=0; pingpong=0; private_global=0; IO mode=ap_vld:ce=0
Port [ w_V_1_out]:  wired=1; compound=0; hidden=0; nouse=0; global=0; static=0; extern=0; dir=1; type=0; pingpong=0; private_global=0; IO mode=ap_vld:ce=0
Port [ w_V_out]:  wired=1; compound=0; hidden=0; nouse=0; global=0; static=0; extern=0; dir=1; type=0; pingpong=0; private_global=0; IO mode=ap_vld:ce=0
---------------- STG Properties END ------------------

---------------- Datapath Model BEGIN ----------------

<LifeTime>
<method=bitvector/>
i                 (alloca           ) [ 01]
w_V               (alloca           ) [ 01]
w_V_1             (alloca           ) [ 01]
w_V_2             (alloca           ) [ 01]
w_V_3             (alloca           ) [ 01]
w_V_4             (alloca           ) [ 01]
w_V_5             (alloca           ) [ 01]
w_V_6             (alloca           ) [ 01]
w_V_7             (alloca           ) [ 01]
w_V_8             (alloca           ) [ 01]
w_V_9             (alloca           ) [ 01]
w_V_10            (alloca           ) [ 01]
w_V_11            (alloca           ) [ 01]
w_V_12            (alloca           ) [ 01]
w_V_13            (alloca           ) [ 01]
w_V_14            (alloca           ) [ 01]
w_V_15            (alloca           ) [ 01]
specinterface_ln0 (specinterface    ) [ 00]
store_ln0         (store            ) [ 00]
br_ln0            (br               ) [ 00]
i_2               (load             ) [ 00]
icmp_ln15         (icmp             ) [ 01]
empty             (speclooptripcount) [ 00]
add_ln15          (add              ) [ 00]
br_ln15           (br               ) [ 00]
specpipeline_ln16 (specpipeline     ) [ 00]
specloopname_ln8  (specloopname     ) [ 00]
w_V_49            (read             ) [ 00]
trunc_ln17        (trunc            ) [ 01]
switch_ln17       (switch           ) [ 00]
store_ln17        (store            ) [ 00]
br_ln17           (br               ) [ 00]
store_ln17        (store            ) [ 00]
br_ln17           (br               ) [ 00]
store_ln17        (store            ) [ 00]
br_ln17           (br               ) [ 00]
store_ln17        (store            ) [ 00]
br_ln17           (br               ) [ 00]
store_ln17        (store            ) [ 00]
br_ln17           (br               ) [ 00]
store_ln17        (store            ) [ 00]
br_ln17           (br               ) [ 00]
store_ln17        (store            ) [ 00]
br_ln17           (br               ) [ 00]
store_ln17        (store            ) [ 00]
br_ln17           (br               ) [ 00]
store_ln17        (store            ) [ 00]
br_ln17           (br               ) [ 00]
store_ln17        (store            ) [ 00]
br_ln17           (br               ) [ 00]
store_ln17        (store            ) [ 00]
br_ln17           (br               ) [ 00]
store_ln17        (store            ) [ 00]
br_ln17           (br               ) [ 00]
store_ln17        (store            ) [ 00]
br_ln17           (br               ) [ 00]
store_ln17        (store            ) [ 00]
br_ln17           (br               ) [ 00]
store_ln17        (store            ) [ 00]
br_ln17           (br               ) [ 00]
store_ln17        (store            ) [ 00]
br_ln17           (br               ) [ 00]
store_ln15        (store            ) [ 00]
br_ln15           (br               ) [ 00]
w_V_load          (load             ) [ 00]
w_V_1_load        (load             ) [ 00]
w_V_2_load        (load             ) [ 00]
w_V_3_load        (load             ) [ 00]
w_V_4_load        (load             ) [ 00]
w_V_5_load        (load             ) [ 00]
w_V_6_load        (load             ) [ 00]
w_V_7_load        (load             ) [ 00]
w_V_8_load        (load             ) [ 00]
w_V_9_load        (load             ) [ 00]
w_V_10_load       (load             ) [ 00]
w_V_11_load       (load             ) [ 00]
w_V_12_load       (load             ) [ 00]
w_V_13_load       (load             ) [ 00]
w_V_14_load       (load             ) [ 00]
w_V_15_load       (load             ) [ 00]
write_ln0         (write            ) [ 00]
write_ln0         (write            ) [ 00]
write_ln0         (write            ) [ 00]
write_ln0         (write            ) [ 00]
write_ln0         (write            ) [ 00]
write_ln0         (write            ) [ 00]
write_ln0         (write            ) [ 00]
write_ln0         (write            ) [ 00]
write_ln0         (write            ) [ 00]
write_ln0         (write            ) [ 00]
write_ln0         (write            ) [ 00]
write_ln0         (write            ) [ 00]
write_ln0         (write            ) [ 00]
write_ln0         (write            ) [ 00]
write_ln0         (write            ) [ 00]
write_ln0         (write            ) [ 00]
ret_ln0           (ret              ) [ 00]
</LifeTime>

<model>

<comp_list>
<comp id="0" class="1000" name="in_stream">
<pin_list>
<pin id="1" dir="1" index="0" bw="1" slack="0"/>
</pin_list>
<bind>
<StgValue><ssdm name="in_stream"/></StgValue>
</bind>
</comp>

<comp id="2" class="1000" name="w_V_15_out">
<pin_list>
<pin id="3" dir="1" index="0" bw="1" slack="0"/>
</pin_list>
<bind>
<StgValue><ssdm name="w_V_15_out"/></StgValue>
</bind>
</comp>

<comp id="4" class="1000" name="w_V_14_out">
<pin_list>
<pin id="5" dir="1" index="0" bw="1" slack="0"/>
</pin_list>
<bind>
<StgValue><ssdm name="w_V_14_out"/></StgValue>
</bind>
</comp>

<comp id="6" class="1000" name="w_V_13_out">
<pin_list>
<pin id="7" dir="1" index="0" bw="1" slack="0"/>
</pin_list>
<bind>
<StgValue><ssdm name="w_V_13_out"/></StgValue>
</bind>
</comp>

<comp id="8" class="1000" name="w_V_12_out">
<pin_list>
<pin id="9" dir="1" index="0" bw="1" slack="0"/>
</pin_list>
<bind>
<StgValue><ssdm name="w_V_12_out"/></StgValue>
</bind>
</comp>

<comp id="10" class="1000" name="w_V_11_out">
<pin_list>
<pin id="11" dir="1" index="0" bw="1" slack="0"/>
</pin_list>
<bind>
<StgValue><ssdm name="w_V_11_out"/></StgValue>
</bind>
</comp>

<comp id="12" class="1000" name="w_V_10_out">
<pin_list>
<pin id="13" dir="1" index="0" bw="1" slack="0"/>
</pin_list>
<bind>
<StgValue><ssdm name="w_V_10_out"/></StgValue>
</bind>
</comp>

<comp id="14" class="1000" name="w_V_9_out">
<pin_list>
<pin id="15" dir="1" index="0" bw="1" slack="0"/>
</pin_list>
<bind>
<StgValue><ssdm name="w_V_9_out"/></StgValue>
</bind>
</comp>

<comp id="16" class="1000" name="w_V_8_out">
<pin_list>
<pin id="17" dir="1" index="0" bw="1" slack="0"/>
</pin_list>
<bind>
<StgValue><ssdm name="w_V_8_out"/></StgValue>
</bind>
</comp>

<comp id="18" class="1000" name="w_V_7_out">
<pin_list>
<pin id="19" dir="1" index="0" bw="1" slack="0"/>
</pin_list>
<bind>
<StgValue><ssdm name="w_V_7_out"/></StgValue>
</bind>
</comp>

<comp id="20" class="1000" name="w_V_6_out">
<pin_list>
<pin id="21" dir="1" index="0" bw="1" slack="0"/>
</pin_list>
<bind>
<StgValue><ssdm name="w_V_6_out"/></StgValue>
</bind>
</comp>

<comp id="22" class="1000" name="w_V_5_out">
<pin_list>
<pin id="23" dir="1" index="0" bw="1" slack="0"/>
</pin_list>
<bind>
<StgValue><ssdm name="w_V_5_out"/></StgValue>
</bind>
</comp>

<comp id="24" class="1000" name="w_V_4_out">
<pin_list>
<pin id="25" dir="1" index="0" bw="1" slack="0"/>
</pin_list>
<bind>
<StgValue><ssdm name="w_V_4_out"/></StgValue>
</bind>
</comp>

<comp id="26" class="1000" name="w_V_3_out">
<pin_list>
<pin id="27" dir="1" index="0" bw="1" slack="0"/>
</pin_list>
<bind>
<StgValue><ssdm name="w_V_3_out"/></StgValue>
</bind>
</comp>

<comp id="28" class="1000" name="w_V_2_out">
<pin_list>
<pin id="29" dir="1" index="0" bw="1" slack="0"/>
</pin_list>
<bind>
<StgValue><ssdm name="w_V_2_out"/></StgValue>
</bind>
</comp>

<comp id="30" class="1000" name="w_V_1_out">
<pin_list>
<pin id="31" dir="1" index="0" bw="1" slack="0"/>
</pin_list>
<bind>
<StgValue><ssdm name="w_V_1_out"/></StgValue>
</bind>
</comp>

<comp id="32" class="1000" name="w_V_out">
<pin_list>
<pin id="33" dir="1" index="0" bw="1" slack="0"/>
</pin_list>
<bind>
<StgValue><ssdm name="w_V_out"/></StgValue>
</bind>
</comp>

<comp id="34" class="1001" name="const_34">
<pin_list>
<pin id="35" dir="1" index="0" bw="1" slack="0"/>
</pin_list>
<bind>
<StgValue><ssdm name=""/></StgValue>
</bind>
</comp>

<comp id="36" class="1001" name="const_36">
<pin_list>
<pin id="37" dir="1" index="0" bw="1" slack="2147483647"/>
</pin_list>
<bind>
<StgValue><ssdm name="_ssdm_op_SpecInterface"/></StgValue>
</bind>
</comp>

<comp id="38" class="1001" name="const_38">
<pin_list>
<pin id="39" dir="1" index="0" bw="1" slack="2147483647"/>
</pin_list>
<bind>
<StgValue><ssdm name="empty"/></StgValue>
</bind>
</comp>

<comp id="40" class="1001" name="const_40">
<pin_list>
<pin id="41" dir="1" index="0" bw="1" slack="2147483647"/>
</pin_list>
<bind>
<StgValue><ssdm name=""/></StgValue>
</bind>
</comp>

<comp id="42" class="1001" name="const_42">
<pin_list>
<pin id="43" dir="1" index="0" bw="1" slack="2147483647"/>
</pin_list>
<bind>
<StgValue><ssdm name="empty_0"/></StgValue>
</bind>
</comp>

<comp id="44" class="1001" name="const_44">
<pin_list>
<pin id="45" dir="1" index="0" bw="1" slack="2147483647"/>
</pin_list>
<bind>
<StgValue><ssdm name="empty_1"/></StgValue>
</bind>
</comp>

<comp id="46" class="1001" name="const_46">
<pin_list>
<pin id="47" dir="1" index="0" bw="1" slack="2147483647"/>
</pin_list>
<bind>
<StgValue><ssdm name=""/></StgValue>
</bind>
</comp>

<comp id="48" class="1001" name="const_48">
<pin_list>
<pin id="49" dir="1" index="0" bw="1" slack="0"/>
</pin_list>
<bind>
<StgValue><ssdm name=""/></StgValue>
</bind>
</comp>

<comp id="50" class="1001" name="const_50">
<pin_list>
<pin id="51" dir="1" index="0" bw="1" slack="0"/>
</pin_list>
<bind>
<StgValue><ssdm name=""/></StgValue>
</bind>
</comp>

<comp id="52" class="1001" name="const_52">
<pin_list>
<pin id="53" dir="1" index="0" bw="1" slack="2147483647"/>
</pin_list>
<bind>
<StgValue><ssdm name="_ssdm_op_SpecLoopTripCount"/></StgValue>
</bind>
</comp>

<comp id="54" class="1001" name="const_54">
<pin_list>
<pin id="55" dir="1" index="0" bw="1" slack="2147483647"/>
</pin_list>
<bind>
<StgValue><ssdm name=""/></StgValue>
</bind>
</comp>

<comp id="56" class="1001" name="const_56">
<pin_list>
<pin id="57" dir="1" index="0" bw="1" slack="0"/>
</pin_list>
<bind>
<StgValue><ssdm name=""/></StgValue>
</bind>
</comp>

<comp id="58" class="1001" name="const_58">
<pin_list>
<pin id="59" dir="1" index="0" bw="1" slack="2147483647"/>
</pin_list>
<bind>
<StgValue><ssdm name="_ssdm_op_SpecPipeline"/></StgValue>
</bind>
</comp>

<comp id="60" class="1001" name="const_60">
<pin_list>
<pin id="61" dir="1" index="0" bw="1" slack="2147483647"/>
</pin_list>
<bind>
<StgValue><ssdm name="_ssdm_op_SpecLoopName"/></StgValue>
</bind>
</comp>

<comp id="62" class="1001" name="const_62">
<pin_list>
<pin id="63" dir="1" index="0" bw="1" slack="2147483647"/>
</pin_list>
<bind>
<StgValue><ssdm name="empty_9"/></StgValue>
</bind>
</comp>

<comp id="64" class="1001" name="const_64">
<pin_list>
<pin id="65" dir="1" index="0" bw="1" slack="0"/>
</pin_list>
<bind>
<StgValue><ssdm name="_ssdm_op_Read.axis.volatile.i32P128A"/></StgValue>
</bind>
</comp>

<comp id="66" class="1001" name="const_66">
<pin_list>
<pin id="67" dir="1" index="0" bw="1" slack="2147483647"/>
</pin_list>
<bind>
<StgValue><ssdm name=""/></StgValue>
</bind>
</comp>

<comp id="68" class="1001" name="const_68">
<pin_list>
<pin id="69" dir="1" index="0" bw="1" slack="2147483647"/>
</pin_list>
<bind>
<StgValue><ssdm name=""/></StgValue>
</bind>
</comp>

<comp id="70" class="1001" name="const_70">
<pin_list>
<pin id="71" dir="1" index="0" bw="1" slack="2147483647"/>
</pin_list>
<bind>
<StgValue><ssdm name=""/></StgValue>
</bind>
</comp>

<comp id="72" class="1001" name="const_72">
<pin_list>
<pin id="73" dir="1" index="0" bw="1" slack="2147483647"/>
</pin_list>
<bind>
<StgValue><ssdm name=""/></StgValue>
</bind>
</comp>

<comp id="74" class="1001" name="const_74">
<pin_list>
<pin id="75" dir="1" index="0" bw="1" slack="2147483647"/>
</pin_list>
<bind>
<StgValue><ssdm name=""/></StgValue>
</bind>
</comp>

<comp id="76" class="1001" name="const_76">
<pin_list>
<pin id="77" dir="1" index="0" bw="1" slack="2147483647"/>
</pin_list>
<bind>
<StgValue><ssdm name=""/></StgValue>
</bind>
</comp>

<comp id="78" class="1001" name="const_78">
<pin_list>
<pin id="79" dir="1" index="0" bw="1" slack="2147483647"/>
</pin_list>
<bind>
<StgValue><ssdm name=""/></StgValue>
</bind>
</comp>

<comp id="80" class="1001" name="const_80">
<pin_list>
<pin id="81" dir="1" index="0" bw="1" slack="2147483647"/>
</pin_list>
<bind>
<StgValue><ssdm name=""/></StgValue>
</bind>
</comp>

<comp id="82" class="1001" name="const_82">
<pin_list>
<pin id="83" dir="1" index="0" bw="1" slack="2147483647"/>
</pin_list>
<bind>
<StgValue><ssdm name=""/></StgValue>
</bind>
</comp>

<comp id="84" class="1001" name="const_84">
<pin_list>
<pin id="85" dir="1" index="0" bw="1" slack="2147483647"/>
</pin_list>
<bind>
<StgValue><ssdm name=""/></StgValue>
</bind>
</comp>

<comp id="86" class="1001" name="const_86">
<pin_list>
<pin id="87" dir="1" index="0" bw="1" slack="2147483647"/>
</pin_list>
<bind>
<StgValue><ssdm name=""/></StgValue>
</bind>
</comp>

<comp id="88" class="1001" name="const_88">
<pin_list>
<pin id="89" dir="1" index="0" bw="1" slack="2147483647"/>
</pin_list>
<bind>
<StgValue><ssdm name=""/></StgValue>
</bind>
</comp>

<comp id="90" class="1001" name="const_90">
<pin_list>
<pin id="91" dir="1" index="0" bw="1" slack="2147483647"/>
</pin_list>
<bind>
<StgValue><ssdm name=""/></StgValue>
</bind>
</comp>

<comp id="92" class="1001" name="const_92">
<pin_list>
<pin id="93" dir="1" index="0" bw="1" slack="2147483647"/>
</pin_list>
<bind>
<StgValue><ssdm name=""/></StgValue>
</bind>
</comp>

<comp id="94" class="1001" name="const_94">
<pin_list>
<pin id="95" dir="1" index="0" bw="1" slack="2147483647"/>
</pin_list>
<bind>
<StgValue><ssdm name=""/></StgValue>
</bind>
</comp>

<comp id="96" class="1001" name="const_96">
<pin_list>
<pin id="97" dir="1" index="0" bw="1" slack="0"/>
</pin_list>
<bind>
<StgValue><ssdm name="_ssdm_op_Write.ap_auto.i32P0A"/></StgValue>
</bind>
</comp>

<comp id="98" class="1004" name="i_fu_98">
<pin_list>
<pin id="99" dir="0" index="0" bw="1" slack="0"/>
<pin id="100" dir="1" index="1" bw="5" slack="0"/>
</pin_list>
<bind>
<opcode="alloca(26) " fcode="alloca"/>
<opset="i/1 "/>
</bind>
</comp>

<comp id="102" class="1004" name="w_V_fu_102">
<pin_list>
<pin id="103" dir="0" index="0" bw="1" slack="0"/>
<pin id="104" dir="1" index="1" bw="32" slack="0"/>
</pin_list>
<bind>
<opcode="alloca(26) " fcode="alloca"/>
<opset="w_V/1 "/>
</bind>
</comp>

<comp id="106" class="1004" name="w_V_1_fu_106">
<pin_list>
<pin id="107" dir="0" index="0" bw="1" slack="0"/>
<pin id="108" dir="1" index="1" bw="32" slack="0"/>
</pin_list>
<bind>
<opcode="alloca(26) " fcode="alloca"/>
<opset="w_V_1/1 "/>
</bind>
</comp>

<comp id="110" class="1004" name="w_V_2_fu_110">
<pin_list>
<pin id="111" dir="0" index="0" bw="1" slack="0"/>
<pin id="112" dir="1" index="1" bw="32" slack="0"/>
</pin_list>
<bind>
<opcode="alloca(26) " fcode="alloca"/>
<opset="w_V_2/1 "/>
</bind>
</comp>

<comp id="114" class="1004" name="w_V_3_fu_114">
<pin_list>
<pin id="115" dir="0" index="0" bw="1" slack="0"/>
<pin id="116" dir="1" index="1" bw="32" slack="0"/>
</pin_list>
<bind>
<opcode="alloca(26) " fcode="alloca"/>
<opset="w_V_3/1 "/>
</bind>
</comp>

<comp id="118" class="1004" name="w_V_4_fu_118">
<pin_list>
<pin id="119" dir="0" index="0" bw="1" slack="0"/>
<pin id="120" dir="1" index="1" bw="32" slack="0"/>
</pin_list>
<bind>
<opcode="alloca(26) " fcode="alloca"/>
<opset="w_V_4/1 "/>
</bind>
</comp>

<comp id="122" class="1004" name="w_V_5_fu_122">
<pin_list>
<pin id="123" dir="0" index="0" bw="1" slack="0"/>
<pin id="124" dir="1" index="1" bw="32" slack="0"/>
</pin_list>
<bind>
<opcode="alloca(26) " fcode="alloca"/>
<opset="w_V_5/1 "/>
</bind>
</comp>

<comp id="126" class="1004" name="w_V_6_fu_126">
<pin_list>
<pin id="127" dir="0" index="0" bw="1" slack="0"/>
<pin id="128" dir="1" index="1" bw="32" slack="0"/>
</pin_list>
<bind>
<opcode="alloca(26) " fcode="alloca"/>
<opset="w_V_6/1 "/>
</bind>
</comp>

<comp id="130" class="1004" name="w_V_7_fu_130">
<pin_list>
<pin id="131" dir="0" index="0" bw="1" slack="0"/>
<pin id="132" dir="1" index="1" bw="32" slack="0"/>
</pin_list>
<bind>
<opcode="alloca(26) " fcode="alloca"/>
<opset="w_V_7/1 "/>
</bind>
</comp>

<comp id="134" class="1004" name="w_V_8_fu_134">
<pin_list>
<pin id="135" dir="0" index="0" bw="1" slack="0"/>
<pin id="136" dir="1" index="1" bw="32" slack="0"/>
</pin_list>
<bind>
<opcode="alloca(26) " fcode="alloca"/>
<opset="w_V_8/1 "/>
</bind>
</comp>

<comp id="138" class="1004" name="w_V_9_fu_138">
<pin_list>
<pin id="139" dir="0" index="0" bw="1" slack="0"/>
<pin id="140" dir="1" index="1" bw="32" slack="0"/>
</pin_list>
<bind>
<opcode="alloca(26) " fcode="alloca"/>
<opset="w_V_9/1 "/>
</bind>
</comp>

<comp id="142" class="1004" name="w_V_10_fu_142">
<pin_list>
<pin id="143" dir="0" index="0" bw="1" slack="0"/>
<pin id="144" dir="1" index="1" bw="32" slack="0"/>
</pin_list>
<bind>
<opcode="alloca(26) " fcode="alloca"/>
<opset="w_V_10/1 "/>
</bind>
</comp>

<comp id="146" class="1004" name="w_V_11_fu_146">
<pin_list>
<pin id="147" dir="0" index="0" bw="1" slack="0"/>
<pin id="148" dir="1" index="1" bw="32" slack="0"/>
</pin_list>
<bind>
<opcode="alloca(26) " fcode="alloca"/>
<opset="w_V_11/1 "/>
</bind>
</comp>

<comp id="150" class="1004" name="w_V_12_fu_150">
<pin_list>
<pin id="151" dir="0" index="0" bw="1" slack="0"/>
<pin id="152" dir="1" index="1" bw="32" slack="0"/>
</pin_list>
<bind>
<opcode="alloca(26) " fcode="alloca"/>
<opset="w_V_12/1 "/>
</bind>
</comp>

<comp id="154" class="1004" name="w_V_13_fu_154">
<pin_list>
<pin id="155" dir="0" index="0" bw="1" slack="0"/>
<pin id="156" dir="1" index="1" bw="32" slack="0"/>
</pin_list>
<bind>
<opcode="alloca(26) " fcode="alloca"/>
<opset="w_V_13/1 "/>
</bind>
</comp>

<comp id="158" class="1004" name="w_V_14_fu_158">
<pin_list>
<pin id="159" dir="0" index="0" bw="1" slack="0"/>
<pin id="160" dir="1" index="1" bw="32" slack="0"/>
</pin_list>
<bind>
<opcode="alloca(26) " fcode="alloca"/>
<opset="w_V_14/1 "/>
</bind>
</comp>

<comp id="162" class="1004" name="w_V_15_fu_162">
<pin_list>
<pin id="163" dir="0" index="0" bw="1" slack="0"/>
<pin id="164" dir="1" index="1" bw="32" slack="0"/>
</pin_list>
<bind>
<opcode="alloca(26) " fcode="alloca"/>
<opset="w_V_15/1 "/>
</bind>
</comp>

<comp id="166" class="1004" name="w_V_49_read_fu_166">
<pin_list>
<pin id="167" dir="0" index="0" bw="32" slack="0"/>
<pin id="168" dir="0" index="1" bw="32" slack="0"/>
<pin id="169" dir="1" index="2" bw="32" slack="0"/>
</pin_list>
<bind>
<opcode="read(1150) " fcode="read"/>
<opset="w_V_49/1 "/>
</bind>
</comp>

<comp id="172" class="1004" name="write_ln0_write_fu_172">
<pin_list>
<pin id="173" dir="0" index="0" bw="0" slack="0"/>
<pin id="174" dir="0" index="1" bw="32" slack="0"/>
<pin id="175" dir="0" index="2" bw="32" slack="0"/>
<pin id="176" dir="1" index="3" bw="0" slack="2147483647"/>
</pin_list>
<bind>
<opcode="write(1151) " fcode="write"/>
<opset="write_ln0/1 "/>
</bind>
</comp>

<comp id="179" class="1004" name="write_ln0_write_fu_179">
<pin_list>
<pin id="180" dir="0" index="0" bw="0" slack="0"/>
<pin id="181" dir="0" index="1" bw="32" slack="0"/>
<pin id="182" dir="0" index="2" bw="32" slack="0"/>
<pin id="183" dir="1" index="3" bw="0" slack="2147483647"/>
</pin_list>
<bind>
<opcode="write(1151) " fcode="write"/>
<opset="write_ln0/1 "/>
</bind>
</comp>

<comp id="186" class="1004" name="write_ln0_write_fu_186">
<pin_list>
<pin id="187" dir="0" index="0" bw="0" slack="0"/>
<pin id="188" dir="0" index="1" bw="32" slack="0"/>
<pin id="189" dir="0" index="2" bw="32" slack="0"/>
<pin id="190" dir="1" index="3" bw="0" slack="2147483647"/>
</pin_list>
<bind>
<opcode="write(1151) " fcode="write"/>
<opset="write_ln0/1 "/>
</bind>
</comp>

<comp id="193" class="1004" name="write_ln0_write_fu_193">
<pin_list>
<pin id="194" dir="0" index="0" bw="0" slack="0"/>
<pin id="195" dir="0" index="1" bw="32" slack="0"/>
<pin id="196" dir="0" index="2" bw="32" slack="0"/>
<pin id="197" dir="1" index="3" bw="0" slack="2147483647"/>
</pin_list>
<bind>
<opcode="write(1151) " fcode="write"/>
<opset="write_ln0/1 "/>
</bind>
</comp>

<comp id="200" class="1004" name="write_ln0_write_fu_200">
<pin_list>
<pin id="201" dir="0" index="0" bw="0" slack="0"/>
<pin id="202" dir="0" index="1" bw="32" slack="0"/>
<pin id="203" dir="0" index="2" bw="32" slack="0"/>
<pin id="204" dir="1" index="3" bw="0" slack="2147483647"/>
</pin_list>
<bind>
<opcode="write(1151) " fcode="write"/>
<opset="write_ln0/1 "/>
</bind>
</comp>

<comp id="207" class="1004" name="write_ln0_write_fu_207">
<pin_list>
<pin id="208" dir="0" index="0" bw="0" slack="0"/>
<pin id="209" dir="0" index="1" bw="32" slack="0"/>
<pin id="210" dir="0" index="2" bw="32" slack="0"/>
<pin id="211" dir="1" index="3" bw="0" slack="2147483647"/>
</pin_list>
<bind>
<opcode="write(1151) " fcode="write"/>
<opset="write_ln0/1 "/>
</bind>
</comp>

<comp id="214" class="1004" name="write_ln0_write_fu_214">
<pin_list>
<pin id="215" dir="0" index="0" bw="0" slack="0"/>
<pin id="216" dir="0" index="1" bw="32" slack="0"/>
<pin id="217" dir="0" index="2" bw="32" slack="0"/>
<pin id="218" dir="1" index="3" bw="0" slack="2147483647"/>
</pin_list>
<bind>
<opcode="write(1151) " fcode="write"/>
<opset="write_ln0/1 "/>
</bind>
</comp>

<comp id="221" class="1004" name="write_ln0_write_fu_221">
<pin_list>
<pin id="222" dir="0" index="0" bw="0" slack="0"/>
<pin id="223" dir="0" index="1" bw="32" slack="0"/>
<pin id="224" dir="0" index="2" bw="32" slack="0"/>
<pin id="225" dir="1" index="3" bw="0" slack="2147483647"/>
</pin_list>
<bind>
<opcode="write(1151) " fcode="write"/>
<opset="write_ln0/1 "/>
</bind>
</comp>

<comp id="228" class="1004" name="write_ln0_write_fu_228">
<pin_list>
<pin id="229" dir="0" index="0" bw="0" slack="0"/>
<pin id="230" dir="0" index="1" bw="32" slack="0"/>
<pin id="231" dir="0" index="2" bw="32" slack="0"/>
<pin id="232" dir="1" index="3" bw="0" slack="2147483647"/>
</pin_list>
<bind>
<opcode="write(1151) " fcode="write"/>
<opset="write_ln0/1 "/>
</bind>
</comp>

<comp id="235" class="1004" name="write_ln0_write_fu_235">
<pin_list>
<pin id="236" dir="0" index="0" bw="0" slack="0"/>
<pin id="237" dir="0" index="1" bw="32" slack="0"/>
<pin id="238" dir="0" index="2" bw="32" slack="0"/>
<pin id="239" dir="1" index="3" bw="0" slack="2147483647"/>
</pin_list>
<bind>
<opcode="write(1151) " fcode="write"/>
<opset="write_ln0/1 "/>
</bind>
</comp>

<comp id="242" class="1004" name="write_ln0_write_fu_242">
<pin_list>
<pin id="243" dir="0" index="0" bw="0" slack="0"/>
<pin id="244" dir="0" index="1" bw="32" slack="0"/>
<pin id="245" dir="0" index="2" bw="32" slack="0"/>
<pin id="246" dir="1" index="3" bw="0" slack="2147483647"/>
</pin_list>
<bind>
<opcode="write(1151) " fcode="write"/>
<opset="write_ln0/1 "/>
</bind>
</comp>

<comp id="249" class="1004" name="write_ln0_write_fu_249">
<pin_list>
<pin id="250" dir="0" index="0" bw="0" slack="0"/>
<pin id="251" dir="0" index="1" bw="32" slack="0"/>
<pin id="252" dir="0" index="2" bw="32" slack="0"/>
<pin id="253" dir="1" index="3" bw="0" slack="2147483647"/>
</pin_list>
<bind>
<opcode="write(1151) " fcode="write"/>
<opset="write_ln0/1 "/>
</bind>
</comp>

<comp id="256" class="1004" name="write_ln0_write_fu_256">
<pin_list>
<pin id="257" dir="0" index="0" bw="0" slack="0"/>
<pin id="258" dir="0" index="1" bw="32" slack="0"/>
<pin id="259" dir="0" index="2" bw="32" slack="0"/>
<pin id="260" dir="1" index="3" bw="0" slack="2147483647"/>
</pin_list>
<bind>
<opcode="write(1151) " fcode="write"/>
<opset="write_ln0/1 "/>
</bind>
</comp>

<comp id="263" class="1004" name="write_ln0_write_fu_263">
<pin_list>
<pin id="264" dir="0" index="0" bw="0" slack="0"/>
<pin id="265" dir="0" index="1" bw="32" slack="0"/>
<pin id="266" dir="0" index="2" bw="32" slack="0"/>
<pin id="267" dir="1" index="3" bw="0" slack="2147483647"/>
</pin_list>
<bind>
<opcode="write(1151) " fcode="write"/>
<opset="write_ln0/1 "/>
</bind>
</comp>

<comp id="270" class="1004" name="write_ln0_write_fu_270">
<pin_list>
<pin id="271" dir="0" index="0" bw="0" slack="0"/>
<pin id="272" dir="0" index="1" bw="32" slack="0"/>
<pin id="273" dir="0" index="2" bw="32" slack="0"/>
<pin id="274" dir="1" index="3" bw="0" slack="2147483647"/>
</pin_list>
<bind>
<opcode="write(1151) " fcode="write"/>
<opset="write_ln0/1 "/>
</bind>
</comp>

<comp id="277" class="1004" name="write_ln0_write_fu_277">
<pin_list>
<pin id="278" dir="0" index="0" bw="0" slack="0"/>
<pin id="279" dir="0" index="1" bw="32" slack="0"/>
<pin id="280" dir="0" index="2" bw="32" slack="0"/>
<pin id="281" dir="1" index="3" bw="0" slack="2147483647"/>
</pin_list>
<bind>
<opcode="write(1151) " fcode="write"/>
<opset="write_ln0/1 "/>
</bind>
</comp>

<comp id="284" class="1004" name="store_ln0_store_fu_284">
<pin_list>
<pin id="285" dir="0" index="0" bw="1" slack="0"/>
<pin id="286" dir="0" index="1" bw="5" slack="0"/>
<pin id="287" dir="1" index="2" bw="0" slack="2147483647"/>
</pin_list>
<bind>
<opcode="store(28) " fcode="store"/>
<opset="store_ln0/1 "/>
</bind>
</comp>

<comp id="289" class="1004" name="i_2_load_fu_289">
<pin_list>
<pin id="290" dir="0" index="0" bw="5" slack="0"/>
<pin id="291" dir="1" index="1" bw="5" slack="0"/>
</pin_list>
<bind>
<opcode="load(27) " fcode="load"/>
<opset="i_2/1 "/>
</bind>
</comp>

<comp id="292" class="1004" name="icmp_ln15_fu_292">
<pin_list>
<pin id="293" dir="0" index="0" bw="5" slack="0"/>
<pin id="294" dir="0" index="1" bw="5" slack="0"/>
<pin id="295" dir="1" index="2" bw="1" slack="2147483647"/>
</pin_list>
<bind>
<opcode="icmp(45) " fcode="icmp"/>
<opset="icmp_ln15/1 "/>
</bind>
</comp>

<comp id="298" class="1004" name="add_ln15_fu_298">
<pin_list>
<pin id="299" dir="0" index="0" bw="5" slack="0"/>
<pin id="300" dir="0" index="1" bw="1" slack="0"/>
<pin id="301" dir="1" index="2" bw="5" slack="0"/>
</pin_list>
<bind>
<opcode="add(8) " fcode="add"/>
<opset="add_ln15/1 "/>
</bind>
</comp>

<comp id="304" class="1004" name="trunc_ln17_fu_304">
<pin_list>
<pin id="305" dir="0" index="0" bw="5" slack="0"/>
<pin id="306" dir="1" index="1" bw="4" slack="2147483647"/>
</pin_list>
<bind>
<opcode="trunc(33) " fcode="trunc"/>
<opset="trunc_ln17/1 "/>
</bind>
</comp>

<comp id="308" class="1004" name="store_ln17_store_fu_308">
<pin_list>
<pin id="309" dir="0" index="0" bw="32" slack="0"/>
<pin id="310" dir="0" index="1" bw="32" slack="0"/>
<pin id="311" dir="1" index="2" bw="0" slack="2147483647"/>
</pin_list>
<bind>
<opcode="store(28) " fcode="store"/>
<opset="store_ln17/1 "/>
</bind>
</comp>

<comp id="313" class="1004" name="store_ln17_store_fu_313">
<pin_list>
<pin id="314" dir="0" index="0" bw="32" slack="0"/>
<pin id="315" dir="0" index="1" bw="32" slack="0"/>
<pin id="316" dir="1" index="2" bw="0" slack="2147483647"/>
</pin_list>
<bind>
<opcode="store(28) " fcode="store"/>
<opset="store_ln17/1 "/>
</bind>
</comp>

<comp id="318" class="1004" name="store_ln17_store_fu_318">
<pin_list>
<pin id="319" dir="0" index="0" bw="32" slack="0"/>
<pin id="320" dir="0" index="1" bw="32" slack="0"/>
<pin id="321" dir="1" index="2" bw="0" slack="2147483647"/>
</pin_list>
<bind>
<opcode="store(28) " fcode="store"/>
<opset="store_ln17/1 "/>
</bind>
</comp>

<comp id="323" class="1004" name="store_ln17_store_fu_323">
<pin_list>
<pin id="324" dir="0" index="0" bw="32" slack="0"/>
<pin id="325" dir="0" index="1" bw="32" slack="0"/>
<pin id="326" dir="1" index="2" bw="0" slack="2147483647"/>
</pin_list>
<bind>
<opcode="store(28) " fcode="store"/>
<opset="store_ln17/1 "/>
</bind>
</comp>

<comp id="328" class="1004" name="store_ln17_store_fu_328">
<pin_list>
<pin id="329" dir="0" index="0" bw="32" slack="0"/>
<pin id="330" dir="0" index="1" bw="32" slack="0"/>
<pin id="331" dir="1" index="2" bw="0" slack="2147483647"/>
</pin_list>
<bind>
<opcode="store(28) " fcode="store"/>
<opset="store_ln17/1 "/>
</bind>
</comp>

<comp id="333" class="1004" name="store_ln17_store_fu_333">
<pin_list>
<pin id="334" dir="0" index="0" bw="32" slack="0"/>
<pin id="335" dir="0" index="1" bw="32" slack="0"/>
<pin id="336" dir="1" index="2" bw="0" slack="2147483647"/>
</pin_list>
<bind>
<opcode="store(28) " fcode="store"/>
<opset="store_ln17/1 "/>
</bind>
</comp>

<comp id="338" class="1004" name="store_ln17_store_fu_338">
<pin_list>
<pin id="339" dir="0" index="0" bw="32" slack="0"/>
<pin id="340" dir="0" index="1" bw="32" slack="0"/>
<pin id="341" dir="1" index="2" bw="0" slack="2147483647"/>
</pin_list>
<bind>
<opcode="store(28) " fcode="store"/>
<opset="store_ln17/1 "/>
</bind>
</comp>

<comp id="343" class="1004" name="store_ln17_store_fu_343">
<pin_list>
<pin id="344" dir="0" index="0" bw="32" slack="0"/>
<pin id="345" dir="0" index="1" bw="32" slack="0"/>
<pin id="346" dir="1" index="2" bw="0" slack="2147483647"/>
</pin_list>
<bind>
<opcode="store(28) " fcode="store"/>
<opset="store_ln17/1 "/>
</bind>
</comp>

<comp id="348" class="1004" name="store_ln17_store_fu_348">
<pin_list>
<pin id="349" dir="0" index="0" bw="32" slack="0"/>
<pin id="350" dir="0" index="1" bw="32" slack="0"/>
<pin id="351" dir="1" index="2" bw="0" slack="2147483647"/>
</pin_list>
<bind>
<opcode="store(28) " fcode="store"/>
<opset="store_ln17/1 "/>
</bind>
</comp>

<comp id="353" class="1004" name="store_ln17_store_fu_353">
<pin_list>
<pin id="354" dir="0" index="0" bw="32" slack="0"/>
<pin id="355" dir="0" index="1" bw="32" slack="0"/>
<pin id="356" dir="1" index="2" bw="0" slack="2147483647"/>
</pin_list>
<bind>
<opcode="store(28) " fcode="store"/>
<opset="store_ln17/1 "/>
</bind>
</comp>

<comp id="358" class="1004" name="store_ln17_store_fu_358">
<pin_list>
<pin id="359" dir="0" index="0" bw="32" slack="0"/>
<pin id="360" dir="0" index="1" bw="32" slack="0"/>
<pin id="361" dir="1" index="2" bw="0" slack="2147483647"/>
</pin_list>
<bind>
<opcode="store(28) " fcode="store"/>
<opset="store_ln17/1 "/>
</bind>
</comp>

<comp id="363" class="1004" name="store_ln17_store_fu_363">
<pin_list>
<pin id="364" dir="0" index="0" bw="32" slack="0"/>
<pin id="365" dir="0" index="1" bw="32" slack="0"/>
<pin id="366" dir="1" index="2" bw="0" slack="2147483647"/>
</pin_list>
<bind>
<opcode="store(28) " fcode="store"/>
<opset="store_ln17/1 "/>
</bind>
</comp>

<comp id="368" class="1004" name="store_ln17_store_fu_368">
<pin_list>
<pin id="369" dir="0" index="0" bw="32" slack="0"/>
<pin id="370" dir="0" index="1" bw="32" slack="0"/>
<pin id="371" dir="1" index="2" bw="0" slack="2147483647"/>
</pin_list>
<bind>
<opcode="store(28) " fcode="store"/>
<opset="store_ln17/1 "/>
</bind>
</comp>

<comp id="373" class="1004" name="store_ln17_store_fu_373">
<pin_list>
<pin id="374" dir="0" index="0" bw="32" slack="0"/>
<pin id="375" dir="0" index="1" bw="32" slack="0"/>
<pin id="376" dir="1" index="2" bw="0" slack="2147483647"/>
</pin_list>
<bind>
<opcode="store(28) " fcode="store"/>
<opset="store_ln17/1 "/>
</bind>
</comp>

<comp id="378" class="1004" name="store_ln17_store_fu_378">
<pin_list>
<pin id="379" dir="0" index="0" bw="32" slack="0"/>
<pin id="380" dir="0" index="1" bw="32" slack="0"/>
<pin id="381" dir="1" index="2" bw="0" slack="2147483647"/>
</pin_list>
<bind>
<opcode="store(28) " fcode="store"/>
<opset="store_ln17/1 "/>
</bind>
</comp>

<comp id="383" class="1004" name="store_ln17_store_fu_383">
<pin_list>
<pin id="384" dir="0" index="0" bw="32" slack="0"/>
<pin id="385" dir="0" index="1" bw="32" slack="0"/>
<pin id="386" dir="1" index="2" bw="0" slack="2147483647"/>
</pin_list>
<bind>
<opcode="store(28) " fcode="store"/>
<opset="store_ln17/1 "/>
</bind>
</comp>

<comp id="388" class="1004" name="store_ln15_store_fu_388">
<pin_list>
<pin id="389" dir="0" index="0" bw="5" slack="0"/>
<pin id="390" dir="0" index="1" bw="5" slack="0"/>
<pin id="391" dir="1" index="2" bw="0" slack="2147483647"/>
</pin_list>
<bind>
<opcode="store(28) " fcode="store"/>
<opset="store_ln15/1 "/>
</bind>
</comp>

<comp id="393" class="1004" name="w_V_load_load_fu_393">
<pin_list>
<pin id="394" dir="0" index="0" bw="32" slack="0"/>
<pin id="395" dir="1" index="1" bw="32" slack="0"/>
</pin_list>
<bind>
<opcode="load(27) " fcode="load"/>
<opset="w_V_load/1 "/>
</bind>
</comp>

<comp id="397" class="1004" name="w_V_1_load_load_fu_397">
<pin_list>
<pin id="398" dir="0" index="0" bw="32" slack="0"/>
<pin id="399" dir="1" index="1" bw="32" slack="0"/>
</pin_list>
<bind>
<opcode="load(27) " fcode="load"/>
<opset="w_V_1_load/1 "/>
</bind>
</comp>

<comp id="401" class="1004" name="w_V_2_load_load_fu_401">
<pin_list>
<pin id="402" dir="0" index="0" bw="32" slack="0"/>
<pin id="403" dir="1" index="1" bw="32" slack="0"/>
</pin_list>
<bind>
<opcode="load(27) " fcode="load"/>
<opset="w_V_2_load/1 "/>
</bind>
</comp>

<comp id="405" class="1004" name="w_V_3_load_load_fu_405">
<pin_list>
<pin id="406" dir="0" index="0" bw="32" slack="0"/>
<pin id="407" dir="1" index="1" bw="32" slack="0"/>
</pin_list>
<bind>
<opcode="load(27) " fcode="load"/>
<opset="w_V_3_load/1 "/>
</bind>
</comp>

<comp id="409" class="1004" name="w_V_4_load_load_fu_409">
<pin_list>
<pin id="410" dir="0" index="0" bw="32" slack="0"/>
<pin id="411" dir="1" index="1" bw="32" slack="0"/>
</pin_list>
<bind>
<opcode="load(27) " fcode="load"/>
<opset="w_V_4_load/1 "/>
</bind>
</comp>

<comp id="413" class="1004" name="w_V_5_load_load_fu_413">
<pin_list>
<pin id="414" dir="0" index="0" bw="32" slack="0"/>
<pin id="415" dir="1" index="1" bw="32" slack="0"/>
</pin_list>
<bind>
<opcode="load(27) " fcode="load"/>
<opset="w_V_5_load/1 "/>
</bind>
</comp>

<comp id="417" class="1004" name="w_V_6_load_load_fu_417">
<pin_list>
<pin id="418" dir="0" index="0" bw="32" slack="0"/>
<pin id="419" dir="1" index="1" bw="32" slack="0"/>
</pin_list>
<bind>
<opcode="load(27) " fcode="load"/>
<opset="w_V_6_load/1 "/>
</bind>
</comp>

<comp id="421" class="1004" name="w_V_7_load_load_fu_421">
<pin_list>
<pin id="422" dir="0" index="0" bw="32" slack="0"/>
<pin id="423" dir="1" index="1" bw="32" slack="0"/>
</pin_list>
<bind>
<opcode="load(27) " fcode="load"/>
<opset="w_V_7_load/1 "/>
</bind>
</comp>

<comp id="425" class="1004" name="w_V_8_load_load_fu_425">
<pin_list>
<pin id="426" dir="0" index="0" bw="32" slack="0"/>
<pin id="427" dir="1" index="1" bw="32" slack="0"/>
</pin_list>
<bind>
<opcode="load(27) " fcode="load"/>
<opset="w_V_8_load/1 "/>
</bind>
</comp>

<comp id="429" class="1004" name="w_V_9_load_load_fu_429">
<pin_list>
<pin id="430" dir="0" index="0" bw="32" slack="0"/>
<pin id="431" dir="1" index="1" bw="32" slack="0"/>
</pin_list>
<bind>
<opcode="load(27) " fcode="load"/>
<opset="w_V_9_load/1 "/>
</bind>
</comp>

<comp id="433" class="1004" name="w_V_10_load_load_fu_433">
<pin_list>
<pin id="434" dir="0" index="0" bw="32" slack="0"/>
<pin id="435" dir="1" index="1" bw="32" slack="0"/>
</pin_list>
<bind>
<opcode="load(27) " fcode="load"/>
<opset="w_V_10_load/1 "/>
</bind>
</comp>

<comp id="437" class="1004" name="w_V_11_load_load_fu_437">
<pin_list>
<pin id="438" dir="0" index="0" bw="32" slack="0"/>
<pin id="439" dir="1" index="1" bw="32" slack="0"/>
</pin_list>
<bind>
<opcode="load(27) " fcode="load"/>
<opset="w_V_11_load/1 "/>
</bind>
</comp>

<comp id="441" class="1004" name="w_V_12_load_load_fu_441">
<pin_list>
<pin id="442" dir="0" index="0" bw="32" slack="0"/>
<pin id="443" dir="1" index="1" bw="32" slack="0"/>
</pin_list>
<bind>
<opcode="load(27) " fcode="load"/>
<opset="w_V_12_load/1 "/>
</bind>
</comp>

<comp id="445" class="1004" name="w_V_13_load_load_fu_445">
<pin_list>
<pin id="446" dir="0" index="0" bw="32" slack="0"/>
<pin id="447" dir="1" index="1" bw="32" slack="0"/>
</pin_list>
<bind>
<opcode="load(27) " fcode="load"/>
<opset="w_V_13_load/1 "/>
</bind>
</comp>

<comp id="449" class="1004" name="w_V_14_load_load_fu_449">
<pin_list>
<pin id="450" dir="0" index="0" bw="32" slack="0"/>
<pin id="451" dir="1" index="1" bw="32" slack="0"/>
</pin_list>
<bind>
<opcode="load(27) " fcode="load"/>
<opset="w_V_14_load/1 "/>
</bind>
</comp>

<comp id="453" class="1004" name="w_V_15_load_load_fu_453">
<pin_list>
<pin id="454" dir="0" index="0" bw="32" slack="0"/>
<pin id="455" dir="1" index="1" bw="32" slack="0"/>
</pin_list>
<bind>
<opcode="load(27) " fcode="load"/>
<opset="w_V_15_load/1 "/>
</bind>
</comp>

<comp id="457" class="1005" name="i_reg_457">
<pin_list>
<pin id="458" dir="0" index="0" bw="5" slack="0"/>
<pin id="459" dir="1" index="1" bw="5" slack="0"/>
</pin_list>
<bind>
<opset="i "/>
</bind>
</comp>

<comp id="464" class="1005" name="w_V_reg_464">
<pin_list>
<pin id="465" dir="0" index="0" bw="32" slack="0"/>
<pin id="466" dir="1" index="1" bw="32" slack="0"/>
</pin_list>
<bind>
<opset="w_V "/>
</bind>
</comp>

<comp id="470" class="1005" name="w_V_1_reg_470">
<pin_list>
<pin id="471" dir="0" index="0" bw="32" slack="0"/>
<pin id="472" dir="1" index="1" bw="32" slack="0"/>
</pin_list>
<bind>
<opset="w_V_1 "/>
</bind>
</comp>

<comp id="476" class="1005" name="w_V_2_reg_476">
<pin_list>
<pin id="477" dir="0" index="0" bw="32" slack="0"/>
<pin id="478" dir="1" index="1" bw="32" slack="0"/>
</pin_list>
<bind>
<opset="w_V_2 "/>
</bind>
</comp>

<comp id="482" class="1005" name="w_V_3_reg_482">
<pin_list>
<pin id="483" dir="0" index="0" bw="32" slack="0"/>
<pin id="484" dir="1" index="1" bw="32" slack="0"/>
</pin_list>
<bind>
<opset="w_V_3 "/>
</bind>
</comp>

<comp id="488" class="1005" name="w_V_4_reg_488">
<pin_list>
<pin id="489" dir="0" index="0" bw="32" slack="0"/>
<pin id="490" dir="1" index="1" bw="32" slack="0"/>
</pin_list>
<bind>
<opset="w_V_4 "/>
</bind>
</comp>

<comp id="494" class="1005" name="w_V_5_reg_494">
<pin_list>
<pin id="495" dir="0" index="0" bw="32" slack="0"/>
<pin id="496" dir="1" index="1" bw="32" slack="0"/>
</pin_list>
<bind>
<opset="w_V_5 "/>
</bind>
</comp>

<comp id="500" class="1005" name="w_V_6_reg_500">
<pin_list>
<pin id="501" dir="0" index="0" bw="32" slack="0"/>
<pin id="502" dir="1" index="1" bw="32" slack="0"/>
</pin_list>
<bind>
<opset="w_V_6 "/>
</bind>
</comp>

<comp id="506" class="1005" name="w_V_7_reg_506">
<pin_list>
<pin id="507" dir="0" index="0" bw="32" slack="0"/>
<pin id="508" dir="1" index="1" bw="32" slack="0"/>
</pin_list>
<bind>
<opset="w_V_7 "/>
</bind>
</comp>

<comp id="512" class="1005" name="w_V_8_reg_512">
<pin_list>
<pin id="513" dir="0" index="0" bw="32" slack="0"/>
<pin id="514" dir="1" index="1" bw="32" slack="0"/>
</pin_list>
<bind>
<opset="w_V_8 "/>
</bind>
</comp>

<comp id="518" class="1005" name="w_V_9_reg_518">
<pin_list>
<pin id="519" dir="0" index="0" bw="32" slack="0"/>
<pin id="520" dir="1" index="1" bw="32" slack="0"/>
</pin_list>
<bind>
<opset="w_V_9 "/>
</bind>
</comp>

<comp id="524" class="1005" name="w_V_10_reg_524">
<pin_list>
<pin id="525" dir="0" index="0" bw="32" slack="0"/>
<pin id="526" dir="1" index="1" bw="32" slack="0"/>
</pin_list>
<bind>
<opset="w_V_10 "/>
</bind>
</comp>

<comp id="530" class="1005" name="w_V_11_reg_530">
<pin_list>
<pin id="531" dir="0" index="0" bw="32" slack="0"/>
<pin id="532" dir="1" index="1" bw="32" slack="0"/>
</pin_list>
<bind>
<opset="w_V_11 "/>
</bind>
</comp>

<comp id="536" class="1005" name="w_V_12_reg_536">
<pin_list>
<pin id="537" dir="0" index="0" bw="32" slack="0"/>
<pin id="538" dir="1" index="1" bw="32" slack="0"/>
</pin_list>
<bind>
<opset="w_V_12 "/>
</bind>
</comp>

<comp id="542" class="1005" name="w_V_13_reg_542">
<pin_list>
<pin id="543" dir="0" index="0" bw="32" slack="0"/>
<pin id="544" dir="1" index="1" bw="32" slack="0"/>
</pin_list>
<bind>
<opset="w_V_13 "/>
</bind>
</comp>

<comp id="548" class="1005" name="w_V_14_reg_548">
<pin_list>
<pin id="549" dir="0" index="0" bw="32" slack="0"/>
<pin id="550" dir="1" index="1" bw="32" slack="0"/>
</pin_list>
<bind>
<opset="w_V_14 "/>
</bind>
</comp>

<comp id="554" class="1005" name="w_V_15_reg_554">
<pin_list>
<pin id="555" dir="0" index="0" bw="32" slack="0"/>
<pin id="556" dir="1" index="1" bw="32" slack="0"/>
</pin_list>
<bind>
<opset="w_V_15 "/>
</bind>
</comp>

</comp_list>

<net_list>
<net id="101"><net_src comp="34" pin="0"/><net_sink comp="98" pin=0"/></net>

<net id="105"><net_src comp="34" pin="0"/><net_sink comp="102" pin=0"/></net>

<net id="109"><net_src comp="34" pin="0"/><net_sink comp="106" pin=0"/></net>

<net id="113"><net_src comp="34" pin="0"/><net_sink comp="110" pin=0"/></net>

<net id="117"><net_src comp="34" pin="0"/><net_sink comp="114" pin=0"/></net>

<net id="121"><net_src comp="34" pin="0"/><net_sink comp="118" pin=0"/></net>

<net id="125"><net_src comp="34" pin="0"/><net_sink comp="122" pin=0"/></net>

<net id="129"><net_src comp="34" pin="0"/><net_sink comp="126" pin=0"/></net>

<net id="133"><net_src comp="34" pin="0"/><net_sink comp="130" pin=0"/></net>

<net id="137"><net_src comp="34" pin="0"/><net_sink comp="134" pin=0"/></net>

<net id="141"><net_src comp="34" pin="0"/><net_sink comp="138" pin=0"/></net>

<net id="145"><net_src comp="34" pin="0"/><net_sink comp="142" pin=0"/></net>

<net id="149"><net_src comp="34" pin="0"/><net_sink comp="146" pin=0"/></net>

<net id="153"><net_src comp="34" pin="0"/><net_sink comp="150" pin=0"/></net>

<net id="157"><net_src comp="34" pin="0"/><net_sink comp="154" pin=0"/></net>

<net id="161"><net_src comp="34" pin="0"/><net_sink comp="158" pin=0"/></net>

<net id="165"><net_src comp="34" pin="0"/><net_sink comp="162" pin=0"/></net>

<net id="170"><net_src comp="64" pin="0"/><net_sink comp="166" pin=0"/></net>

<net id="171"><net_src comp="0" pin="0"/><net_sink comp="166" pin=1"/></net>

<net id="177"><net_src comp="96" pin="0"/><net_sink comp="172" pin=0"/></net>

<net id="178"><net_src comp="2" pin="0"/><net_sink comp="172" pin=1"/></net>

<net id="184"><net_src comp="96" pin="0"/><net_sink comp="179" pin=0"/></net>

<net id="185"><net_src comp="4" pin="0"/><net_sink comp="179" pin=1"/></net>

<net id="191"><net_src comp="96" pin="0"/><net_sink comp="186" pin=0"/></net>

<net id="192"><net_src comp="6" pin="0"/><net_sink comp="186" pin=1"/></net>

<net id="198"><net_src comp="96" pin="0"/><net_sink comp="193" pin=0"/></net>

<net id="199"><net_src comp="8" pin="0"/><net_sink comp="193" pin=1"/></net>

<net id="205"><net_src comp="96" pin="0"/><net_sink comp="200" pin=0"/></net>

<net id="206"><net_src comp="10" pin="0"/><net_sink comp="200" pin=1"/></net>

<net id="212"><net_src comp="96" pin="0"/><net_sink comp="207" pin=0"/></net>

<net id="213"><net_src comp="12" pin="0"/><net_sink comp="207" pin=1"/></net>

<net id="219"><net_src comp="96" pin="0"/><net_sink comp="214" pin=0"/></net>

<net id="220"><net_src comp="14" pin="0"/><net_sink comp="214" pin=1"/></net>

<net id="226"><net_src comp="96" pin="0"/><net_sink comp="221" pin=0"/></net>

<net id="227"><net_src comp="16" pin="0"/><net_sink comp="221" pin=1"/></net>

<net id="233"><net_src comp="96" pin="0"/><net_sink comp="228" pin=0"/></net>

<net id="234"><net_src comp="18" pin="0"/><net_sink comp="228" pin=1"/></net>

<net id="240"><net_src comp="96" pin="0"/><net_sink comp="235" pin=0"/></net>

<net id="241"><net_src comp="20" pin="0"/><net_sink comp="235" pin=1"/></net>

<net id="247"><net_src comp="96" pin="0"/><net_sink comp="242" pin=0"/></net>

<net id="248"><net_src comp="22" pin="0"/><net_sink comp="242" pin=1"/></net>

<net id="254"><net_src comp="96" pin="0"/><net_sink comp="249" pin=0"/></net>

<net id="255"><net_src comp="24" pin="0"/><net_sink comp="249" pin=1"/></net>

<net id="261"><net_src comp="96" pin="0"/><net_sink comp="256" pin=0"/></net>

<net id="262"><net_src comp="26" pin="0"/><net_sink comp="256" pin=1"/></net>

<net id="268"><net_src comp="96" pin="0"/><net_sink comp="263" pin=0"/></net>

<net id="269"><net_src comp="28" pin="0"/><net_sink comp="263" pin=1"/></net>

<net id="275"><net_src comp="96" pin="0"/><net_sink comp="270" pin=0"/></net>

<net id="276"><net_src comp="30" pin="0"/><net_sink comp="270" pin=1"/></net>

<net id="282"><net_src comp="96" pin="0"/><net_sink comp="277" pin=0"/></net>

<net id="283"><net_src comp="32" pin="0"/><net_sink comp="277" pin=1"/></net>

<net id="288"><net_src comp="48" pin="0"/><net_sink comp="284" pin=0"/></net>

<net id="296"><net_src comp="289" pin="1"/><net_sink comp="292" pin=0"/></net>

<net id="297"><net_src comp="50" pin="0"/><net_sink comp="292" pin=1"/></net>

<net id="302"><net_src comp="289" pin="1"/><net_sink comp="298" pin=0"/></net>

<net id="303"><net_src comp="56" pin="0"/><net_sink comp="298" pin=1"/></net>

<net id="307"><net_src comp="289" pin="1"/><net_sink comp="304" pin=0"/></net>

<net id="312"><net_src comp="166" pin="2"/><net_sink comp="308" pin=0"/></net>

<net id="317"><net_src comp="166" pin="2"/><net_sink comp="313" pin=0"/></net>

<net id="322"><net_src comp="166" pin="2"/><net_sink comp="318" pin=0"/></net>

<net id="327"><net_src comp="166" pin="2"/><net_sink comp="323" pin=0"/></net>

<net id="332"><net_src comp="166" pin="2"/><net_sink comp="328" pin=0"/></net>

<net id="337"><net_src comp="166" pin="2"/><net_sink comp="333" pin=0"/></net>

<net id="342"><net_src comp="166" pin="2"/><net_sink comp="338" pin=0"/></net>

<net id="347"><net_src comp="166" pin="2"/><net_sink comp="343" pin=0"/></net>

<net id="352"><net_src comp="166" pin="2"/><net_sink comp="348" pin=0"/></net>

<net id="357"><net_src comp="166" pin="2"/><net_sink comp="353" pin=0"/></net>

<net id="362"><net_src comp="166" pin="2"/><net_sink comp="358" pin=0"/></net>

<net id="367"><net_src comp="166" pin="2"/><net_sink comp="363" pin=0"/></net>

<net id="372"><net_src comp="166" pin="2"/><net_sink comp="368" pin=0"/></net>

<net id="377"><net_src comp="166" pin="2"/><net_sink comp="373" pin=0"/></net>

<net id="382"><net_src comp="166" pin="2"/><net_sink comp="378" pin=0"/></net>

<net id="387"><net_src comp="166" pin="2"/><net_sink comp="383" pin=0"/></net>

<net id="392"><net_src comp="298" pin="2"/><net_sink comp="388" pin=0"/></net>

<net id="396"><net_src comp="393" pin="1"/><net_sink comp="277" pin=2"/></net>

<net id="400"><net_src comp="397" pin="1"/><net_sink comp="270" pin=2"/></net>

<net id="404"><net_src comp="401" pin="1"/><net_sink comp="263" pin=2"/></net>

<net id="408"><net_src comp="405" pin="1"/><net_sink comp="256" pin=2"/></net>

<net id="412"><net_src comp="409" pin="1"/><net_sink comp="249" pin=2"/></net>

<net id="416"><net_src comp="413" pin="1"/><net_sink comp="242" pin=2"/></net>

<net id="420"><net_src comp="417" pin="1"/><net_sink comp="235" pin=2"/></net>

<net id="424"><net_src comp="421" pin="1"/><net_sink comp="228" pin=2"/></net>

<net id="428"><net_src comp="425" pin="1"/><net_sink comp="221" pin=2"/></net>

<net id="432"><net_src comp="429" pin="1"/><net_sink comp="214" pin=2"/></net>

<net id="436"><net_src comp="433" pin="1"/><net_sink comp="207" pin=2"/></net>

<net id="440"><net_src comp="437" pin="1"/><net_sink comp="200" pin=2"/></net>

<net id="444"><net_src comp="441" pin="1"/><net_sink comp="193" pin=2"/></net>

<net id="448"><net_src comp="445" pin="1"/><net_sink comp="186" pin=2"/></net>

<net id="452"><net_src comp="449" pin="1"/><net_sink comp="179" pin=2"/></net>

<net id="456"><net_src comp="453" pin="1"/><net_sink comp="172" pin=2"/></net>

<net id="460"><net_src comp="98" pin="1"/><net_sink comp="457" pin=0"/></net>

<net id="461"><net_src comp="457" pin="1"/><net_sink comp="284" pin=1"/></net>

<net id="462"><net_src comp="457" pin="1"/><net_sink comp="289" pin=0"/></net>

<net id="463"><net_src comp="457" pin="1"/><net_sink comp="388" pin=1"/></net>

<net id="467"><net_src comp="102" pin="1"/><net_sink comp="464" pin=0"/></net>

<net id="468"><net_src comp="464" pin="1"/><net_sink comp="378" pin=1"/></net>

<net id="469"><net_src comp="464" pin="1"/><net_sink comp="393" pin=0"/></net>

<net id="473"><net_src comp="106" pin="1"/><net_sink comp="470" pin=0"/></net>

<net id="474"><net_src comp="470" pin="1"/><net_sink comp="373" pin=1"/></net>

<net id="475"><net_src comp="470" pin="1"/><net_sink comp="397" pin=0"/></net>

<net id="479"><net_src comp="110" pin="1"/><net_sink comp="476" pin=0"/></net>

<net id="480"><net_src comp="476" pin="1"/><net_sink comp="368" pin=1"/></net>

<net id="481"><net_src comp="476" pin="1"/><net_sink comp="401" pin=0"/></net>

<net id="485"><net_src comp="114" pin="1"/><net_sink comp="482" pin=0"/></net>

<net id="486"><net_src comp="482" pin="1"/><net_sink comp="363" pin=1"/></net>

<net id="487"><net_src comp="482" pin="1"/><net_sink comp="405" pin=0"/></net>

<net id="491"><net_src comp="118" pin="1"/><net_sink comp="488" pin=0"/></net>

<net id="492"><net_src comp="488" pin="1"/><net_sink comp="358" pin=1"/></net>

<net id="493"><net_src comp="488" pin="1"/><net_sink comp="409" pin=0"/></net>

<net id="497"><net_src comp="122" pin="1"/><net_sink comp="494" pin=0"/></net>

<net id="498"><net_src comp="494" pin="1"/><net_sink comp="353" pin=1"/></net>

<net id="499"><net_src comp="494" pin="1"/><net_sink comp="413" pin=0"/></net>

<net id="503"><net_src comp="126" pin="1"/><net_sink comp="500" pin=0"/></net>

<net id="504"><net_src comp="500" pin="1"/><net_sink comp="348" pin=1"/></net>

<net id="505"><net_src comp="500" pin="1"/><net_sink comp="417" pin=0"/></net>

<net id="509"><net_src comp="130" pin="1"/><net_sink comp="506" pin=0"/></net>

<net id="510"><net_src comp="506" pin="1"/><net_sink comp="343" pin=1"/></net>

<net id="511"><net_src comp="506" pin="1"/><net_sink comp="421" pin=0"/></net>

<net id="515"><net_src comp="134" pin="1"/><net_sink comp="512" pin=0"/></net>

<net id="516"><net_src comp="512" pin="1"/><net_sink comp="338" pin=1"/></net>

<net id="517"><net_src comp="512" pin="1"/><net_sink comp="425" pin=0"/></net>

<net id="521"><net_src comp="138" pin="1"/><net_sink comp="518" pin=0"/></net>

<net id="522"><net_src comp="518" pin="1"/><net_sink comp="333" pin=1"/></net>

<net id="523"><net_src comp="518" pin="1"/><net_sink comp="429" pin=0"/></net>

<net id="527"><net_src comp="142" pin="1"/><net_sink comp="524" pin=0"/></net>

<net id="528"><net_src comp="524" pin="1"/><net_sink comp="328" pin=1"/></net>

<net id="529"><net_src comp="524" pin="1"/><net_sink comp="433" pin=0"/></net>

<net id="533"><net_src comp="146" pin="1"/><net_sink comp="530" pin=0"/></net>

<net id="534"><net_src comp="530" pin="1"/><net_sink comp="323" pin=1"/></net>

<net id="535"><net_src comp="530" pin="1"/><net_sink comp="437" pin=0"/></net>

<net id="539"><net_src comp="150" pin="1"/><net_sink comp="536" pin=0"/></net>

<net id="540"><net_src comp="536" pin="1"/><net_sink comp="318" pin=1"/></net>

<net id="541"><net_src comp="536" pin="1"/><net_sink comp="441" pin=0"/></net>

<net id="545"><net_src comp="154" pin="1"/><net_sink comp="542" pin=0"/></net>

<net id="546"><net_src comp="542" pin="1"/><net_sink comp="313" pin=1"/></net>

<net id="547"><net_src comp="542" pin="1"/><net_sink comp="445" pin=0"/></net>

<net id="551"><net_src comp="158" pin="1"/><net_sink comp="548" pin=0"/></net>

<net id="552"><net_src comp="548" pin="1"/><net_sink comp="308" pin=1"/></net>

<net id="553"><net_src comp="548" pin="1"/><net_sink comp="449" pin=0"/></net>

<net id="557"><net_src comp="162" pin="1"/><net_sink comp="554" pin=0"/></net>

<net id="558"><net_src comp="554" pin="1"/><net_sink comp="383" pin=1"/></net>

<net id="559"><net_src comp="554" pin="1"/><net_sink comp="453" pin=0"/></net>

</net_list>

</model> 
---------------- Datapath Model END ------------------

* FSMD analyzer results:
  - Output states:
	Port: in_stream | {}
	Port: w_V_15_out | {1 }
	Port: w_V_14_out | {1 }
	Port: w_V_13_out | {1 }
	Port: w_V_12_out | {1 }
	Port: w_V_11_out | {1 }
	Port: w_V_10_out | {1 }
	Port: w_V_9_out | {1 }
	Port: w_V_8_out | {1 }
	Port: w_V_7_out | {1 }
	Port: w_V_6_out | {1 }
	Port: w_V_5_out | {1 }
	Port: w_V_4_out | {1 }
	Port: w_V_3_out | {1 }
	Port: w_V_2_out | {1 }
	Port: w_V_1_out | {1 }
	Port: w_V_out | {1 }
 - Input state : 
	Port: sha256_acc_Pipeline_VITIS_LOOP_15_1 : in_stream | {1 }
  - Chain level:
	State 1
		store_ln0 : 1
		i_2 : 1
		icmp_ln15 : 2
		add_ln15 : 2
		br_ln15 : 3
		trunc_ln17 : 2
		switch_ln17 : 3
		store_ln15 : 3
		w_V_load : 1
		w_V_1_load : 1
		w_V_2_load : 1
		w_V_3_load : 1
		w_V_4_load : 1
		w_V_5_load : 1
		w_V_6_load : 1
		w_V_7_load : 1
		w_V_8_load : 1
		w_V_9_load : 1
		w_V_10_load : 1
		w_V_11_load : 1
		w_V_12_load : 1
		w_V_13_load : 1
		w_V_14_load : 1
		w_V_15_load : 1
		write_ln0 : 2
		write_ln0 : 2
		write_ln0 : 2
		write_ln0 : 2
		write_ln0 : 2
		write_ln0 : 2
		write_ln0 : 2
		write_ln0 : 2
		write_ln0 : 2
		write_ln0 : 2
		write_ln0 : 2
		write_ln0 : 2
		write_ln0 : 2
		write_ln0 : 2
		write_ln0 : 2
		write_ln0 : 2


============================================================
+ Verbose Summary: Datapath Resource usage 
============================================================

* Functional unit list:
|----------|------------------------|---------|---------|
| Operation|     Functional Unit    |    FF   |   LUT   |
|----------|------------------------|---------|---------|
|    add   |     add_ln15_fu_298    |    0    |    13   |
|----------|------------------------|---------|---------|
|   icmp   |    icmp_ln15_fu_292    |    0    |    9    |
|----------|------------------------|---------|---------|
|   read   |   w_V_49_read_fu_166   |    0    |    0    |
|----------|------------------------|---------|---------|
|          | write_ln0_write_fu_172 |    0    |    0    |
|          | write_ln0_write_fu_179 |    0    |    0    |
|          | write_ln0_write_fu_186 |    0    |    0    |
|          | write_ln0_write_fu_193 |    0    |    0    |
|          | write_ln0_write_fu_200 |    0    |    0    |
|          | write_ln0_write_fu_207 |    0    |    0    |
|          | write_ln0_write_fu_214 |    0    |    0    |
|   write  | write_ln0_write_fu_221 |    0    |    0    |
|          | write_ln0_write_fu_228 |    0    |    0    |
|          | write_ln0_write_fu_235 |    0    |    0    |
|          | write_ln0_write_fu_242 |    0    |    0    |
|          | write_ln0_write_fu_249 |    0    |    0    |
|          | write_ln0_write_fu_256 |    0    |    0    |
|          | write_ln0_write_fu_263 |    0    |    0    |
|          | write_ln0_write_fu_270 |    0    |    0    |
|          | write_ln0_write_fu_277 |    0    |    0    |
|----------|------------------------|---------|---------|
|   trunc  |    trunc_ln17_fu_304   |    0    |    0    |
|----------|------------------------|---------|---------|
|   Total  |                        |    0    |    22   |
|----------|------------------------|---------|---------|

Memories:
N/A

* Register list:
+--------------+--------+
|              |   FF   |
+--------------+--------+
|   i_reg_457  |    5   |
|w_V_10_reg_524|   32   |
|w_V_11_reg_530|   32   |
|w_V_12_reg_536|   32   |
|w_V_13_reg_542|   32   |
|w_V_14_reg_548|   32   |
|w_V_15_reg_554|   32   |
| w_V_1_reg_470|   32   |
| w_V_2_reg_476|   32   |
| w_V_3_reg_482|   32   |
| w_V_4_reg_488|   32   |
| w_V_5_reg_494|   32   |
| w_V_6_reg_500|   32   |
| w_V_7_reg_506|   32   |
| w_V_8_reg_512|   32   |
| w_V_9_reg_518|   32   |
|  w_V_reg_464 |   32   |
+--------------+--------+
|     Total    |   517  |
+--------------+--------+

* Multiplexer (MUX) list: 
|--------|------|------|------|--------|
|  Comp  |  Pin | Size |  BW  | S x BW |
|--------|------|------|------|--------|
|  Total |      |      |      |    0   |
|--------|------|------|------|--------|



* Summary:
+-----------+--------+--------+
|           |   FF   |   LUT  |
+-----------+--------+--------+
|  Function |    0   |   22   |
|   Memory  |    -   |    -   |
|Multiplexer|    -   |    -   |
|  Register |   517  |    -   |
+-----------+--------+--------+
|   Total   |   517  |   22   |
+-----------+--------+--------+
