

================================================================
== Vitis HLS Report for 'sha256_acc_Pipeline_VITIS_LOOP_30_3'
================================================================
* Date:           Tue Jan 27 00:56:53 2026

* Version:        2022.2 (Build 3670227 on Oct 13 2022)
* Project:        Blockchain_hardware_accelratoin
* Solution:       solution1 (Vivado IP Flow Target)
* Product family: zynq
* Target device:  xc7z020-clg400-1


================================================================
== Performance Estimates
================================================================
+ Timing: 
    * Summary: 
    +--------+----------+----------+------------+
    |  Clock |  Target  | Estimated| Uncertainty|
    +--------+----------+----------+------------+
    |ap_clk  |  15.00 ns|  9.735 ns|     4.05 ns|
    +--------+----------+----------+------------+

+ Latency: 
    * Summary: 
    +---------+---------+----------+----------+-----+-----+---------+
    |  Latency (cycles) |  Latency (absolute) |  Interval | Pipeline|
    |   min   |   max   |    min   |    max   | min | max |   Type  |
    +---------+---------+----------+----------+-----+-----+---------+
    |      131|      131|  1.965 us|  1.965 us|  131|  131|       no|
    +---------+---------+----------+----------+-----+-----+---------+

    + Detail: 
        * Instance: 
        N/A

        * Loop: 
        +-------------------+---------+---------+----------+-----------+-----------+------+----------+
        |                   |  Latency (cycles) | Iteration|  Initiation Interval  | Trip |          |
        |     Loop Name     |   min   |   max   |  Latency |  achieved |   target  | Count| Pipelined|
        +-------------------+---------+---------+----------+-----------+-----------+------+----------+
        |- VITIS_LOOP_30_3  |      129|      129|         3|          2|          2|    64|       yes|
        +-------------------+---------+---------+----------+-----------+-----------+------+----------+

============================================================
+ Verbose Summary: Synthesis Manager
============================================================
InlineROM: 1
ExposeGlobal: 0
============================================================
+ Verbose Summary: CDFG Model
============================================================
IsTopModel: 0
ResetActiveHigh: 1
IsCombinational: 0
IsDatapathOnly: 0
HasWiredReturn: 1
HasMFsm: 2
HasVarLatency: 1
IsPipeline: 0
IsRtlPipelined: 0
IsInstanceOverlapped: 0
IsDontTouch: 0
HasImplIP: 0
IsGatedGlobalClock: 0

+ Individual pipeline summary: 
  * Pipeline-0: initiation interval (II) = 2, depth = 3


============================================================
+ Verbose Summary: Schedule
============================================================
* Number of FSM states : 3
* Pipeline : 1
  Pipeline-0 : II = 2, D = 3, States = { 1 2 3 }
* Dataflow Pipeline: 0

* FSM state transitions: 
1 --> 2 
2 --> 3 
3 --> 

* FSM state operations: 

State 1 <SV = 0> <Delay = 3.45>
ST_1 : Operation 6 [1/1] (0.00ns)   --->   "%c_V_1 = alloca i32 1"   --->   Operation 6 'alloca' 'c_V_1' <Predicate = true> <Delay = 0.00>
ST_1 : Operation 7 [1/1] (0.00ns)   --->   "%d_V = alloca i32 1"   --->   Operation 7 'alloca' 'd_V' <Predicate = true> <Delay = 0.00>
ST_1 : Operation 8 [1/1] (0.00ns)   --->   "%g_V_1 = alloca i32 1"   --->   Operation 8 'alloca' 'g_V_1' <Predicate = true> <Delay = 0.00>
ST_1 : Operation 9 [1/1] (0.00ns)   --->   "%b_V = alloca i32 1"   --->   Operation 9 'alloca' 'b_V' <Predicate = true> <Delay = 0.00>
ST_1 : Operation 10 [1/1] (0.00ns)   --->   "%h_val_V = alloca i32 1"   --->   Operation 10 'alloca' 'h_val_V' <Predicate = true> <Delay = 0.00>
ST_1 : Operation 11 [1/1] (0.00ns)   --->   "%i = alloca i32 1"   --->   Operation 11 'alloca' 'i' <Predicate = true> <Delay = 0.00>
ST_1 : Operation 12 [1/1] (0.00ns)   --->   "%d_V_1 = alloca i32 1"   --->   Operation 12 'alloca' 'd_V_1' <Predicate = true> <Delay = 0.00>
ST_1 : Operation 13 [1/1] (0.00ns)   --->   "%f_V = alloca i32 1"   --->   Operation 13 'alloca' 'f_V' <Predicate = true> <Delay = 0.00>
ST_1 : Operation 14 [1/1] (0.00ns)   --->   "%h_val_V_1 = alloca i32 1"   --->   Operation 14 'alloca' 'h_val_V_1' <Predicate = true> <Delay = 0.00>
ST_1 : Operation 15 [1/1] (0.00ns)   --->   "%w_V_80_reload_read = read i32 @_ssdm_op_Read.ap_auto.i32, i32 %w_V_80_reload"   --->   Operation 15 'read' 'w_V_80_reload_read' <Predicate = true> <Delay = 0.00>
ST_1 : Operation 16 [1/1] (0.00ns)   --->   "%w_V_79_reload_read = read i32 @_ssdm_op_Read.ap_auto.i32, i32 %w_V_79_reload"   --->   Operation 16 'read' 'w_V_79_reload_read' <Predicate = true> <Delay = 0.00>
ST_1 : Operation 17 [1/1] (0.00ns)   --->   "%w_V_78_reload_read = read i32 @_ssdm_op_Read.ap_auto.i32, i32 %w_V_78_reload"   --->   Operation 17 'read' 'w_V_78_reload_read' <Predicate = true> <Delay = 0.00>
ST_1 : Operation 18 [1/1] (0.00ns)   --->   "%w_V_77_reload_read = read i32 @_ssdm_op_Read.ap_auto.i32, i32 %w_V_77_reload"   --->   Operation 18 'read' 'w_V_77_reload_read' <Predicate = true> <Delay = 0.00>
ST_1 : Operation 19 [1/1] (0.00ns)   --->   "%w_V_76_reload_read = read i32 @_ssdm_op_Read.ap_auto.i32, i32 %w_V_76_reload"   --->   Operation 19 'read' 'w_V_76_reload_read' <Predicate = true> <Delay = 0.00>
ST_1 : Operation 20 [1/1] (0.00ns)   --->   "%w_V_75_reload_read = read i32 @_ssdm_op_Read.ap_auto.i32, i32 %w_V_75_reload"   --->   Operation 20 'read' 'w_V_75_reload_read' <Predicate = true> <Delay = 0.00>
ST_1 : Operation 21 [1/1] (0.00ns)   --->   "%w_V_74_reload_read = read i32 @_ssdm_op_Read.ap_auto.i32, i32 %w_V_74_reload"   --->   Operation 21 'read' 'w_V_74_reload_read' <Predicate = true> <Delay = 0.00>
ST_1 : Operation 22 [1/1] (0.00ns)   --->   "%w_V_73_reload_read = read i32 @_ssdm_op_Read.ap_auto.i32, i32 %w_V_73_reload"   --->   Operation 22 'read' 'w_V_73_reload_read' <Predicate = true> <Delay = 0.00>
ST_1 : Operation 23 [1/1] (0.00ns)   --->   "%w_V_72_reload_read = read i32 @_ssdm_op_Read.ap_auto.i32, i32 %w_V_72_reload"   --->   Operation 23 'read' 'w_V_72_reload_read' <Predicate = true> <Delay = 0.00>
ST_1 : Operation 24 [1/1] (0.00ns)   --->   "%w_V_71_reload_read = read i32 @_ssdm_op_Read.ap_auto.i32, i32 %w_V_71_reload"   --->   Operation 24 'read' 'w_V_71_reload_read' <Predicate = true> <Delay = 0.00>
ST_1 : Operation 25 [1/1] (0.00ns)   --->   "%w_V_70_reload_read = read i32 @_ssdm_op_Read.ap_auto.i32, i32 %w_V_70_reload"   --->   Operation 25 'read' 'w_V_70_reload_read' <Predicate = true> <Delay = 0.00>
ST_1 : Operation 26 [1/1] (0.00ns)   --->   "%w_V_69_reload_read = read i32 @_ssdm_op_Read.ap_auto.i32, i32 %w_V_69_reload"   --->   Operation 26 'read' 'w_V_69_reload_read' <Predicate = true> <Delay = 0.00>
ST_1 : Operation 27 [1/1] (0.00ns)   --->   "%w_V_68_reload_read = read i32 @_ssdm_op_Read.ap_auto.i32, i32 %w_V_68_reload"   --->   Operation 27 'read' 'w_V_68_reload_read' <Predicate = true> <Delay = 0.00>
ST_1 : Operation 28 [1/1] (0.00ns)   --->   "%w_V_67_reload_read = read i32 @_ssdm_op_Read.ap_auto.i32, i32 %w_V_67_reload"   --->   Operation 28 'read' 'w_V_67_reload_read' <Predicate = true> <Delay = 0.00>
ST_1 : Operation 29 [1/1] (0.00ns)   --->   "%w_V_66_reload_read = read i32 @_ssdm_op_Read.ap_auto.i32, i32 %w_V_66_reload"   --->   Operation 29 'read' 'w_V_66_reload_read' <Predicate = true> <Delay = 0.00>
ST_1 : Operation 30 [1/1] (0.00ns)   --->   "%w_V_65_reload_read = read i32 @_ssdm_op_Read.ap_auto.i32, i32 %w_V_65_reload"   --->   Operation 30 'read' 'w_V_65_reload_read' <Predicate = true> <Delay = 0.00>
ST_1 : Operation 31 [1/1] (0.00ns)   --->   "%w_V_64_reload_read = read i32 @_ssdm_op_Read.ap_auto.i32, i32 %w_V_64_reload"   --->   Operation 31 'read' 'w_V_64_reload_read' <Predicate = true> <Delay = 0.00>
ST_1 : Operation 32 [1/1] (0.00ns)   --->   "%w_V_63_reload_read = read i32 @_ssdm_op_Read.ap_auto.i32, i32 %w_V_63_reload"   --->   Operation 32 'read' 'w_V_63_reload_read' <Predicate = true> <Delay = 0.00>
ST_1 : Operation 33 [1/1] (0.00ns)   --->   "%w_V_62_reload_read = read i32 @_ssdm_op_Read.ap_auto.i32, i32 %w_V_62_reload"   --->   Operation 33 'read' 'w_V_62_reload_read' <Predicate = true> <Delay = 0.00>
ST_1 : Operation 34 [1/1] (0.00ns)   --->   "%w_V_61_reload_read = read i32 @_ssdm_op_Read.ap_auto.i32, i32 %w_V_61_reload"   --->   Operation 34 'read' 'w_V_61_reload_read' <Predicate = true> <Delay = 0.00>
ST_1 : Operation 35 [1/1] (0.00ns)   --->   "%w_V_60_reload_read = read i32 @_ssdm_op_Read.ap_auto.i32, i32 %w_V_60_reload"   --->   Operation 35 'read' 'w_V_60_reload_read' <Predicate = true> <Delay = 0.00>
ST_1 : Operation 36 [1/1] (0.00ns)   --->   "%w_V_59_reload_read = read i32 @_ssdm_op_Read.ap_auto.i32, i32 %w_V_59_reload"   --->   Operation 36 'read' 'w_V_59_reload_read' <Predicate = true> <Delay = 0.00>
ST_1 : Operation 37 [1/1] (0.00ns)   --->   "%w_V_58_reload_read = read i32 @_ssdm_op_Read.ap_auto.i32, i32 %w_V_58_reload"   --->   Operation 37 'read' 'w_V_58_reload_read' <Predicate = true> <Delay = 0.00>
ST_1 : Operation 38 [1/1] (0.00ns)   --->   "%w_V_57_reload_read = read i32 @_ssdm_op_Read.ap_auto.i32, i32 %w_V_57_reload"   --->   Operation 38 'read' 'w_V_57_reload_read' <Predicate = true> <Delay = 0.00>
ST_1 : Operation 39 [1/1] (0.00ns)   --->   "%w_V_56_reload_read = read i32 @_ssdm_op_Read.ap_auto.i32, i32 %w_V_56_reload"   --->   Operation 39 'read' 'w_V_56_reload_read' <Predicate = true> <Delay = 0.00>
ST_1 : Operation 40 [1/1] (0.00ns)   --->   "%w_V_55_reload_read = read i32 @_ssdm_op_Read.ap_auto.i32, i32 %w_V_55_reload"   --->   Operation 40 'read' 'w_V_55_reload_read' <Predicate = true> <Delay = 0.00>
ST_1 : Operation 41 [1/1] (0.00ns)   --->   "%w_V_54_reload_read = read i32 @_ssdm_op_Read.ap_auto.i32, i32 %w_V_54_reload"   --->   Operation 41 'read' 'w_V_54_reload_read' <Predicate = true> <Delay = 0.00>
ST_1 : Operation 42 [1/1] (0.00ns)   --->   "%w_V_53_reload_read = read i32 @_ssdm_op_Read.ap_auto.i32, i32 %w_V_53_reload"   --->   Operation 42 'read' 'w_V_53_reload_read' <Predicate = true> <Delay = 0.00>
ST_1 : Operation 43 [1/1] (0.00ns)   --->   "%w_V_52_reload_read = read i32 @_ssdm_op_Read.ap_auto.i32, i32 %w_V_52_reload"   --->   Operation 43 'read' 'w_V_52_reload_read' <Predicate = true> <Delay = 0.00>
ST_1 : Operation 44 [1/1] (0.00ns)   --->   "%w_V_51_reload_read = read i32 @_ssdm_op_Read.ap_auto.i32, i32 %w_V_51_reload"   --->   Operation 44 'read' 'w_V_51_reload_read' <Predicate = true> <Delay = 0.00>
ST_1 : Operation 45 [1/1] (0.00ns)   --->   "%w_V_50_reload_read = read i32 @_ssdm_op_Read.ap_auto.i32, i32 %w_V_50_reload"   --->   Operation 45 'read' 'w_V_50_reload_read' <Predicate = true> <Delay = 0.00>
ST_1 : Operation 46 [1/1] (0.00ns)   --->   "%w_V_49_reload_read = read i32 @_ssdm_op_Read.ap_auto.i32, i32 %w_V_49_reload"   --->   Operation 46 'read' 'w_V_49_reload_read' <Predicate = true> <Delay = 0.00>
ST_1 : Operation 47 [1/1] (0.00ns)   --->   "%w_V_48_reload_read = read i32 @_ssdm_op_Read.ap_auto.i32, i32 %w_V_48_reload"   --->   Operation 47 'read' 'w_V_48_reload_read' <Predicate = true> <Delay = 0.00>
ST_1 : Operation 48 [1/1] (0.00ns)   --->   "%w_V_47_reload_read = read i32 @_ssdm_op_Read.ap_auto.i32, i32 %w_V_47_reload"   --->   Operation 48 'read' 'w_V_47_reload_read' <Predicate = true> <Delay = 0.00>
ST_1 : Operation 49 [1/1] (0.00ns)   --->   "%w_V_46_reload_read = read i32 @_ssdm_op_Read.ap_auto.i32, i32 %w_V_46_reload"   --->   Operation 49 'read' 'w_V_46_reload_read' <Predicate = true> <Delay = 0.00>
ST_1 : Operation 50 [1/1] (0.00ns)   --->   "%w_V_45_reload_read = read i32 @_ssdm_op_Read.ap_auto.i32, i32 %w_V_45_reload"   --->   Operation 50 'read' 'w_V_45_reload_read' <Predicate = true> <Delay = 0.00>
ST_1 : Operation 51 [1/1] (0.00ns)   --->   "%w_V_44_reload_read = read i32 @_ssdm_op_Read.ap_auto.i32, i32 %w_V_44_reload"   --->   Operation 51 'read' 'w_V_44_reload_read' <Predicate = true> <Delay = 0.00>
ST_1 : Operation 52 [1/1] (0.00ns)   --->   "%w_V_43_reload_read = read i32 @_ssdm_op_Read.ap_auto.i32, i32 %w_V_43_reload"   --->   Operation 52 'read' 'w_V_43_reload_read' <Predicate = true> <Delay = 0.00>
ST_1 : Operation 53 [1/1] (0.00ns)   --->   "%w_V_42_reload_read = read i32 @_ssdm_op_Read.ap_auto.i32, i32 %w_V_42_reload"   --->   Operation 53 'read' 'w_V_42_reload_read' <Predicate = true> <Delay = 0.00>
ST_1 : Operation 54 [1/1] (0.00ns)   --->   "%w_V_41_reload_read = read i32 @_ssdm_op_Read.ap_auto.i32, i32 %w_V_41_reload"   --->   Operation 54 'read' 'w_V_41_reload_read' <Predicate = true> <Delay = 0.00>
ST_1 : Operation 55 [1/1] (0.00ns)   --->   "%w_V_40_reload_read = read i32 @_ssdm_op_Read.ap_auto.i32, i32 %w_V_40_reload"   --->   Operation 55 'read' 'w_V_40_reload_read' <Predicate = true> <Delay = 0.00>
ST_1 : Operation 56 [1/1] (0.00ns)   --->   "%w_V_39_reload_read = read i32 @_ssdm_op_Read.ap_auto.i32, i32 %w_V_39_reload"   --->   Operation 56 'read' 'w_V_39_reload_read' <Predicate = true> <Delay = 0.00>
ST_1 : Operation 57 [1/1] (0.00ns)   --->   "%w_V_38_reload_read = read i32 @_ssdm_op_Read.ap_auto.i32, i32 %w_V_38_reload"   --->   Operation 57 'read' 'w_V_38_reload_read' <Predicate = true> <Delay = 0.00>
ST_1 : Operation 58 [1/1] (0.00ns)   --->   "%w_V_37_reload_read = read i32 @_ssdm_op_Read.ap_auto.i32, i32 %w_V_37_reload"   --->   Operation 58 'read' 'w_V_37_reload_read' <Predicate = true> <Delay = 0.00>
ST_1 : Operation 59 [1/1] (0.00ns)   --->   "%w_V_36_reload_read = read i32 @_ssdm_op_Read.ap_auto.i32, i32 %w_V_36_reload"   --->   Operation 59 'read' 'w_V_36_reload_read' <Predicate = true> <Delay = 0.00>
ST_1 : Operation 60 [1/1] (0.00ns)   --->   "%w_V_35_reload_read = read i32 @_ssdm_op_Read.ap_auto.i32, i32 %w_V_35_reload"   --->   Operation 60 'read' 'w_V_35_reload_read' <Predicate = true> <Delay = 0.00>
ST_1 : Operation 61 [1/1] (0.00ns)   --->   "%w_V_34_reload_read = read i32 @_ssdm_op_Read.ap_auto.i32, i32 %w_V_34_reload"   --->   Operation 61 'read' 'w_V_34_reload_read' <Predicate = true> <Delay = 0.00>
ST_1 : Operation 62 [1/1] (0.00ns)   --->   "%w_V_33_reload_read = read i32 @_ssdm_op_Read.ap_auto.i32, i32 %w_V_33_reload"   --->   Operation 62 'read' 'w_V_33_reload_read' <Predicate = true> <Delay = 0.00>
ST_1 : Operation 63 [1/1] (0.00ns)   --->   "%w_V_15_reload_read = read i32 @_ssdm_op_Read.ap_auto.i32, i32 %w_V_15_reload"   --->   Operation 63 'read' 'w_V_15_reload_read' <Predicate = true> <Delay = 0.00>
ST_1 : Operation 64 [1/1] (0.00ns)   --->   "%w_V_14_reload_read = read i32 @_ssdm_op_Read.ap_auto.i32, i32 %w_V_14_reload"   --->   Operation 64 'read' 'w_V_14_reload_read' <Predicate = true> <Delay = 0.00>
ST_1 : Operation 65 [1/1] (0.00ns)   --->   "%w_V_13_reload_read = read i32 @_ssdm_op_Read.ap_auto.i32, i32 %w_V_13_reload"   --->   Operation 65 'read' 'w_V_13_reload_read' <Predicate = true> <Delay = 0.00>
ST_1 : Operation 66 [1/1] (0.00ns)   --->   "%w_V_12_reload_read = read i32 @_ssdm_op_Read.ap_auto.i32, i32 %w_V_12_reload"   --->   Operation 66 'read' 'w_V_12_reload_read' <Predicate = true> <Delay = 0.00>
ST_1 : Operation 67 [1/1] (0.00ns)   --->   "%w_V_11_reload_read = read i32 @_ssdm_op_Read.ap_auto.i32, i32 %w_V_11_reload"   --->   Operation 67 'read' 'w_V_11_reload_read' <Predicate = true> <Delay = 0.00>
ST_1 : Operation 68 [1/1] (0.00ns)   --->   "%w_V_10_reload_read = read i32 @_ssdm_op_Read.ap_auto.i32, i32 %w_V_10_reload"   --->   Operation 68 'read' 'w_V_10_reload_read' <Predicate = true> <Delay = 0.00>
ST_1 : Operation 69 [1/1] (0.00ns)   --->   "%w_V_9_reload_read = read i32 @_ssdm_op_Read.ap_auto.i32, i32 %w_V_9_reload"   --->   Operation 69 'read' 'w_V_9_reload_read' <Predicate = true> <Delay = 0.00>
ST_1 : Operation 70 [1/1] (0.00ns)   --->   "%w_V_8_reload_read = read i32 @_ssdm_op_Read.ap_auto.i32, i32 %w_V_8_reload"   --->   Operation 70 'read' 'w_V_8_reload_read' <Predicate = true> <Delay = 0.00>
ST_1 : Operation 71 [1/1] (0.00ns)   --->   "%w_V_7_reload_read = read i32 @_ssdm_op_Read.ap_auto.i32, i32 %w_V_7_reload"   --->   Operation 71 'read' 'w_V_7_reload_read' <Predicate = true> <Delay = 0.00>
ST_1 : Operation 72 [1/1] (0.00ns)   --->   "%w_V_6_reload_read = read i32 @_ssdm_op_Read.ap_auto.i32, i32 %w_V_6_reload"   --->   Operation 72 'read' 'w_V_6_reload_read' <Predicate = true> <Delay = 0.00>
ST_1 : Operation 73 [1/1] (0.00ns)   --->   "%w_V_5_reload_read = read i32 @_ssdm_op_Read.ap_auto.i32, i32 %w_V_5_reload"   --->   Operation 73 'read' 'w_V_5_reload_read' <Predicate = true> <Delay = 0.00>
ST_1 : Operation 74 [1/1] (0.00ns)   --->   "%w_V_4_reload_read = read i32 @_ssdm_op_Read.ap_auto.i32, i32 %w_V_4_reload"   --->   Operation 74 'read' 'w_V_4_reload_read' <Predicate = true> <Delay = 0.00>
ST_1 : Operation 75 [1/1] (0.00ns)   --->   "%w_V_3_reload_read = read i32 @_ssdm_op_Read.ap_auto.i32, i32 %w_V_3_reload"   --->   Operation 75 'read' 'w_V_3_reload_read' <Predicate = true> <Delay = 0.00>
ST_1 : Operation 76 [1/1] (0.00ns)   --->   "%w_V_2_reload_read = read i32 @_ssdm_op_Read.ap_auto.i32, i32 %w_V_2_reload"   --->   Operation 76 'read' 'w_V_2_reload_read' <Predicate = true> <Delay = 0.00>
ST_1 : Operation 77 [1/1] (0.00ns)   --->   "%w_V_1_reload_read = read i32 @_ssdm_op_Read.ap_auto.i32, i32 %w_V_1_reload"   --->   Operation 77 'read' 'w_V_1_reload_read' <Predicate = true> <Delay = 0.00>
ST_1 : Operation 78 [1/1] (0.00ns)   --->   "%w_V_reload_read = read i32 @_ssdm_op_Read.ap_auto.i32, i32 %w_V_reload"   --->   Operation 78 'read' 'w_V_reload_read' <Predicate = true> <Delay = 0.00>
ST_1 : Operation 79 [1/1] (1.58ns)   --->   "%store_ln0 = store i32 528734635, i32 %h_val_V_1"   --->   Operation 79 'store' 'store_ln0' <Predicate = true> <Delay = 1.58>
ST_1 : Operation 80 [1/1] (1.58ns)   --->   "%store_ln0 = store i32 1359893119, i32 %f_V"   --->   Operation 80 'store' 'store_ln0' <Predicate = true> <Delay = 1.58>
ST_1 : Operation 81 [1/1] (1.58ns)   --->   "%store_ln0 = store i32 1013904242, i32 %d_V_1"   --->   Operation 81 'store' 'store_ln0' <Predicate = true> <Delay = 1.58>
ST_1 : Operation 82 [1/1] (1.58ns)   --->   "%store_ln0 = store i7 0, i7 %i"   --->   Operation 82 'store' 'store_ln0' <Predicate = true> <Delay = 1.58>
ST_1 : Operation 83 [1/1] (1.58ns)   --->   "%store_ln0 = store i32 1541459225, i32 %h_val_V"   --->   Operation 83 'store' 'store_ln0' <Predicate = true> <Delay = 1.58>
ST_1 : Operation 84 [1/1] (1.58ns)   --->   "%store_ln0 = store i32 1779033703, i32 %b_V"   --->   Operation 84 'store' 'store_ln0' <Predicate = true> <Delay = 1.58>
ST_1 : Operation 85 [1/1] (1.58ns)   --->   "%store_ln0 = store i32 2600822924, i32 %g_V_1"   --->   Operation 85 'store' 'store_ln0' <Predicate = true> <Delay = 1.58>
ST_1 : Operation 86 [1/1] (1.58ns)   --->   "%store_ln0 = store i32 2773480762, i32 %d_V"   --->   Operation 86 'store' 'store_ln0' <Predicate = true> <Delay = 1.58>
ST_1 : Operation 87 [1/1] (1.58ns)   --->   "%store_ln0 = store i32 3144134277, i32 %c_V_1"   --->   Operation 87 'store' 'store_ln0' <Predicate = true> <Delay = 1.58>
ST_1 : Operation 88 [1/1] (0.00ns)   --->   "%br_ln0 = br void %for.inc133"   --->   Operation 88 'br' 'br_ln0' <Predicate = true> <Delay = 0.00>
ST_1 : Operation 89 [1/1] (0.00ns)   --->   "%i_1 = load i7 %i"   --->   Operation 89 'load' 'i_1' <Predicate = true> <Delay = 0.00>
ST_1 : Operation 90 [1/1] (1.48ns)   --->   "%icmp_ln30 = icmp_eq  i7 %i_1, i7 64" [sha256.cpp:30]   --->   Operation 90 'icmp' 'icmp_ln30' <Predicate = true> <Delay = 1.48> <CoreInst = "Cmp">   --->   Core 9 'Cmp' <Latency = 0> <II = 1> <Delay = 1.48> <FuncUnit> <Opcode : 'icmp'> <InPorts = 2> <OutPorts = 1>
ST_1 : Operation 91 [1/1] (1.87ns)   --->   "%add_ln30 = add i7 %i_1, i7 1" [sha256.cpp:30]   --->   Operation 91 'add' 'add_ln30' <Predicate = true> <Delay = 1.87> <CoreInst = "Adder">   --->   Core 1 'Adder' <Latency = 0> <II = 1> <Delay = 1.87> <FuncUnit> <Opcode : 'add' 'sub'> <InPorts = 2> <OutPorts = 1>
ST_1 : Operation 92 [1/1] (0.00ns)   --->   "%br_ln30 = br i1 %icmp_ln30, void %for.inc133.split, void %for.end135.exitStub" [sha256.cpp:30]   --->   Operation 92 'br' 'br_ln30' <Predicate = true> <Delay = 0.00>
ST_1 : Operation 93 [1/1] (0.00ns)   --->   "%zext_ln30 = zext i7 %i_1" [sha256.cpp:30]   --->   Operation 93 'zext' 'zext_ln30' <Predicate = (!icmp_ln30)> <Delay = 0.00>
ST_1 : Operation 94 [1/1] (0.00ns)   --->   "%k_V_addr = getelementptr i32 %k_V, i64 0, i64 %zext_ln30"   --->   Operation 94 'getelementptr' 'k_V_addr' <Predicate = (!icmp_ln30)> <Delay = 0.00>
ST_1 : Operation 95 [2/2] (3.25ns)   --->   "%k_V_load = load i6 %k_V_addr"   --->   Operation 95 'load' 'k_V_load' <Predicate = (!icmp_ln30)> <Delay = 3.25> <CoreInst = "ROM">   --->   Core 95 'ROM' <Latency = 1> <II = 1> <Delay = 3.25> <Storage> <Opcode : 'load'> <Ports = 0> <Width = 32> <Depth = 64> <ROM>
ST_1 : Operation 96 [1/1] (0.00ns)   --->   "%trunc_ln186 = trunc i7 %i_1"   --->   Operation 96 'trunc' 'trunc_ln186' <Predicate = (!icmp_ln30)> <Delay = 0.00>
ST_1 : Operation 97 [1/1] (3.13ns)   --->   "%tmp_4 = mux i32 @_ssdm_op_Mux.ap_auto.64i32.i6, i32 %w_V_reload_read, i32 %w_V_1_reload_read, i32 %w_V_2_reload_read, i32 %w_V_3_reload_read, i32 %w_V_4_reload_read, i32 %w_V_5_reload_read, i32 %w_V_6_reload_read, i32 %w_V_7_reload_read, i32 %w_V_8_reload_read, i32 %w_V_9_reload_read, i32 %w_V_10_reload_read, i32 %w_V_11_reload_read, i32 %w_V_12_reload_read, i32 %w_V_13_reload_read, i32 %w_V_14_reload_read, i32 %w_V_15_reload_read, i32 %w_V_33_reload_read, i32 %w_V_34_reload_read, i32 %w_V_35_reload_read, i32 %w_V_36_reload_read, i32 %w_V_37_reload_read, i32 %w_V_38_reload_read, i32 %w_V_39_reload_read, i32 %w_V_40_reload_read, i32 %w_V_41_reload_read, i32 %w_V_42_reload_read, i32 %w_V_43_reload_read, i32 %w_V_44_reload_read, i32 %w_V_45_reload_read, i32 %w_V_46_reload_read, i32 %w_V_47_reload_read, i32 %w_V_48_reload_read, i32 %w_V_49_reload_read, i32 %w_V_50_reload_read, i32 %w_V_51_reload_read, i32 %w_V_52_reload_read, i32 %w_V_53_reload_read, i32 %w_V_54_reload_read, i32 %w_V_55_reload_read, i32 %w_V_56_reload_read, i32 %w_V_57_reload_read, i32 %w_V_58_reload_read, i32 %w_V_59_reload_read, i32 %w_V_60_reload_read, i32 %w_V_61_reload_read, i32 %w_V_62_reload_read, i32 %w_V_63_reload_read, i32 %w_V_64_reload_read, i32 %w_V_65_reload_read, i32 %w_V_66_reload_read, i32 %w_V_67_reload_read, i32 %w_V_68_reload_read, i32 %w_V_69_reload_read, i32 %w_V_70_reload_read, i32 %w_V_71_reload_read, i32 %w_V_72_reload_read, i32 %w_V_73_reload_read, i32 %w_V_74_reload_read, i32 %w_V_75_reload_read, i32 %w_V_76_reload_read, i32 %w_V_77_reload_read, i32 %w_V_78_reload_read, i32 %w_V_79_reload_read, i32 %w_V_80_reload_read, i6 %trunc_ln186"   --->   Operation 97 'mux' 'tmp_4' <Predicate = (!icmp_ln30)> <Delay = 3.13> <CoreInst = "Multiplexer">   --->   Core 76 'Multiplexer' <Latency = 0> <II = 1> <Delay = 3.13> <FuncUnit> <Opcode : 'mux'> <InPorts = 2> <OutPorts = 1>
ST_1 : Operation 98 [1/1] (1.58ns)   --->   "%store_ln30 = store i7 %add_ln30, i7 %i" [sha256.cpp:30]   --->   Operation 98 'store' 'store_ln30' <Predicate = (!icmp_ln30)> <Delay = 1.58>

State 2 <SV = 1> <Delay = 9.73>
ST_2 : Operation 99 [1/1] (0.00ns)   --->   "%a_V_2 = load i32 %b_V"   --->   Operation 99 'load' 'a_V_2' <Predicate = true> <Delay = 0.00>
ST_2 : Operation 100 [1/1] (0.00ns)   --->   "%c_V = load i32 %d_V_1"   --->   Operation 100 'load' 'c_V' <Predicate = true> <Delay = 0.00>
ST_2 : Operation 101 [1/1] (0.00ns)   --->   "%e_V_2 = load i32 %f_V"   --->   Operation 101 'load' 'e_V_2' <Predicate = true> <Delay = 0.00>
ST_2 : Operation 102 [1/1] (0.00ns)   --->   "%g_V = load i32 %h_val_V_1"   --->   Operation 102 'load' 'g_V' <Predicate = true> <Delay = 0.00>
ST_2 : Operation 103 [1/1] (0.00ns)   --->   "%empty = speclooptripcount i32 @_ssdm_op_SpecLoopTripCount, i64 64, i64 64, i64 64"   --->   Operation 103 'speclooptripcount' 'empty' <Predicate = true> <Delay = 0.00>
ST_2 : Operation 104 [1/1] (0.00ns)   --->   "%g_V_1_load_1 = load i32 %g_V_1" [sha256.cpp:30]   --->   Operation 104 'load' 'g_V_1_load_1' <Predicate = (!icmp_ln30)> <Delay = 0.00>
ST_2 : Operation 105 [1/1] (0.00ns)   --->   "%h_val_V_load = load i32 %h_val_V"   --->   Operation 105 'load' 'h_val_V_load' <Predicate = (!icmp_ln30)> <Delay = 0.00>
ST_2 : Operation 106 [1/1] (0.00ns) (grouped into LUT with out node ret_V)   --->   "%r_V_5 = partselect i26 @_ssdm_op_PartSelect.i26.i32.i32.i32, i32 %e_V_2, i32 6, i32 31"   --->   Operation 106 'partselect' 'r_V_5' <Predicate = (!icmp_ln30)> <Delay = 0.00>
ST_2 : Operation 107 [1/1] (0.00ns) (grouped into LUT with out node ret_V)   --->   "%trunc_ln1669 = trunc i32 %e_V_2"   --->   Operation 107 'trunc' 'trunc_ln1669' <Predicate = (!icmp_ln30)> <Delay = 0.00>
ST_2 : Operation 108 [1/1] (0.00ns) (grouped into LUT with out node ret_V)   --->   "%ret_V_12 = bitconcatenate i32 @_ssdm_op_BitConcatenate.i32.i6.i26, i6 %trunc_ln1669, i26 %r_V_5"   --->   Operation 108 'bitconcatenate' 'ret_V_12' <Predicate = (!icmp_ln30)> <Delay = 0.00>
ST_2 : Operation 109 [1/1] (0.00ns) (grouped into LUT with out node ret_V)   --->   "%r_V_6 = partselect i21 @_ssdm_op_PartSelect.i21.i32.i32.i32, i32 %e_V_2, i32 11, i32 31"   --->   Operation 109 'partselect' 'r_V_6' <Predicate = (!icmp_ln30)> <Delay = 0.00>
ST_2 : Operation 110 [1/1] (0.00ns) (grouped into LUT with out node ret_V)   --->   "%trunc_ln1669_1 = trunc i32 %e_V_2"   --->   Operation 110 'trunc' 'trunc_ln1669_1' <Predicate = (!icmp_ln30)> <Delay = 0.00>
ST_2 : Operation 111 [1/1] (0.00ns) (grouped into LUT with out node ret_V)   --->   "%ret_V_13 = bitconcatenate i32 @_ssdm_op_BitConcatenate.i32.i11.i21, i11 %trunc_ln1669_1, i21 %r_V_6"   --->   Operation 111 'bitconcatenate' 'ret_V_13' <Predicate = (!icmp_ln30)> <Delay = 0.00>
ST_2 : Operation 112 [1/1] (0.00ns) (grouped into LUT with out node ret_V)   --->   "%r_V_7 = partselect i7 @_ssdm_op_PartSelect.i7.i32.i32.i32, i32 %e_V_2, i32 25, i32 31"   --->   Operation 112 'partselect' 'r_V_7' <Predicate = (!icmp_ln30)> <Delay = 0.00>
ST_2 : Operation 113 [1/1] (0.00ns) (grouped into LUT with out node ret_V)   --->   "%trunc_ln1669_2 = trunc i32 %e_V_2"   --->   Operation 113 'trunc' 'trunc_ln1669_2' <Predicate = (!icmp_ln30)> <Delay = 0.00>
ST_2 : Operation 114 [1/1] (0.00ns) (grouped into LUT with out node ret_V)   --->   "%ret_V_14 = bitconcatenate i32 @_ssdm_op_BitConcatenate.i32.i25.i7, i25 %trunc_ln1669_2, i7 %r_V_7"   --->   Operation 114 'bitconcatenate' 'ret_V_14' <Predicate = (!icmp_ln30)> <Delay = 0.00>
ST_2 : Operation 115 [1/1] (0.00ns) (grouped into LUT with out node ret_V)   --->   "%xor_ln1499 = xor i32 %ret_V_12, i32 %ret_V_13"   --->   Operation 115 'xor' 'xor_ln1499' <Predicate = (!icmp_ln30)> <Delay = 0.00> <CoreInst = "LogicGate">   --->   Core 74 'LogicGate' <Latency = 0> <II = 1> <Delay = 0.99> <FuncUnit> <Opcode : 'and' 'or' 'xor'> <InPorts = 2> <OutPorts = 1>
ST_2 : Operation 116 [1/1] (0.99ns) (out node of the LUT)   --->   "%ret_V = xor i32 %xor_ln1499, i32 %ret_V_14"   --->   Operation 116 'xor' 'ret_V' <Predicate = (!icmp_ln30)> <Delay = 0.99> <CoreInst = "LogicGate">   --->   Core 74 'LogicGate' <Latency = 0> <II = 1> <Delay = 0.99> <FuncUnit> <Opcode : 'and' 'or' 'xor'> <InPorts = 2> <OutPorts = 1>
ST_2 : Operation 117 [1/1] (0.00ns) (grouped into LUT with out node ret_V_4)   --->   "%ret_V_15 = and i32 %e_V_2, i32 %g_V_1_load_1"   --->   Operation 117 'and' 'ret_V_15' <Predicate = (!icmp_ln30)> <Delay = 0.00> <CoreInst = "LogicGate">   --->   Core 74 'LogicGate' <Latency = 0> <II = 1> <Delay = 0.99> <FuncUnit> <Opcode : 'and' 'or' 'xor'> <InPorts = 2> <OutPorts = 1>
ST_2 : Operation 118 [1/1] (0.00ns) (grouped into LUT with out node ret_V_4)   --->   "%r_V = xor i32 %e_V_2, i32 4294967295"   --->   Operation 118 'xor' 'r_V' <Predicate = (!icmp_ln30)> <Delay = 0.00> <CoreInst = "LogicGate">   --->   Core 74 'LogicGate' <Latency = 0> <II = 1> <Delay = 0.99> <FuncUnit> <Opcode : 'and' 'or' 'xor'> <InPorts = 2> <OutPorts = 1>
ST_2 : Operation 119 [1/1] (0.00ns) (grouped into LUT with out node ret_V_4)   --->   "%ret_V_16 = and i32 %g_V, i32 %r_V"   --->   Operation 119 'and' 'ret_V_16' <Predicate = (!icmp_ln30)> <Delay = 0.00> <CoreInst = "LogicGate">   --->   Core 74 'LogicGate' <Latency = 0> <II = 1> <Delay = 0.99> <FuncUnit> <Opcode : 'and' 'or' 'xor'> <InPorts = 2> <OutPorts = 1>
ST_2 : Operation 120 [1/1] (0.99ns) (out node of the LUT)   --->   "%ret_V_4 = xor i32 %ret_V_15, i32 %ret_V_16"   --->   Operation 120 'xor' 'ret_V_4' <Predicate = (!icmp_ln30)> <Delay = 0.99> <CoreInst = "LogicGate">   --->   Core 74 'LogicGate' <Latency = 0> <II = 1> <Delay = 0.99> <FuncUnit> <Opcode : 'and' 'or' 'xor'> <InPorts = 2> <OutPorts = 1>
ST_2 : Operation 121 [1/2] (3.25ns)   --->   "%k_V_load = load i6 %k_V_addr"   --->   Operation 121 'load' 'k_V_load' <Predicate = (!icmp_ln30)> <Delay = 3.25> <CoreInst = "ROM">   --->   Core 95 'ROM' <Latency = 1> <II = 1> <Delay = 3.25> <Storage> <Opcode : 'load'> <Ports = 0> <Width = 32> <Depth = 64> <ROM>
ST_2 : Operation 122 [1/1] (0.00ns) (grouped into TernaryAdder)   --->   "%add_ln186 = add i32 %k_V_load, i32 %h_val_V_load"   --->   Operation 122 'add' 'add_ln186' <Predicate = (!icmp_ln30)> <Delay = 0.00> <CoreInst = "TAddSub">   --->   Core 10 'TAddSub' <Latency = 0> <II = 1> <Delay = 2.18> <IPBlock> <Opcode : 'add' 'sub'> <InPorts = 3> <OutPorts = 1> <Sync> <CReg>
ST_2 : Operation 123 [1/1] (0.00ns) (grouped into TernaryAdder)   --->   "%add_ln186_1 = add i32 %ret_V_4, i32 %tmp_4"   --->   Operation 123 'add' 'add_ln186_1' <Predicate = (!icmp_ln30)> <Delay = 0.00> <CoreInst = "TAddSub">   --->   Core 10 'TAddSub' <Latency = 0> <II = 1> <Delay = 2.18> <IPBlock> <Opcode : 'add' 'sub'> <InPorts = 3> <OutPorts = 1> <Sync> <CReg>
ST_2 : Operation 124 [1/1] (4.37ns) (root node of TernaryAdder)   --->   "%add_ln186_2 = add i32 %add_ln186_1, i32 %ret_V"   --->   Operation 124 'add' 'add_ln186_2' <Predicate = (!icmp_ln30)> <Delay = 4.37> <CoreInst = "TAddSub">   --->   Core 10 'TAddSub' <Latency = 0> <II = 1> <Delay = 2.18> <IPBlock> <Opcode : 'add' 'sub'> <InPorts = 3> <OutPorts = 1> <Sync> <CReg>
ST_2 : Operation 125 [1/1] (4.37ns) (root node of TernaryAdder)   --->   "%t1_V = add i32 %add_ln186_2, i32 %add_ln186"   --->   Operation 125 'add' 't1_V' <Predicate = (!icmp_ln30)> <Delay = 4.37> <CoreInst = "TAddSub">   --->   Core 10 'TAddSub' <Latency = 0> <II = 1> <Delay = 2.18> <IPBlock> <Opcode : 'add' 'sub'> <InPorts = 3> <OutPorts = 1> <Sync> <CReg>
ST_2 : Operation 126 [1/1] (1.58ns)   --->   "%store_ln30 = store i32 %g_V_1_load_1, i32 %h_val_V_1" [sha256.cpp:30]   --->   Operation 126 'store' 'store_ln30' <Predicate = (!icmp_ln30)> <Delay = 1.58>
ST_2 : Operation 127 [1/1] (1.58ns)   --->   "%store_ln30 = store i32 %g_V, i32 %h_val_V" [sha256.cpp:30]   --->   Operation 127 'store' 'store_ln30' <Predicate = (!icmp_ln30)> <Delay = 1.58>
ST_2 : Operation 128 [1/1] (1.58ns)   --->   "%store_ln30 = store i32 %e_V_2, i32 %g_V_1" [sha256.cpp:30]   --->   Operation 128 'store' 'store_ln30' <Predicate = (!icmp_ln30)> <Delay = 1.58>
ST_2 : Operation 157 [1/1] (0.00ns)   --->   "%c_V_1_load = load i32 %c_V_1"   --->   Operation 157 'load' 'c_V_1_load' <Predicate = (icmp_ln30)> <Delay = 0.00>
ST_2 : Operation 158 [1/1] (0.00ns)   --->   "%d_V_load_1 = load i32 %d_V"   --->   Operation 158 'load' 'd_V_load_1' <Predicate = (icmp_ln30)> <Delay = 0.00>
ST_2 : Operation 159 [1/1] (0.00ns)   --->   "%g_V_1_load = load i32 %g_V_1"   --->   Operation 159 'load' 'g_V_1_load' <Predicate = (icmp_ln30)> <Delay = 0.00>
ST_2 : Operation 160 [1/1] (0.00ns)   --->   "%h_val_V_load_1 = load i32 %h_val_V"   --->   Operation 160 'load' 'h_val_V_load_1' <Predicate = (icmp_ln30)> <Delay = 0.00>
ST_2 : Operation 161 [1/1] (0.00ns)   --->   "%write_ln0 = write void @_ssdm_op_Write.ap_auto.i32P0A, i32 %h_val_V_out, i32 %h_val_V_load_1"   --->   Operation 161 'write' 'write_ln0' <Predicate = (icmp_ln30)> <Delay = 0.00>
ST_2 : Operation 162 [1/1] (0.00ns)   --->   "%write_ln1497 = write void @_ssdm_op_Write.ap_auto.i32P0A, i32 %g_V_out, i32 %g_V"   --->   Operation 162 'write' 'write_ln1497' <Predicate = (icmp_ln30)> <Delay = 0.00>
ST_2 : Operation 163 [1/1] (0.00ns)   --->   "%write_ln0 = write void @_ssdm_op_Write.ap_auto.i32P0A, i32 %f_V_out, i32 %g_V_1_load"   --->   Operation 163 'write' 'write_ln0' <Predicate = (icmp_ln30)> <Delay = 0.00>
ST_2 : Operation 164 [1/1] (0.00ns)   --->   "%write_ln1669 = write void @_ssdm_op_Write.ap_auto.i32P0A, i32 %e_V_2_out, i32 %e_V_2"   --->   Operation 164 'write' 'write_ln1669' <Predicate = (icmp_ln30)> <Delay = 0.00>
ST_2 : Operation 165 [1/1] (0.00ns)   --->   "%write_ln0 = write void @_ssdm_op_Write.ap_auto.i32P0A, i32 %d_V_out, i32 %d_V_load_1"   --->   Operation 165 'write' 'write_ln0' <Predicate = (icmp_ln30)> <Delay = 0.00>
ST_2 : Operation 166 [1/1] (0.00ns)   --->   "%write_ln1497 = write void @_ssdm_op_Write.ap_auto.i32P0A, i32 %c_V_out, i32 %c_V"   --->   Operation 166 'write' 'write_ln1497' <Predicate = (icmp_ln30)> <Delay = 0.00>
ST_2 : Operation 167 [1/1] (0.00ns)   --->   "%write_ln0 = write void @_ssdm_op_Write.ap_auto.i32P0A, i32 %b_V_out, i32 %c_V_1_load"   --->   Operation 167 'write' 'write_ln0' <Predicate = (icmp_ln30)> <Delay = 0.00>
ST_2 : Operation 168 [1/1] (0.00ns)   --->   "%write_ln1669 = write void @_ssdm_op_Write.ap_auto.i32P0A, i32 %a_V_2_out, i32 %a_V_2"   --->   Operation 168 'write' 'write_ln1669' <Predicate = (icmp_ln30)> <Delay = 0.00>
ST_2 : Operation 169 [1/1] (0.00ns)   --->   "%ret_ln0 = ret"   --->   Operation 169 'ret' 'ret_ln0' <Predicate = (icmp_ln30)> <Delay = 0.00>

State 3 <SV = 2> <Delay = 6.95>
ST_3 : Operation 129 [1/1] (0.00ns)   --->   "%c_V_1_load_1 = load i32 %c_V_1" [sha256.cpp:30]   --->   Operation 129 'load' 'c_V_1_load_1' <Predicate = true> <Delay = 0.00>
ST_3 : Operation 130 [1/1] (0.00ns)   --->   "%d_V_load = load i32 %d_V"   --->   Operation 130 'load' 'd_V_load' <Predicate = true> <Delay = 0.00>
ST_3 : Operation 131 [1/1] (0.00ns)   --->   "%specpipeline_ln31 = specpipeline void @_ssdm_op_SpecPipeline, i32 2, i32 0, i32 0, i32 0, void @empty_1" [sha256.cpp:31]   --->   Operation 131 'specpipeline' 'specpipeline_ln31' <Predicate = true> <Delay = 0.00>
ST_3 : Operation 132 [1/1] (0.00ns)   --->   "%specloopname_ln1669 = specloopname void @_ssdm_op_SpecLoopName, void @empty_7"   --->   Operation 132 'specloopname' 'specloopname_ln1669' <Predicate = true> <Delay = 0.00>
ST_3 : Operation 133 [1/1] (0.00ns) (grouped into LUT with out node ret_V_8)   --->   "%r_V_8 = partselect i30 @_ssdm_op_PartSelect.i30.i32.i32.i32, i32 %a_V_2, i32 2, i32 31"   --->   Operation 133 'partselect' 'r_V_8' <Predicate = true> <Delay = 0.00>
ST_3 : Operation 134 [1/1] (0.00ns) (grouped into LUT with out node ret_V_8)   --->   "%trunc_ln1669_3 = trunc i32 %a_V_2"   --->   Operation 134 'trunc' 'trunc_ln1669_3' <Predicate = true> <Delay = 0.00>
ST_3 : Operation 135 [1/1] (0.00ns) (grouped into LUT with out node ret_V_8)   --->   "%ret_V_17 = bitconcatenate i32 @_ssdm_op_BitConcatenate.i32.i2.i30, i2 %trunc_ln1669_3, i30 %r_V_8"   --->   Operation 135 'bitconcatenate' 'ret_V_17' <Predicate = true> <Delay = 0.00>
ST_3 : Operation 136 [1/1] (0.00ns) (grouped into LUT with out node ret_V_8)   --->   "%r_V_9 = partselect i19 @_ssdm_op_PartSelect.i19.i32.i32.i32, i32 %a_V_2, i32 13, i32 31"   --->   Operation 136 'partselect' 'r_V_9' <Predicate = true> <Delay = 0.00>
ST_3 : Operation 137 [1/1] (0.00ns) (grouped into LUT with out node ret_V_8)   --->   "%trunc_ln1669_4 = trunc i32 %a_V_2"   --->   Operation 137 'trunc' 'trunc_ln1669_4' <Predicate = true> <Delay = 0.00>
ST_3 : Operation 138 [1/1] (0.00ns) (grouped into LUT with out node ret_V_8)   --->   "%ret_V_18 = bitconcatenate i32 @_ssdm_op_BitConcatenate.i32.i13.i19, i13 %trunc_ln1669_4, i19 %r_V_9"   --->   Operation 138 'bitconcatenate' 'ret_V_18' <Predicate = true> <Delay = 0.00>
ST_3 : Operation 139 [1/1] (0.00ns) (grouped into LUT with out node ret_V_8)   --->   "%r_V_s = partselect i10 @_ssdm_op_PartSelect.i10.i32.i32.i32, i32 %a_V_2, i32 22, i32 31"   --->   Operation 139 'partselect' 'r_V_s' <Predicate = true> <Delay = 0.00>
ST_3 : Operation 140 [1/1] (0.00ns) (grouped into LUT with out node ret_V_8)   --->   "%trunc_ln1669_5 = trunc i32 %a_V_2"   --->   Operation 140 'trunc' 'trunc_ln1669_5' <Predicate = true> <Delay = 0.00>
ST_3 : Operation 141 [1/1] (0.00ns) (grouped into LUT with out node ret_V_8)   --->   "%ret_V_19 = bitconcatenate i32 @_ssdm_op_BitConcatenate.i32.i22.i10, i22 %trunc_ln1669_5, i10 %r_V_s"   --->   Operation 141 'bitconcatenate' 'ret_V_19' <Predicate = true> <Delay = 0.00>
ST_3 : Operation 142 [1/1] (0.00ns) (grouped into LUT with out node ret_V_8)   --->   "%xor_ln1499_3 = xor i32 %ret_V_17, i32 %ret_V_18"   --->   Operation 142 'xor' 'xor_ln1499_3' <Predicate = true> <Delay = 0.00> <CoreInst = "LogicGate">   --->   Core 74 'LogicGate' <Latency = 0> <II = 1> <Delay = 0.99> <FuncUnit> <Opcode : 'and' 'or' 'xor'> <InPorts = 2> <OutPorts = 1>
ST_3 : Operation 143 [1/1] (0.99ns) (out node of the LUT)   --->   "%ret_V_8 = xor i32 %xor_ln1499_3, i32 %ret_V_19"   --->   Operation 143 'xor' 'ret_V_8' <Predicate = true> <Delay = 0.99> <CoreInst = "LogicGate">   --->   Core 74 'LogicGate' <Latency = 0> <II = 1> <Delay = 0.99> <FuncUnit> <Opcode : 'and' 'or' 'xor'> <InPorts = 2> <OutPorts = 1>
ST_3 : Operation 144 [1/1] (0.00ns) (grouped into LUT with out node ret_V_11)   --->   "%xor_ln1499_5 = xor i32 %c_V_1_load_1, i32 %c_V"   --->   Operation 144 'xor' 'xor_ln1499_5' <Predicate = true> <Delay = 0.00> <CoreInst = "LogicGate">   --->   Core 74 'LogicGate' <Latency = 0> <II = 1> <Delay = 0.99> <FuncUnit> <Opcode : 'and' 'or' 'xor'> <InPorts = 2> <OutPorts = 1>
ST_3 : Operation 145 [1/1] (0.00ns) (grouped into LUT with out node ret_V_11)   --->   "%ret_V_20 = and i32 %a_V_2, i32 %xor_ln1499_5"   --->   Operation 145 'and' 'ret_V_20' <Predicate = true> <Delay = 0.00> <CoreInst = "LogicGate">   --->   Core 74 'LogicGate' <Latency = 0> <II = 1> <Delay = 0.99> <FuncUnit> <Opcode : 'and' 'or' 'xor'> <InPorts = 2> <OutPorts = 1>
ST_3 : Operation 146 [1/1] (0.00ns) (grouped into LUT with out node ret_V_11)   --->   "%ret_V_21 = and i32 %c_V_1_load_1, i32 %c_V"   --->   Operation 146 'and' 'ret_V_21' <Predicate = true> <Delay = 0.00> <CoreInst = "LogicGate">   --->   Core 74 'LogicGate' <Latency = 0> <II = 1> <Delay = 0.99> <FuncUnit> <Opcode : 'and' 'or' 'xor'> <InPorts = 2> <OutPorts = 1>
ST_3 : Operation 147 [1/1] (0.99ns) (out node of the LUT)   --->   "%ret_V_11 = xor i32 %ret_V_20, i32 %ret_V_21"   --->   Operation 147 'xor' 'ret_V_11' <Predicate = true> <Delay = 0.99> <CoreInst = "LogicGate">   --->   Core 74 'LogicGate' <Latency = 0> <II = 1> <Delay = 0.99> <FuncUnit> <Opcode : 'and' 'or' 'xor'> <InPorts = 2> <OutPorts = 1>
ST_3 : Operation 148 [1/1] (2.55ns)   --->   "%e_V = add i32 %t1_V, i32 %d_V_load"   --->   Operation 148 'add' 'e_V' <Predicate = true> <Delay = 2.55> <CoreInst = "Adder">   --->   Core 1 'Adder' <Latency = 0> <II = 1> <Delay = 2.55> <FuncUnit> <Opcode : 'add' 'sub'> <InPorts = 2> <OutPorts = 1>
ST_3 : Operation 149 [1/1] (0.00ns) (grouped into TernaryAdder)   --->   "%add_ln186_5 = add i32 %t1_V, i32 %ret_V_11"   --->   Operation 149 'add' 'add_ln186_5' <Predicate = true> <Delay = 0.00> <CoreInst = "TAddSub">   --->   Core 10 'TAddSub' <Latency = 0> <II = 1> <Delay = 2.18> <IPBlock> <Opcode : 'add' 'sub'> <InPorts = 3> <OutPorts = 1> <Sync> <CReg>
ST_3 : Operation 150 [1/1] (4.37ns) (root node of TernaryAdder)   --->   "%a_V = add i32 %add_ln186_5, i32 %ret_V_8"   --->   Operation 150 'add' 'a_V' <Predicate = true> <Delay = 4.37> <CoreInst = "TAddSub">   --->   Core 10 'TAddSub' <Latency = 0> <II = 1> <Delay = 2.18> <IPBlock> <Opcode : 'add' 'sub'> <InPorts = 3> <OutPorts = 1> <Sync> <CReg>
ST_3 : Operation 151 [1/1] (1.58ns)   --->   "%store_ln30 = store i32 %e_V, i32 %f_V" [sha256.cpp:30]   --->   Operation 151 'store' 'store_ln30' <Predicate = true> <Delay = 1.58>
ST_3 : Operation 152 [1/1] (1.58ns)   --->   "%store_ln30 = store i32 %c_V_1_load_1, i32 %d_V_1" [sha256.cpp:30]   --->   Operation 152 'store' 'store_ln30' <Predicate = true> <Delay = 1.58>
ST_3 : Operation 153 [1/1] (1.58ns)   --->   "%store_ln30 = store i32 %a_V, i32 %b_V" [sha256.cpp:30]   --->   Operation 153 'store' 'store_ln30' <Predicate = true> <Delay = 1.58>
ST_3 : Operation 154 [1/1] (1.58ns)   --->   "%store_ln30 = store i32 %c_V, i32 %d_V" [sha256.cpp:30]   --->   Operation 154 'store' 'store_ln30' <Predicate = true> <Delay = 1.58>
ST_3 : Operation 155 [1/1] (1.58ns)   --->   "%store_ln30 = store i32 %a_V_2, i32 %c_V_1" [sha256.cpp:30]   --->   Operation 155 'store' 'store_ln30' <Predicate = true> <Delay = 1.58>
ST_3 : Operation 156 [1/1] (0.00ns)   --->   "%br_ln30 = br void %for.inc133" [sha256.cpp:30]   --->   Operation 156 'br' 'br_ln30' <Predicate = true> <Delay = 0.00>


============================================================
+ Verbose Summary: Timing violations
============================================================
Target clock period: 15ns, clock uncertainty: 4.05ns.

 <State 1>: 3.46ns
The critical path consists of the following:
	'alloca' operation ('i') [79]  (0 ns)
	'load' operation ('i') on local variable 'i' [159]  (0 ns)
	'add' operation ('add_ln30', sha256.cpp:30) [165]  (1.87 ns)
	'store' operation ('store_ln30', sha256.cpp:30) of variable 'add_ln30', sha256.cpp:30 on local variable 'i' [219]  (1.59 ns)

 <State 2>: 9.74ns
The critical path consists of the following:
	'load' operation ('e.V') on local variable 'f.V' [161]  (0 ns)
	'xor' operation ('ret.V') [185]  (0.993 ns)
	'add' operation ('add_ln186_2') [196]  (4.37 ns)
	'add' operation ('t1.V') [197]  (4.37 ns)

 <State 3>: 6.95ns
The critical path consists of the following:
	'load' operation ('c_V_1_load_1', sha256.cpp:30) on local variable 'c.V' [168]  (0 ns)
	'and' operation ('ret.V') [211]  (0 ns)
	'xor' operation ('ret.V') [212]  (0.993 ns)
	'add' operation ('add_ln186_5') [214]  (0 ns)
	'add' operation ('a.V') [215]  (4.37 ns)
	'store' operation ('store_ln30', sha256.cpp:30) of variable 'a.V' on local variable 'b.V' [221]  (1.59 ns)


============================================================
+ Verbose Summary: Binding
============================================================
N/A
* FSMD analyzer results:
  - Output states:
 - Input state : 
  - Chain level:
	State 1
	State 2
	State 3


============================================================
+ Verbose Summary: Datapath Resource usage 
============================================================
N/A
