

================================================================
== Vitis HLS Report for 'sha256_acc_Pipeline_VITIS_LOOP_15_1'
================================================================
* Date:           Tue Jan 27 00:56:51 2026

* Version:        2022.2 (Build 3670227 on Oct 13 2022)
* Project:        Blockchain_hardware_accelratoin
* Solution:       solution1 (Vivado IP Flow Target)
* Product family: zynq
* Target device:  xc7z020-clg400-1


================================================================
== Performance Estimates
================================================================
+ Timing: 
    * Summary: 
    +--------+----------+----------+------------+
    |  Clock |  Target  | Estimated| Uncertainty|
    +--------+----------+----------+------------+
    |ap_clk  |  15.00 ns|  3.368 ns|     4.05 ns|
    +--------+----------+----------+------------+

+ Latency: 
    * Summary: 
    +---------+---------+----------+----------+-----+-----+---------+
    |  Latency (cycles) |  Latency (absolute) |  Interval | Pipeline|
    |   min   |   max   |    min   |    max   | min | max |   Type  |
    +---------+---------+----------+----------+-----+-----+---------+
    |       18|       18|  0.270 us|  0.270 us|   18|   18|       no|
    +---------+---------+----------+----------+-----+-----+---------+

    + Detail: 
        * Instance: 
        N/A

        * Loop: 
        +-------------------+---------+---------+----------+-----------+-----------+------+----------+
        |                   |  Latency (cycles) | Iteration|  Initiation Interval  | Trip |          |
        |     Loop Name     |   min   |   max   |  Latency |  achieved |   target  | Count| Pipelined|
        +-------------------+---------+---------+----------+-----------+-----------+------+----------+
        |- VITIS_LOOP_15_1  |       16|       16|         1|          1|          1|    16|       yes|
        +-------------------+---------+---------+----------+-----------+-----------+------+----------+

============================================================
+ Verbose Summary: Synthesis Manager
============================================================
InlineROM: 1
ExposeGlobal: 0
============================================================
+ Verbose Summary: CDFG Model
============================================================
IsTopModel: 0
ResetActiveHigh: 1
IsCombinational: 0
IsDatapathOnly: 0
HasWiredReturn: 1
HasMFsm: 2
HasVarLatency: 1
IsPipeline: 0
IsRtlPipelined: 0
IsInstanceOverlapped: 0
IsDontTouch: 0
HasImplIP: 0
IsGatedGlobalClock: 0

+ Individual pipeline summary: 
  * Pipeline-0: initiation interval (II) = 1, depth = 1


============================================================
+ Verbose Summary: Schedule
============================================================
* Number of FSM states : 1
* Pipeline : 1
  Pipeline-0 : II = 1, D = 1, States = { 1 }
* Dataflow Pipeline: 0

* FSM state transitions: 
1 --> 

* FSM state operations: 

State 1 <SV = 0> <Delay = 3.36>
ST_1 : Operation 4 [1/1] (0.00ns)   --->   "%i = alloca i32 1"   --->   Operation 4 'alloca' 'i' <Predicate = true> <Delay = 0.00>
ST_1 : Operation 5 [1/1] (0.00ns)   --->   "%w_V = alloca i32 1"   --->   Operation 5 'alloca' 'w_V' <Predicate = true> <Delay = 0.00>
ST_1 : Operation 6 [1/1] (0.00ns)   --->   "%w_V_1 = alloca i32 1"   --->   Operation 6 'alloca' 'w_V_1' <Predicate = true> <Delay = 0.00>
ST_1 : Operation 7 [1/1] (0.00ns)   --->   "%w_V_2 = alloca i32 1"   --->   Operation 7 'alloca' 'w_V_2' <Predicate = true> <Delay = 0.00>
ST_1 : Operation 8 [1/1] (0.00ns)   --->   "%w_V_3 = alloca i32 1"   --->   Operation 8 'alloca' 'w_V_3' <Predicate = true> <Delay = 0.00>
ST_1 : Operation 9 [1/1] (0.00ns)   --->   "%w_V_4 = alloca i32 1"   --->   Operation 9 'alloca' 'w_V_4' <Predicate = true> <Delay = 0.00>
ST_1 : Operation 10 [1/1] (0.00ns)   --->   "%w_V_5 = alloca i32 1"   --->   Operation 10 'alloca' 'w_V_5' <Predicate = true> <Delay = 0.00>
ST_1 : Operation 11 [1/1] (0.00ns)   --->   "%w_V_6 = alloca i32 1"   --->   Operation 11 'alloca' 'w_V_6' <Predicate = true> <Delay = 0.00>
ST_1 : Operation 12 [1/1] (0.00ns)   --->   "%w_V_7 = alloca i32 1"   --->   Operation 12 'alloca' 'w_V_7' <Predicate = true> <Delay = 0.00>
ST_1 : Operation 13 [1/1] (0.00ns)   --->   "%w_V_8 = alloca i32 1"   --->   Operation 13 'alloca' 'w_V_8' <Predicate = true> <Delay = 0.00>
ST_1 : Operation 14 [1/1] (0.00ns)   --->   "%w_V_9 = alloca i32 1"   --->   Operation 14 'alloca' 'w_V_9' <Predicate = true> <Delay = 0.00>
ST_1 : Operation 15 [1/1] (0.00ns)   --->   "%w_V_10 = alloca i32 1"   --->   Operation 15 'alloca' 'w_V_10' <Predicate = true> <Delay = 0.00>
ST_1 : Operation 16 [1/1] (0.00ns)   --->   "%w_V_11 = alloca i32 1"   --->   Operation 16 'alloca' 'w_V_11' <Predicate = true> <Delay = 0.00>
ST_1 : Operation 17 [1/1] (0.00ns)   --->   "%w_V_12 = alloca i32 1"   --->   Operation 17 'alloca' 'w_V_12' <Predicate = true> <Delay = 0.00>
ST_1 : Operation 18 [1/1] (0.00ns)   --->   "%w_V_13 = alloca i32 1"   --->   Operation 18 'alloca' 'w_V_13' <Predicate = true> <Delay = 0.00>
ST_1 : Operation 19 [1/1] (0.00ns)   --->   "%w_V_14 = alloca i32 1"   --->   Operation 19 'alloca' 'w_V_14' <Predicate = true> <Delay = 0.00>
ST_1 : Operation 20 [1/1] (0.00ns)   --->   "%w_V_15 = alloca i32 1"   --->   Operation 20 'alloca' 'w_V_15' <Predicate = true> <Delay = 0.00>
ST_1 : Operation 21 [1/1] (0.00ns)   --->   "%specinterface_ln0 = specinterface void @_ssdm_op_SpecInterface, i32 %in_stream, void @empty, i32 0, i32 0, void @empty_0, i32 0, i32 0, void @empty_1, void @empty_1, void @empty_1, i32 0, i32 0, i32 0, i32 0, void @empty_1, void @empty_1, i32 4294967295, i32 0"   --->   Operation 21 'specinterface' 'specinterface_ln0' <Predicate = true> <Delay = 0.00>
ST_1 : Operation 22 [1/1] (1.58ns)   --->   "%store_ln0 = store i5 0, i5 %i"   --->   Operation 22 'store' 'store_ln0' <Predicate = true> <Delay = 1.58>
ST_1 : Operation 23 [1/1] (0.00ns)   --->   "%br_ln0 = br void %for.inc"   --->   Operation 23 'br' 'br_ln0' <Predicate = true> <Delay = 0.00>
ST_1 : Operation 24 [1/1] (0.00ns)   --->   "%i_2 = load i5 %i" [sha256.cpp:17]   --->   Operation 24 'load' 'i_2' <Predicate = true> <Delay = 0.00>
ST_1 : Operation 25 [1/1] (1.36ns)   --->   "%icmp_ln15 = icmp_eq  i5 %i_2, i5 16" [sha256.cpp:15]   --->   Operation 25 'icmp' 'icmp_ln15' <Predicate = true> <Delay = 1.36> <CoreInst = "Cmp">   --->   Core 9 'Cmp' <Latency = 0> <II = 1> <Delay = 1.36> <FuncUnit> <Opcode : 'icmp'> <InPorts = 2> <OutPorts = 1>
ST_1 : Operation 26 [1/1] (0.00ns)   --->   "%empty = speclooptripcount i32 @_ssdm_op_SpecLoopTripCount, i64 16, i64 16, i64 16"   --->   Operation 26 'speclooptripcount' 'empty' <Predicate = true> <Delay = 0.00>
ST_1 : Operation 27 [1/1] (1.78ns)   --->   "%add_ln15 = add i5 %i_2, i5 1" [sha256.cpp:15]   --->   Operation 27 'add' 'add_ln15' <Predicate = true> <Delay = 1.78> <CoreInst = "Adder">   --->   Core 1 'Adder' <Latency = 0> <II = 1> <Delay = 1.78> <FuncUnit> <Opcode : 'add' 'sub'> <InPorts = 2> <OutPorts = 1>
ST_1 : Operation 28 [1/1] (0.00ns)   --->   "%br_ln15 = br i1 %icmp_ln15, void %for.inc.split, void %for.inc73.preheader.exitStub" [sha256.cpp:15]   --->   Operation 28 'br' 'br_ln15' <Predicate = true> <Delay = 0.00>
ST_1 : Operation 29 [1/1] (0.00ns)   --->   "%specpipeline_ln16 = specpipeline void @_ssdm_op_SpecPipeline, i32 1, i32 0, i32 0, i32 0, void @empty_1" [sha256.cpp:16]   --->   Operation 29 'specpipeline' 'specpipeline_ln16' <Predicate = (!icmp_ln15)> <Delay = 0.00>
ST_1 : Operation 30 [1/1] (0.00ns)   --->   "%specloopname_ln8 = specloopname void @_ssdm_op_SpecLoopName, void @empty_9" [sha256.cpp:8]   --->   Operation 30 'specloopname' 'specloopname_ln8' <Predicate = (!icmp_ln15)> <Delay = 0.00>
ST_1 : Operation 31 [1/1] (0.00ns)   --->   "%w_V_49 = read i32 @_ssdm_op_Read.axis.volatile.i32P128A, i32 %in_stream" [sha256.cpp:17]   --->   Operation 31 'read' 'w_V_49' <Predicate = (!icmp_ln15)> <Delay = 0.00> <CoreInst = "axis">   --->   Core 115 'axis' <Latency = 0> <II = 1> <Delay = 1.00> <Adapter> <Opcode : >
ST_1 : Operation 32 [1/1] (0.00ns)   --->   "%trunc_ln17 = trunc i5 %i_2" [sha256.cpp:17]   --->   Operation 32 'trunc' 'trunc_ln17' <Predicate = (!icmp_ln15)> <Delay = 0.00>
ST_1 : Operation 33 [1/1] (0.95ns)   --->   "%switch_ln17 = switch i4 %trunc_ln17, void %arrayidx.case.15, i4 0, void %for.inc.split.arrayidx.exit_crit_edge1, i4 1, void %arrayidx.case.1, i4 2, void %arrayidx.case.2, i4 3, void %arrayidx.case.3, i4 4, void %arrayidx.case.4, i4 5, void %arrayidx.case.5, i4 6, void %arrayidx.case.6, i4 7, void %arrayidx.case.7, i4 8, void %arrayidx.case.8, i4 9, void %arrayidx.case.9, i4 10, void %arrayidx.case.10, i4 11, void %arrayidx.case.11, i4 12, void %arrayidx.case.12, i4 13, void %arrayidx.case.13, i4 14, void %for.inc.split.arrayidx.exit_crit_edge" [sha256.cpp:17]   --->   Operation 33 'switch' 'switch_ln17' <Predicate = (!icmp_ln15)> <Delay = 0.95>
ST_1 : Operation 34 [1/1] (0.00ns)   --->   "%store_ln17 = store i32 %w_V_49, i32 %w_V_14" [sha256.cpp:17]   --->   Operation 34 'store' 'store_ln17' <Predicate = (!icmp_ln15 & trunc_ln17 == 14)> <Delay = 0.00>
ST_1 : Operation 35 [1/1] (0.00ns)   --->   "%br_ln17 = br void %arrayidx.exit" [sha256.cpp:17]   --->   Operation 35 'br' 'br_ln17' <Predicate = (!icmp_ln15 & trunc_ln17 == 14)> <Delay = 0.00>
ST_1 : Operation 36 [1/1] (0.00ns)   --->   "%store_ln17 = store i32 %w_V_49, i32 %w_V_13" [sha256.cpp:17]   --->   Operation 36 'store' 'store_ln17' <Predicate = (!icmp_ln15 & trunc_ln17 == 13)> <Delay = 0.00>
ST_1 : Operation 37 [1/1] (0.00ns)   --->   "%br_ln17 = br void %arrayidx.exit" [sha256.cpp:17]   --->   Operation 37 'br' 'br_ln17' <Predicate = (!icmp_ln15 & trunc_ln17 == 13)> <Delay = 0.00>
ST_1 : Operation 38 [1/1] (0.00ns)   --->   "%store_ln17 = store i32 %w_V_49, i32 %w_V_12" [sha256.cpp:17]   --->   Operation 38 'store' 'store_ln17' <Predicate = (!icmp_ln15 & trunc_ln17 == 12)> <Delay = 0.00>
ST_1 : Operation 39 [1/1] (0.00ns)   --->   "%br_ln17 = br void %arrayidx.exit" [sha256.cpp:17]   --->   Operation 39 'br' 'br_ln17' <Predicate = (!icmp_ln15 & trunc_ln17 == 12)> <Delay = 0.00>
ST_1 : Operation 40 [1/1] (0.00ns)   --->   "%store_ln17 = store i32 %w_V_49, i32 %w_V_11" [sha256.cpp:17]   --->   Operation 40 'store' 'store_ln17' <Predicate = (!icmp_ln15 & trunc_ln17 == 11)> <Delay = 0.00>
ST_1 : Operation 41 [1/1] (0.00ns)   --->   "%br_ln17 = br void %arrayidx.exit" [sha256.cpp:17]   --->   Operation 41 'br' 'br_ln17' <Predicate = (!icmp_ln15 & trunc_ln17 == 11)> <Delay = 0.00>
ST_1 : Operation 42 [1/1] (0.00ns)   --->   "%store_ln17 = store i32 %w_V_49, i32 %w_V_10" [sha256.cpp:17]   --->   Operation 42 'store' 'store_ln17' <Predicate = (!icmp_ln15 & trunc_ln17 == 10)> <Delay = 0.00>
ST_1 : Operation 43 [1/1] (0.00ns)   --->   "%br_ln17 = br void %arrayidx.exit" [sha256.cpp:17]   --->   Operation 43 'br' 'br_ln17' <Predicate = (!icmp_ln15 & trunc_ln17 == 10)> <Delay = 0.00>
ST_1 : Operation 44 [1/1] (0.00ns)   --->   "%store_ln17 = store i32 %w_V_49, i32 %w_V_9" [sha256.cpp:17]   --->   Operation 44 'store' 'store_ln17' <Predicate = (!icmp_ln15 & trunc_ln17 == 9)> <Delay = 0.00>
ST_1 : Operation 45 [1/1] (0.00ns)   --->   "%br_ln17 = br void %arrayidx.exit" [sha256.cpp:17]   --->   Operation 45 'br' 'br_ln17' <Predicate = (!icmp_ln15 & trunc_ln17 == 9)> <Delay = 0.00>
ST_1 : Operation 46 [1/1] (0.00ns)   --->   "%store_ln17 = store i32 %w_V_49, i32 %w_V_8" [sha256.cpp:17]   --->   Operation 46 'store' 'store_ln17' <Predicate = (!icmp_ln15 & trunc_ln17 == 8)> <Delay = 0.00>
ST_1 : Operation 47 [1/1] (0.00ns)   --->   "%br_ln17 = br void %arrayidx.exit" [sha256.cpp:17]   --->   Operation 47 'br' 'br_ln17' <Predicate = (!icmp_ln15 & trunc_ln17 == 8)> <Delay = 0.00>
ST_1 : Operation 48 [1/1] (0.00ns)   --->   "%store_ln17 = store i32 %w_V_49, i32 %w_V_7" [sha256.cpp:17]   --->   Operation 48 'store' 'store_ln17' <Predicate = (!icmp_ln15 & trunc_ln17 == 7)> <Delay = 0.00>
ST_1 : Operation 49 [1/1] (0.00ns)   --->   "%br_ln17 = br void %arrayidx.exit" [sha256.cpp:17]   --->   Operation 49 'br' 'br_ln17' <Predicate = (!icmp_ln15 & trunc_ln17 == 7)> <Delay = 0.00>
ST_1 : Operation 50 [1/1] (0.00ns)   --->   "%store_ln17 = store i32 %w_V_49, i32 %w_V_6" [sha256.cpp:17]   --->   Operation 50 'store' 'store_ln17' <Predicate = (!icmp_ln15 & trunc_ln17 == 6)> <Delay = 0.00>
ST_1 : Operation 51 [1/1] (0.00ns)   --->   "%br_ln17 = br void %arrayidx.exit" [sha256.cpp:17]   --->   Operation 51 'br' 'br_ln17' <Predicate = (!icmp_ln15 & trunc_ln17 == 6)> <Delay = 0.00>
ST_1 : Operation 52 [1/1] (0.00ns)   --->   "%store_ln17 = store i32 %w_V_49, i32 %w_V_5" [sha256.cpp:17]   --->   Operation 52 'store' 'store_ln17' <Predicate = (!icmp_ln15 & trunc_ln17 == 5)> <Delay = 0.00>
ST_1 : Operation 53 [1/1] (0.00ns)   --->   "%br_ln17 = br void %arrayidx.exit" [sha256.cpp:17]   --->   Operation 53 'br' 'br_ln17' <Predicate = (!icmp_ln15 & trunc_ln17 == 5)> <Delay = 0.00>
ST_1 : Operation 54 [1/1] (0.00ns)   --->   "%store_ln17 = store i32 %w_V_49, i32 %w_V_4" [sha256.cpp:17]   --->   Operation 54 'store' 'store_ln17' <Predicate = (!icmp_ln15 & trunc_ln17 == 4)> <Delay = 0.00>
ST_1 : Operation 55 [1/1] (0.00ns)   --->   "%br_ln17 = br void %arrayidx.exit" [sha256.cpp:17]   --->   Operation 55 'br' 'br_ln17' <Predicate = (!icmp_ln15 & trunc_ln17 == 4)> <Delay = 0.00>
ST_1 : Operation 56 [1/1] (0.00ns)   --->   "%store_ln17 = store i32 %w_V_49, i32 %w_V_3" [sha256.cpp:17]   --->   Operation 56 'store' 'store_ln17' <Predicate = (!icmp_ln15 & trunc_ln17 == 3)> <Delay = 0.00>
ST_1 : Operation 57 [1/1] (0.00ns)   --->   "%br_ln17 = br void %arrayidx.exit" [sha256.cpp:17]   --->   Operation 57 'br' 'br_ln17' <Predicate = (!icmp_ln15 & trunc_ln17 == 3)> <Delay = 0.00>
ST_1 : Operation 58 [1/1] (0.00ns)   --->   "%store_ln17 = store i32 %w_V_49, i32 %w_V_2" [sha256.cpp:17]   --->   Operation 58 'store' 'store_ln17' <Predicate = (!icmp_ln15 & trunc_ln17 == 2)> <Delay = 0.00>
ST_1 : Operation 59 [1/1] (0.00ns)   --->   "%br_ln17 = br void %arrayidx.exit" [sha256.cpp:17]   --->   Operation 59 'br' 'br_ln17' <Predicate = (!icmp_ln15 & trunc_ln17 == 2)> <Delay = 0.00>
ST_1 : Operation 60 [1/1] (0.00ns)   --->   "%store_ln17 = store i32 %w_V_49, i32 %w_V_1" [sha256.cpp:17]   --->   Operation 60 'store' 'store_ln17' <Predicate = (!icmp_ln15 & trunc_ln17 == 1)> <Delay = 0.00>
ST_1 : Operation 61 [1/1] (0.00ns)   --->   "%br_ln17 = br void %arrayidx.exit" [sha256.cpp:17]   --->   Operation 61 'br' 'br_ln17' <Predicate = (!icmp_ln15 & trunc_ln17 == 1)> <Delay = 0.00>
ST_1 : Operation 62 [1/1] (0.00ns)   --->   "%store_ln17 = store i32 %w_V_49, i32 %w_V" [sha256.cpp:17]   --->   Operation 62 'store' 'store_ln17' <Predicate = (!icmp_ln15 & trunc_ln17 == 0)> <Delay = 0.00>
ST_1 : Operation 63 [1/1] (0.00ns)   --->   "%br_ln17 = br void %arrayidx.exit" [sha256.cpp:17]   --->   Operation 63 'br' 'br_ln17' <Predicate = (!icmp_ln15 & trunc_ln17 == 0)> <Delay = 0.00>
ST_1 : Operation 64 [1/1] (0.00ns)   --->   "%store_ln17 = store i32 %w_V_49, i32 %w_V_15" [sha256.cpp:17]   --->   Operation 64 'store' 'store_ln17' <Predicate = (!icmp_ln15 & trunc_ln17 == 15)> <Delay = 0.00>
ST_1 : Operation 65 [1/1] (0.00ns)   --->   "%br_ln17 = br void %arrayidx.exit" [sha256.cpp:17]   --->   Operation 65 'br' 'br_ln17' <Predicate = (!icmp_ln15 & trunc_ln17 == 15)> <Delay = 0.00>
ST_1 : Operation 66 [1/1] (1.58ns)   --->   "%store_ln15 = store i5 %add_ln15, i5 %i" [sha256.cpp:15]   --->   Operation 66 'store' 'store_ln15' <Predicate = (!icmp_ln15)> <Delay = 1.58>
ST_1 : Operation 67 [1/1] (0.00ns)   --->   "%br_ln15 = br void %for.inc" [sha256.cpp:15]   --->   Operation 67 'br' 'br_ln15' <Predicate = (!icmp_ln15)> <Delay = 0.00>
ST_1 : Operation 68 [1/1] (0.00ns)   --->   "%w_V_load = load i32 %w_V"   --->   Operation 68 'load' 'w_V_load' <Predicate = (icmp_ln15)> <Delay = 0.00>
ST_1 : Operation 69 [1/1] (0.00ns)   --->   "%w_V_1_load = load i32 %w_V_1"   --->   Operation 69 'load' 'w_V_1_load' <Predicate = (icmp_ln15)> <Delay = 0.00>
ST_1 : Operation 70 [1/1] (0.00ns)   --->   "%w_V_2_load = load i32 %w_V_2"   --->   Operation 70 'load' 'w_V_2_load' <Predicate = (icmp_ln15)> <Delay = 0.00>
ST_1 : Operation 71 [1/1] (0.00ns)   --->   "%w_V_3_load = load i32 %w_V_3"   --->   Operation 71 'load' 'w_V_3_load' <Predicate = (icmp_ln15)> <Delay = 0.00>
ST_1 : Operation 72 [1/1] (0.00ns)   --->   "%w_V_4_load = load i32 %w_V_4"   --->   Operation 72 'load' 'w_V_4_load' <Predicate = (icmp_ln15)> <Delay = 0.00>
ST_1 : Operation 73 [1/1] (0.00ns)   --->   "%w_V_5_load = load i32 %w_V_5"   --->   Operation 73 'load' 'w_V_5_load' <Predicate = (icmp_ln15)> <Delay = 0.00>
ST_1 : Operation 74 [1/1] (0.00ns)   --->   "%w_V_6_load = load i32 %w_V_6"   --->   Operation 74 'load' 'w_V_6_load' <Predicate = (icmp_ln15)> <Delay = 0.00>
ST_1 : Operation 75 [1/1] (0.00ns)   --->   "%w_V_7_load = load i32 %w_V_7"   --->   Operation 75 'load' 'w_V_7_load' <Predicate = (icmp_ln15)> <Delay = 0.00>
ST_1 : Operation 76 [1/1] (0.00ns)   --->   "%w_V_8_load = load i32 %w_V_8"   --->   Operation 76 'load' 'w_V_8_load' <Predicate = (icmp_ln15)> <Delay = 0.00>
ST_1 : Operation 77 [1/1] (0.00ns)   --->   "%w_V_9_load = load i32 %w_V_9"   --->   Operation 77 'load' 'w_V_9_load' <Predicate = (icmp_ln15)> <Delay = 0.00>
ST_1 : Operation 78 [1/1] (0.00ns)   --->   "%w_V_10_load = load i32 %w_V_10"   --->   Operation 78 'load' 'w_V_10_load' <Predicate = (icmp_ln15)> <Delay = 0.00>
ST_1 : Operation 79 [1/1] (0.00ns)   --->   "%w_V_11_load = load i32 %w_V_11"   --->   Operation 79 'load' 'w_V_11_load' <Predicate = (icmp_ln15)> <Delay = 0.00>
ST_1 : Operation 80 [1/1] (0.00ns)   --->   "%w_V_12_load = load i32 %w_V_12"   --->   Operation 80 'load' 'w_V_12_load' <Predicate = (icmp_ln15)> <Delay = 0.00>
ST_1 : Operation 81 [1/1] (0.00ns)   --->   "%w_V_13_load = load i32 %w_V_13"   --->   Operation 81 'load' 'w_V_13_load' <Predicate = (icmp_ln15)> <Delay = 0.00>
ST_1 : Operation 82 [1/1] (0.00ns)   --->   "%w_V_14_load = load i32 %w_V_14"   --->   Operation 82 'load' 'w_V_14_load' <Predicate = (icmp_ln15)> <Delay = 0.00>
ST_1 : Operation 83 [1/1] (0.00ns)   --->   "%w_V_15_load = load i32 %w_V_15"   --->   Operation 83 'load' 'w_V_15_load' <Predicate = (icmp_ln15)> <Delay = 0.00>
ST_1 : Operation 84 [1/1] (0.00ns)   --->   "%write_ln0 = write void @_ssdm_op_Write.ap_auto.i32P0A, i32 %w_V_15_out, i32 %w_V_15_load"   --->   Operation 84 'write' 'write_ln0' <Predicate = (icmp_ln15)> <Delay = 0.00>
ST_1 : Operation 85 [1/1] (0.00ns)   --->   "%write_ln0 = write void @_ssdm_op_Write.ap_auto.i32P0A, i32 %w_V_14_out, i32 %w_V_14_load"   --->   Operation 85 'write' 'write_ln0' <Predicate = (icmp_ln15)> <Delay = 0.00>
ST_1 : Operation 86 [1/1] (0.00ns)   --->   "%write_ln0 = write void @_ssdm_op_Write.ap_auto.i32P0A, i32 %w_V_13_out, i32 %w_V_13_load"   --->   Operation 86 'write' 'write_ln0' <Predicate = (icmp_ln15)> <Delay = 0.00>
ST_1 : Operation 87 [1/1] (0.00ns)   --->   "%write_ln0 = write void @_ssdm_op_Write.ap_auto.i32P0A, i32 %w_V_12_out, i32 %w_V_12_load"   --->   Operation 87 'write' 'write_ln0' <Predicate = (icmp_ln15)> <Delay = 0.00>
ST_1 : Operation 88 [1/1] (0.00ns)   --->   "%write_ln0 = write void @_ssdm_op_Write.ap_auto.i32P0A, i32 %w_V_11_out, i32 %w_V_11_load"   --->   Operation 88 'write' 'write_ln0' <Predicate = (icmp_ln15)> <Delay = 0.00>
ST_1 : Operation 89 [1/1] (0.00ns)   --->   "%write_ln0 = write void @_ssdm_op_Write.ap_auto.i32P0A, i32 %w_V_10_out, i32 %w_V_10_load"   --->   Operation 89 'write' 'write_ln0' <Predicate = (icmp_ln15)> <Delay = 0.00>
ST_1 : Operation 90 [1/1] (0.00ns)   --->   "%write_ln0 = write void @_ssdm_op_Write.ap_auto.i32P0A, i32 %w_V_9_out, i32 %w_V_9_load"   --->   Operation 90 'write' 'write_ln0' <Predicate = (icmp_ln15)> <Delay = 0.00>
ST_1 : Operation 91 [1/1] (0.00ns)   --->   "%write_ln0 = write void @_ssdm_op_Write.ap_auto.i32P0A, i32 %w_V_8_out, i32 %w_V_8_load"   --->   Operation 91 'write' 'write_ln0' <Predicate = (icmp_ln15)> <Delay = 0.00>
ST_1 : Operation 92 [1/1] (0.00ns)   --->   "%write_ln0 = write void @_ssdm_op_Write.ap_auto.i32P0A, i32 %w_V_7_out, i32 %w_V_7_load"   --->   Operation 92 'write' 'write_ln0' <Predicate = (icmp_ln15)> <Delay = 0.00>
ST_1 : Operation 93 [1/1] (0.00ns)   --->   "%write_ln0 = write void @_ssdm_op_Write.ap_auto.i32P0A, i32 %w_V_6_out, i32 %w_V_6_load"   --->   Operation 93 'write' 'write_ln0' <Predicate = (icmp_ln15)> <Delay = 0.00>
ST_1 : Operation 94 [1/1] (0.00ns)   --->   "%write_ln0 = write void @_ssdm_op_Write.ap_auto.i32P0A, i32 %w_V_5_out, i32 %w_V_5_load"   --->   Operation 94 'write' 'write_ln0' <Predicate = (icmp_ln15)> <Delay = 0.00>
ST_1 : Operation 95 [1/1] (0.00ns)   --->   "%write_ln0 = write void @_ssdm_op_Write.ap_auto.i32P0A, i32 %w_V_4_out, i32 %w_V_4_load"   --->   Operation 95 'write' 'write_ln0' <Predicate = (icmp_ln15)> <Delay = 0.00>
ST_1 : Operation 96 [1/1] (0.00ns)   --->   "%write_ln0 = write void @_ssdm_op_Write.ap_auto.i32P0A, i32 %w_V_3_out, i32 %w_V_3_load"   --->   Operation 96 'write' 'write_ln0' <Predicate = (icmp_ln15)> <Delay = 0.00>
ST_1 : Operation 97 [1/1] (0.00ns)   --->   "%write_ln0 = write void @_ssdm_op_Write.ap_auto.i32P0A, i32 %w_V_2_out, i32 %w_V_2_load"   --->   Operation 97 'write' 'write_ln0' <Predicate = (icmp_ln15)> <Delay = 0.00>
ST_1 : Operation 98 [1/1] (0.00ns)   --->   "%write_ln0 = write void @_ssdm_op_Write.ap_auto.i32P0A, i32 %w_V_1_out, i32 %w_V_1_load"   --->   Operation 98 'write' 'write_ln0' <Predicate = (icmp_ln15)> <Delay = 0.00>
ST_1 : Operation 99 [1/1] (0.00ns)   --->   "%write_ln0 = write void @_ssdm_op_Write.ap_auto.i32P0A, i32 %w_V_out, i32 %w_V_load"   --->   Operation 99 'write' 'write_ln0' <Predicate = (icmp_ln15)> <Delay = 0.00>
ST_1 : Operation 100 [1/1] (0.00ns)   --->   "%ret_ln0 = ret"   --->   Operation 100 'ret' 'ret_ln0' <Predicate = (icmp_ln15)> <Delay = 0.00>


============================================================
+ Verbose Summary: Timing violations
============================================================
Target clock period: 15ns, clock uncertainty: 4.05ns.

 <State 1>: 3.37ns
The critical path consists of the following:
	'alloca' operation ('i') [18]  (0 ns)
	'load' operation ('i', sha256.cpp:17) on local variable 'i' [39]  (0 ns)
	'add' operation ('add_ln15', sha256.cpp:15) [42]  (1.78 ns)
	'store' operation ('store_ln15', sha256.cpp:15) of variable 'add_ln15', sha256.cpp:15 on local variable 'i' [99]  (1.59 ns)


============================================================
+ Verbose Summary: Binding
============================================================
N/A
* FSMD analyzer results:
  - Output states:
 - Input state : 
  - Chain level:
	State 1


============================================================
+ Verbose Summary: Datapath Resource usage 
============================================================
N/A
